<test-run id="2" testcasecount="414" result="Passed" start-time="2026-01-10 15:15:20.935930" end-time="2026-01-10 15:15:25.852685" duration="4" total="414" passed="414" failed="0" inconclusive="0" skipped="0" asserts="0" clr-version="3.13.5 (tags/v3.13.5:6cb20a2, Jun 11 2025, 16:15:46) [MSC v.1943 64 bit (AMD64)]" engine-version="3.6.2"><command-line>C:\Users\BracklyMurunga\AppData\Local\Programs\Python\Python313\Lib\site-packages\pytest\__main__.py tests/core/ --cov=griot-core/src/griot_core --cov-report=term-missing</command-line><filter><test re="0">tests/core/</test></filter><test-suite id="tests/core/test_contract.py::TestLoadContract" name="tests/core/test_contract.py::TestLoadContract" fullname="tests/core/test_contract.py::TestLoadContract" methodname="" classname="" runstate="Runnable" type="Assembly" testcasecount="10" result="Passed" label="Tests for contract loading functions." start-time="2026-01-10 15:15:24.402023" end-time="2026-01-10 15:15:24.434869" duration="0.032846" asserts="0" total="10" passed="10" failed="0" warnings="0" inconclusive="0" skipped="0"><properties><property name="python_version" value="3.13.5 (tags/v3.13.5:6cb20a2, Jun 11 2025, 16:15:46) [MSC v.1943 64 bit (AMD64)]" /></properties><test-case id="158" name="tests/core/test_contract.py::TestLoadContract::test_load_contract_file_not_found" fullname="tests/core/test_contract.py::TestLoadContract::test_load_contract_file_not_found" methodname="test_load_contract_file_not_found" classname="TestLoadContract" runstate="Runnable" seed="1" result="Passed" label="Test that loading non-existent file raises ContractNotFoundError." start-time="2026-01-10 15:15:24.402023" end-time="2026-01-10 15:15:24.404251" duration="0.002228" asserts="0"><properties><property name="python-version" value="3.13.5 (tags/v3.13.5:6cb20a2, Jun 11 2025, 16:15:46) [MSC v.1943 64 bit (AMD64)]" /><property name="fspath" value="tests/core/test_contract.py" /></properties><environment framework-version="3.6.2" clr-version="3.13.5 (tags/v3.13.5:6cb20a2, Jun 11 2025, 16:15:46) [MSC v.1943 64 bit (AMD64)]" os-version="11" platform="Windows" cwd="C:\Users\BracklyMurunga\Desktop\AI SUNDAYS\Griot\griot\griot" machine-name="AMD64" user="" user-domain="" culture="en_US" uiculture="en_US" os-architecture="64bit" /><failure><message><![CDATA[]]></message><stack-trace><![CDATA[None]]></stack-trace></failure><reason><message><![CDATA[]]></message></reason><output><![CDATA[]]></output></test-case><test-case id="159" name="tests/core/test_contract.py::TestLoadContract::test_load_contract_from_file" fullname="tests/core/test_contract.py::TestLoadContract::test_load_contract_from_file" methodname="test_load_contract_from_file" classname="TestLoadContract" runstate="Runnable" seed="1" result="Passed" label="Test loading contract from a YAML file." start-time="2026-01-10 15:15:24.408409" end-time="2026-01-10 15:15:24.416123" duration="0.007714" asserts="0"><properties><property name="python-version" value="3.13.5 (tags/v3.13.5:6cb20a2, Jun 11 2025, 16:15:46) [MSC v.1943 64 bit (AMD64)]" /><property name="fspath" value="tests/core/test_contract.py" /></properties><environment framework-version="3.6.2" clr-version="3.13.5 (tags/v3.13.5:6cb20a2, Jun 11 2025, 16:15:46) [MSC v.1943 64 bit (AMD64)]" os-version="11" platform="Windows" cwd="C:\Users\BracklyMurunga\Desktop\AI SUNDAYS\Griot\griot\griot" machine-name="AMD64" user="" user-domain="" culture="en_US" uiculture="en_US" os-architecture="64bit" /><failure><message><![CDATA[]]></message><stack-trace><![CDATA[None]]></stack-trace></failure><reason><message><![CDATA[]]></message></reason><output><![CDATA[]]></output></test-case><test-case id="160" name="tests/core/test_contract.py::TestLoadContract::test_load_contract_from_string" fullname="tests/core/test_contract.py::TestLoadContract::test_load_contract_from_string" methodname="test_load_contract_from_string" classname="TestLoadContract" runstate="Runnable" seed="1" result="Passed" label="Test loading contract from YAML string." start-time="2026-01-10 15:15:24.417141" end-time="2026-01-10 15:15:24.418738" duration="0.001597" asserts="0"><properties><property name="python-version" value="3.13.5 (tags/v3.13.5:6cb20a2, Jun 11 2025, 16:15:46) [MSC v.1943 64 bit (AMD64)]" /><property name="fspath" value="tests/core/test_contract.py" /></properties><environment framework-version="3.6.2" clr-version="3.13.5 (tags/v3.13.5:6cb20a2, Jun 11 2025, 16:15:46) [MSC v.1943 64 bit (AMD64)]" os-version="11" platform="Windows" cwd="C:\Users\BracklyMurunga\Desktop\AI SUNDAYS\Griot\griot\griot" machine-name="AMD64" user="" user-domain="" culture="en_US" uiculture="en_US" os-architecture="64bit" /><failure><message><![CDATA[]]></message><stack-trace><![CDATA[None]]></stack-trace></failure><reason><message><![CDATA[]]></message></reason><output><![CDATA[]]></output></test-case><test-case id="161" name="tests/core/test_contract.py::TestLoadContract::test_load_contract_from_dict" fullname="tests/core/test_contract.py::TestLoadContract::test_load_contract_from_dict" methodname="test_load_contract_from_dict" classname="TestLoadContract" runstate="Runnable" seed="1" result="Passed" label="Test loading contract from dictionary." start-time="2026-01-10 15:15:24.419434" end-time="2026-01-10 15:15:24.421211" duration="0.001777" asserts="0"><properties><property name="python-version" value="3.13.5 (tags/v3.13.5:6cb20a2, Jun 11 2025, 16:15:46) [MSC v.1943 64 bit (AMD64)]" /><property name="fspath" value="tests/core/test_contract.py" /></properties><environment framework-version="3.6.2" clr-version="3.13.5 (tags/v3.13.5:6cb20a2, Jun 11 2025, 16:15:46) [MSC v.1943 64 bit (AMD64)]" os-version="11" platform="Windows" cwd="C:\Users\BracklyMurunga\Desktop\AI SUNDAYS\Griot\griot\griot" machine-name="AMD64" user="" user-domain="" culture="en_US" uiculture="en_US" os-architecture="64bit" /><failure><message><![CDATA[]]></message><stack-trace><![CDATA[None]]></stack-trace></failure><reason><message><![CDATA[]]></message></reason><output><![CDATA[]]></output></test-case><test-case id="162" name="tests/core/test_contract.py::TestLoadContract::test_load_contract_with_enum" fullname="tests/core/test_contract.py::TestLoadContract::test_load_contract_with_enum" methodname="test_load_contract_with_enum" classname="TestLoadContract" runstate="Runnable" seed="1" result="Passed" label="Test loading contract with enum constraint." start-time="2026-01-10 15:15:24.421949" end-time="2026-01-10 15:15:24.423166" duration="0.001217" asserts="0"><properties><property name="python-version" value="3.13.5 (tags/v3.13.5:6cb20a2, Jun 11 2025, 16:15:46) [MSC v.1943 64 bit (AMD64)]" /><property name="fspath" value="tests/core/test_contract.py" /></properties><environment framework-version="3.6.2" clr-version="3.13.5 (tags/v3.13.5:6cb20a2, Jun 11 2025, 16:15:46) [MSC v.1943 64 bit (AMD64)]" os-version="11" platform="Windows" cwd="C:\Users\BracklyMurunga\Desktop\AI SUNDAYS\Griot\griot\griot" machine-name="AMD64" user="" user-domain="" culture="en_US" uiculture="en_US" os-architecture="64bit" /><failure><message><![CDATA[]]></message><stack-trace><![CDATA[None]]></stack-trace></failure><reason><message><![CDATA[]]></message></reason><output><![CDATA[]]></output></test-case><test-case id="163" name="tests/core/test_contract.py::TestLoadContract::test_load_contract_with_format" fullname="tests/core/test_contract.py::TestLoadContract::test_load_contract_with_format" methodname="test_load_contract_with_format" classname="TestLoadContract" runstate="Runnable" seed="1" result="Passed" label="Test loading contract with format constraint." start-time="2026-01-10 15:15:24.423790" end-time="2026-01-10 15:15:24.425207" duration="0.001417" asserts="0"><properties><property name="python-version" value="3.13.5 (tags/v3.13.5:6cb20a2, Jun 11 2025, 16:15:46) [MSC v.1943 64 bit (AMD64)]" /><property name="fspath" value="tests/core/test_contract.py" /></properties><environment framework-version="3.6.2" clr-version="3.13.5 (tags/v3.13.5:6cb20a2, Jun 11 2025, 16:15:46) [MSC v.1943 64 bit (AMD64)]" os-version="11" platform="Windows" cwd="C:\Users\BracklyMurunga\Desktop\AI SUNDAYS\Griot\griot\griot" machine-name="AMD64" user="" user-domain="" culture="en_US" uiculture="en_US" os-architecture="64bit" /><failure><message><![CDATA[]]></message><stack-trace><![CDATA[None]]></stack-trace></failure><reason><message><![CDATA[]]></message></reason><output><![CDATA[]]></output></test-case><test-case id="164" name="tests/core/test_contract.py::TestLoadContract::test_load_contract_with_aggregation" fullname="tests/core/test_contract.py::TestLoadContract::test_load_contract_with_aggregation" methodname="test_load_contract_with_aggregation" classname="TestLoadContract" runstate="Runnable" seed="1" result="Passed" label="Test loading contract with aggregation hint." start-time="2026-01-10 15:15:24.426028" end-time="2026-01-10 15:15:24.427633" duration="0.001605" asserts="0"><properties><property name="python-version" value="3.13.5 (tags/v3.13.5:6cb20a2, Jun 11 2025, 16:15:46) [MSC v.1943 64 bit (AMD64)]" /><property name="fspath" value="tests/core/test_contract.py" /></properties><environment framework-version="3.6.2" clr-version="3.13.5 (tags/v3.13.5:6cb20a2, Jun 11 2025, 16:15:46) [MSC v.1943 64 bit (AMD64)]" os-version="11" platform="Windows" cwd="C:\Users\BracklyMurunga\Desktop\AI SUNDAYS\Griot\griot\griot" machine-name="AMD64" user="" user-domain="" culture="en_US" uiculture="en_US" os-architecture="64bit" /><failure><message><![CDATA[]]></message><stack-trace><![CDATA[None]]></stack-trace></failure><reason><message><![CDATA[]]></message></reason><output><![CDATA[]]></output></test-case><test-case id="165" name="tests/core/test_contract.py::TestLoadContract::test_load_contract_with_default" fullname="tests/core/test_contract.py::TestLoadContract::test_load_contract_with_default" methodname="test_load_contract_with_default" classname="TestLoadContract" runstate="Runnable" seed="1" result="Passed" label="Test loading contract with default value." start-time="2026-01-10 15:15:24.428561" end-time="2026-01-10 15:15:24.430145" duration="0.001584" asserts="0"><properties><property name="python-version" value="3.13.5 (tags/v3.13.5:6cb20a2, Jun 11 2025, 16:15:46) [MSC v.1943 64 bit (AMD64)]" /><property name="fspath" value="tests/core/test_contract.py" /></properties><environment framework-version="3.6.2" clr-version="3.13.5 (tags/v3.13.5:6cb20a2, Jun 11 2025, 16:15:46) [MSC v.1943 64 bit (AMD64)]" os-version="11" platform="Windows" cwd="C:\Users\BracklyMurunga\Desktop\AI SUNDAYS\Griot\griot\griot" machine-name="AMD64" user="" user-domain="" culture="en_US" uiculture="en_US" os-architecture="64bit" /><failure><message><![CDATA[]]></message><stack-trace><![CDATA[None]]></stack-trace></failure><reason><message><![CDATA[]]></message></reason><output><![CDATA[]]></output></test-case><test-case id="166" name="tests/core/test_contract.py::TestLoadContract::test_load_contract_simple_field" fullname="tests/core/test_contract.py::TestLoadContract::test_load_contract_simple_field" methodname="test_load_contract_simple_field" classname="TestLoadContract" runstate="Runnable" seed="1" result="Passed" label="Test loading contract with simple field (just name, no constraints)." start-time="2026-01-10 15:15:24.431060" end-time="2026-01-10 15:15:24.432456" duration="0.001396" asserts="0"><properties><property name="python-version" value="3.13.5 (tags/v3.13.5:6cb20a2, Jun 11 2025, 16:15:46) [MSC v.1943 64 bit (AMD64)]" /><property name="fspath" value="tests/core/test_contract.py" /></properties><environment framework-version="3.6.2" clr-version="3.13.5 (tags/v3.13.5:6cb20a2, Jun 11 2025, 16:15:46) [MSC v.1943 64 bit (AMD64)]" os-version="11" platform="Windows" cwd="C:\Users\BracklyMurunga\Desktop\AI SUNDAYS\Griot\griot\griot" machine-name="AMD64" user="" user-domain="" culture="en_US" uiculture="en_US" os-architecture="64bit" /><failure><message><![CDATA[]]></message><stack-trace><![CDATA[None]]></stack-trace></failure><reason><message><![CDATA[]]></message></reason><output><![CDATA[]]></output></test-case><test-case id="167" name="tests/core/test_contract.py::TestLoadContract::test_load_contract_all_types" fullname="tests/core/test_contract.py::TestLoadContract::test_load_contract_all_types" methodname="test_load_contract_all_types" classname="TestLoadContract" runstate="Runnable" seed="1" result="Passed" label="Test loading contract with all data types." start-time="2026-01-10 15:15:24.433193" end-time="2026-01-10 15:15:24.434869" duration="0.001676" asserts="0"><properties><property name="python-version" value="3.13.5 (tags/v3.13.5:6cb20a2, Jun 11 2025, 16:15:46) [MSC v.1943 64 bit (AMD64)]" /><property name="fspath" value="tests/core/test_contract.py" /></properties><environment framework-version="3.6.2" clr-version="3.13.5 (tags/v3.13.5:6cb20a2, Jun 11 2025, 16:15:46) [MSC v.1943 64 bit (AMD64)]" os-version="11" platform="Windows" cwd="C:\Users\BracklyMurunga\Desktop\AI SUNDAYS\Griot\griot\griot" machine-name="AMD64" user="" user-domain="" culture="en_US" uiculture="en_US" os-architecture="64bit" /><failure><message><![CDATA[]]></message><stack-trace><![CDATA[None]]></stack-trace></failure><reason><message><![CDATA[]]></message></reason><output><![CDATA[]]></output></test-case><environment framework-version="3.6.2" clr-version="3.13.5 (tags/v3.13.5:6cb20a2, Jun 11 2025, 16:15:46) [MSC v.1943 64 bit (AMD64)]" os-version="11" platform="Windows" cwd="C:\Users\BracklyMurunga\Desktop\AI SUNDAYS\Griot\griot\griot" machine-name="AMD64" user="" user-domain="" culture="en_US" uiculture="en_US" os-architecture="64bit" /></test-suite><test-suite id="tests/core/test_constraints.py::TestConstraint" name="tests/core/test_constraints.py::TestConstraint" fullname="tests/core/test_constraints.py::TestConstraint" methodname="" classname="" runstate="Runnable" type="Assembly" testcasecount="5" result="Passed" label="Tests for Constraint dataclass." start-time="2026-01-10 15:15:24.332532" end-time="2026-01-10 15:15:24.336981" duration="0.004449" asserts="0" total="5" passed="5" failed="0" warnings="0" inconclusive="0" skipped="0"><properties><property name="python_version" value="3.13.5 (tags/v3.13.5:6cb20a2, Jun 11 2025, 16:15:46) [MSC v.1943 64 bit (AMD64)]" /></properties><test-case id="106" name="tests/core/test_constraints.py::TestConstraint::test_constraint_creation" fullname="tests/core/test_constraints.py::TestConstraint::test_constraint_creation" methodname="test_constraint_creation" classname="TestConstraint" runstate="Runnable" seed="1" result="Passed" label="Test creating a Constraint instance." start-time="2026-01-10 15:15:24.332532" end-time="2026-01-10 15:15:24.333109" duration="0.000577" asserts="0"><properties><property name="python-version" value="3.13.5 (tags/v3.13.5:6cb20a2, Jun 11 2025, 16:15:46) [MSC v.1943 64 bit (AMD64)]" /><property name="fspath" value="tests/core/test_constraints.py" /></properties><environment framework-version="3.6.2" clr-version="3.13.5 (tags/v3.13.5:6cb20a2, Jun 11 2025, 16:15:46) [MSC v.1943 64 bit (AMD64)]" os-version="11" platform="Windows" cwd="C:\Users\BracklyMurunga\Desktop\AI SUNDAYS\Griot\griot\griot" machine-name="AMD64" user="" user-domain="" culture="en_US" uiculture="en_US" os-architecture="64bit" /><failure><message><![CDATA[]]></message><stack-trace><![CDATA[None]]></stack-trace></failure><reason><message><![CDATA[]]></message></reason><output><![CDATA[]]></output></test-case><test-case id="107" name="tests/core/test_constraints.py::TestConstraint::test_constraint_default_message" fullname="tests/core/test_constraints.py::TestConstraint::test_constraint_default_message" methodname="test_constraint_default_message" classname="TestConstraint" runstate="Runnable" seed="1" result="Passed" label="Test Constraint with default message." start-time="2026-01-10 15:15:24.333552" end-time="2026-01-10 15:15:24.334126" duration="0.000574" asserts="0"><properties><property name="python-version" value="3.13.5 (tags/v3.13.5:6cb20a2, Jun 11 2025, 16:15:46) [MSC v.1943 64 bit (AMD64)]" /><property name="fspath" value="tests/core/test_constraints.py" /></properties><environment framework-version="3.6.2" clr-version="3.13.5 (tags/v3.13.5:6cb20a2, Jun 11 2025, 16:15:46) [MSC v.1943 64 bit (AMD64)]" os-version="11" platform="Windows" cwd="C:\Users\BracklyMurunga\Desktop\AI SUNDAYS\Griot\griot\griot" machine-name="AMD64" user="" user-domain="" culture="en_US" uiculture="en_US" os-architecture="64bit" /><failure><message><![CDATA[]]></message><stack-trace><![CDATA[None]]></stack-trace></failure><reason><message><![CDATA[]]></message></reason><output><![CDATA[]]></output></test-case><test-case id="108" name="tests/core/test_constraints.py::TestConstraint::test_constraint_validate_pass" fullname="tests/core/test_constraints.py::TestConstraint::test_constraint_validate_pass" methodname="test_constraint_validate_pass" classname="TestConstraint" runstate="Runnable" seed="1" result="Passed" label="Test Constraint.validate returns True for valid value." start-time="2026-01-10 15:15:24.334627" end-time="2026-01-10 15:15:24.335163" duration="0.000536" asserts="0"><properties><property name="python-version" value="3.13.5 (tags/v3.13.5:6cb20a2, Jun 11 2025, 16:15:46) [MSC v.1943 64 bit (AMD64)]" /><property name="fspath" value="tests/core/test_constraints.py" /></properties><environment framework-version="3.6.2" clr-version="3.13.5 (tags/v3.13.5:6cb20a2, Jun 11 2025, 16:15:46) [MSC v.1943 64 bit (AMD64)]" os-version="11" platform="Windows" cwd="C:\Users\BracklyMurunga\Desktop\AI SUNDAYS\Griot\griot\griot" machine-name="AMD64" user="" user-domain="" culture="en_US" uiculture="en_US" os-architecture="64bit" /><failure><message><![CDATA[]]></message><stack-trace><![CDATA[None]]></stack-trace></failure><reason><message><![CDATA[]]></message></reason><output><![CDATA[]]></output></test-case><test-case id="109" name="tests/core/test_constraints.py::TestConstraint::test_constraint_validate_fail" fullname="tests/core/test_constraints.py::TestConstraint::test_constraint_validate_fail" methodname="test_constraint_validate_fail" classname="TestConstraint" runstate="Runnable" seed="1" result="Passed" label="Test Constraint.validate returns False for invalid value." start-time="2026-01-10 15:15:24.335567" end-time="2026-01-10 15:15:24.336055" duration="0.000488" asserts="0"><properties><property name="python-version" value="3.13.5 (tags/v3.13.5:6cb20a2, Jun 11 2025, 16:15:46) [MSC v.1943 64 bit (AMD64)]" /><property name="fspath" value="tests/core/test_constraints.py" /></properties><environment framework-version="3.6.2" clr-version="3.13.5 (tags/v3.13.5:6cb20a2, Jun 11 2025, 16:15:46) [MSC v.1943 64 bit (AMD64)]" os-version="11" platform="Windows" cwd="C:\Users\BracklyMurunga\Desktop\AI SUNDAYS\Griot\griot\griot" machine-name="AMD64" user="" user-domain="" culture="en_US" uiculture="en_US" os-architecture="64bit" /><failure><message><![CDATA[]]></message><stack-trace><![CDATA[None]]></stack-trace></failure><reason><message><![CDATA[]]></message></reason><output><![CDATA[]]></output></test-case><test-case id="110" name="tests/core/test_constraints.py::TestConstraint::test_constraint_validate_fail_default_message" fullname="tests/core/test_constraints.py::TestConstraint::test_constraint_validate_fail_default_message" methodname="test_constraint_validate_fail_default_message" classname="TestConstraint" runstate="Runnable" seed="1" result="Passed" label="Test Constraint.validate uses default message on failure." start-time="2026-01-10 15:15:24.336455" end-time="2026-01-10 15:15:24.336981" duration="0.000526" asserts="0"><properties><property name="python-version" value="3.13.5 (tags/v3.13.5:6cb20a2, Jun 11 2025, 16:15:46) [MSC v.1943 64 bit (AMD64)]" /><property name="fspath" value="tests/core/test_constraints.py" /></properties><environment framework-version="3.6.2" clr-version="3.13.5 (tags/v3.13.5:6cb20a2, Jun 11 2025, 16:15:46) [MSC v.1943 64 bit (AMD64)]" os-version="11" platform="Windows" cwd="C:\Users\BracklyMurunga\Desktop\AI SUNDAYS\Griot\griot\griot" machine-name="AMD64" user="" user-domain="" culture="en_US" uiculture="en_US" os-architecture="64bit" /><failure><message><![CDATA[]]></message><stack-trace><![CDATA[None]]></stack-trace></failure><reason><message><![CDATA[]]></message></reason><output><![CDATA[]]></output></test-case><environment framework-version="3.6.2" clr-version="3.13.5 (tags/v3.13.5:6cb20a2, Jun 11 2025, 16:15:46) [MSC v.1943 64 bit (AMD64)]" os-version="11" platform="Windows" cwd="C:\Users\BracklyMurunga\Desktop\AI SUNDAYS\Griot\griot\griot" machine-name="AMD64" user="" user-domain="" culture="en_US" uiculture="en_US" os-architecture="64bit" /></test-suite><test-suite id="tests/core/test_benchmark.py::TestMemoryEfficiency" name="tests/core/test_benchmark.py::TestMemoryEfficiency" fullname="tests/core/test_benchmark.py::TestMemoryEfficiency" methodname="" classname="" runstate="Runnable" type="Assembly" testcasecount="1" result="Passed" label="Memory efficiency tests for validation." start-time="2026-01-10 15:15:23.254618" end-time="2026-01-10 15:15:24.228967" duration="0.974349" asserts="0" total="1" passed="1" failed="0" warnings="0" inconclusive="0" skipped="0"><properties><property name="python_version" value="3.13.5 (tags/v3.13.5:6cb20a2, Jun 11 2025, 16:15:46) [MSC v.1943 64 bit (AMD64)]" /></properties><test-case id="104" name="tests/core/test_benchmark.py::TestMemoryEfficiency::test_large_dataset_doesnt_explode_memory" fullname="tests/core/test_benchmark.py::TestMemoryEfficiency::test_large_dataset_doesnt_explode_memory" methodname="test_large_dataset_doesnt_explode_memory" classname="TestMemoryEfficiency" runstate="Runnable" seed="1" result="Passed" label="Test that validating large datasets is memory efficient." start-time="2026-01-10 15:15:23.254618" end-time="2026-01-10 15:15:24.228967" duration="0.974349" asserts="0"><properties><property name="python-version" value="3.13.5 (tags/v3.13.5:6cb20a2, Jun 11 2025, 16:15:46) [MSC v.1943 64 bit (AMD64)]" /><property name="fspath" value="tests/core/test_benchmark.py" /></properties><environment framework-version="3.6.2" clr-version="3.13.5 (tags/v3.13.5:6cb20a2, Jun 11 2025, 16:15:46) [MSC v.1943 64 bit (AMD64)]" os-version="11" platform="Windows" cwd="C:\Users\BracklyMurunga\Desktop\AI SUNDAYS\Griot\griot\griot" machine-name="AMD64" user="" user-domain="" culture="en_US" uiculture="en_US" os-architecture="64bit" /><failure><message><![CDATA[]]></message><stack-trace><![CDATA[None]]></stack-trace></failure><reason><message><![CDATA[]]></message></reason><output><![CDATA[]]></output></test-case><environment framework-version="3.6.2" clr-version="3.13.5 (tags/v3.13.5:6cb20a2, Jun 11 2025, 16:15:46) [MSC v.1943 64 bit (AMD64)]" os-version="11" platform="Windows" cwd="C:\Users\BracklyMurunga\Desktop\AI SUNDAYS\Griot\griot\griot" machine-name="AMD64" user="" user-domain="" culture="en_US" uiculture="en_US" os-architecture="64bit" /></test-suite><test-suite id="tests/core/test_contract.py::TestConstraintChange" name="tests/core/test_contract.py::TestConstraintChange" fullname="tests/core/test_contract.py::TestConstraintChange" methodname="" classname="" runstate="Runnable" type="Assembly" testcasecount="1" result="Passed" label="Tests for ConstraintChange dataclass." start-time="2026-01-10 15:15:24.469286" end-time="2026-01-10 15:15:24.470328" duration="0.001042" asserts="0" total="1" passed="1" failed="0" warnings="0" inconclusive="0" skipped="0"><properties><property name="python_version" value="3.13.5 (tags/v3.13.5:6cb20a2, Jun 11 2025, 16:15:46) [MSC v.1943 64 bit (AMD64)]" /></properties><test-case id="182" name="tests/core/test_contract.py::TestConstraintChange::test_constraint_change_creation" fullname="tests/core/test_contract.py::TestConstraintChange::test_constraint_change_creation" methodname="test_constraint_change_creation" classname="TestConstraintChange" runstate="Runnable" seed="1" result="Passed" label="Test creating a ConstraintChange." start-time="2026-01-10 15:15:24.469286" end-time="2026-01-10 15:15:24.470328" duration="0.001042" asserts="0"><properties><property name="python-version" value="3.13.5 (tags/v3.13.5:6cb20a2, Jun 11 2025, 16:15:46) [MSC v.1943 64 bit (AMD64)]" /><property name="fspath" value="tests/core/test_contract.py" /></properties><environment framework-version="3.6.2" clr-version="3.13.5 (tags/v3.13.5:6cb20a2, Jun 11 2025, 16:15:46) [MSC v.1943 64 bit (AMD64)]" os-version="11" platform="Windows" cwd="C:\Users\BracklyMurunga\Desktop\AI SUNDAYS\Griot\griot\griot" machine-name="AMD64" user="" user-domain="" culture="en_US" uiculture="en_US" os-architecture="64bit" /><failure><message><![CDATA[]]></message><stack-trace><![CDATA[None]]></stack-trace></failure><reason><message><![CDATA[]]></message></reason><output><![CDATA[]]></output></test-case><environment framework-version="3.6.2" clr-version="3.13.5 (tags/v3.13.5:6cb20a2, Jun 11 2025, 16:15:46) [MSC v.1943 64 bit (AMD64)]" os-version="11" platform="Windows" cwd="C:\Users\BracklyMurunga\Desktop\AI SUNDAYS\Griot\griot\griot" machine-name="AMD64" user="" user-domain="" culture="en_US" uiculture="en_US" os-architecture="64bit" /></test-suite><test-suite id="tests/core/test_exceptions.py::TestContractParseError" name="tests/core/test_exceptions.py::TestContractParseError" fullname="tests/core/test_exceptions.py::TestContractParseError" methodname="" classname="" runstate="Runnable" type="Assembly" testcasecount="5" result="Passed" label="Tests for ContractParseError." start-time="2026-01-10 15:15:24.559142" end-time="2026-01-10 15:15:24.564674" duration="0.005532" asserts="0" total="5" passed="5" failed="0" warnings="0" inconclusive="0" skipped="0"><properties><property name="python_version" value="3.13.5 (tags/v3.13.5:6cb20a2, Jun 11 2025, 16:15:46) [MSC v.1943 64 bit (AMD64)]" /></properties><test-case id="233" name="tests/core/test_exceptions.py::TestContractParseError::test_parse_error_basic" fullname="tests/core/test_exceptions.py::TestContractParseError::test_parse_error_basic" methodname="test_parse_error_basic" classname="TestContractParseError" runstate="Runnable" seed="1" result="Passed" label="Test basic ContractParseError." start-time="2026-01-10 15:15:24.559142" end-time="2026-01-10 15:15:24.559830" duration="0.000688" asserts="0"><properties><property name="python-version" value="3.13.5 (tags/v3.13.5:6cb20a2, Jun 11 2025, 16:15:46) [MSC v.1943 64 bit (AMD64)]" /><property name="fspath" value="tests/core/test_exceptions.py" /></properties><environment framework-version="3.6.2" clr-version="3.13.5 (tags/v3.13.5:6cb20a2, Jun 11 2025, 16:15:46) [MSC v.1943 64 bit (AMD64)]" os-version="11" platform="Windows" cwd="C:\Users\BracklyMurunga\Desktop\AI SUNDAYS\Griot\griot\griot" machine-name="AMD64" user="" user-domain="" culture="en_US" uiculture="en_US" os-architecture="64bit" /><failure><message><![CDATA[]]></message><stack-trace><![CDATA[None]]></stack-trace></failure><reason><message><![CDATA[]]></message></reason><output><![CDATA[]]></output></test-case><test-case id="234" name="tests/core/test_exceptions.py::TestContractParseError::test_parse_error_with_source" fullname="tests/core/test_exceptions.py::TestContractParseError::test_parse_error_with_source" methodname="test_parse_error_with_source" classname="TestContractParseError" runstate="Runnable" seed="1" result="Passed" label="Test ContractParseError with source file." start-time="2026-01-10 15:15:24.560328" end-time="2026-01-10 15:15:24.560946" duration="0.000618" asserts="0"><properties><property name="python-version" value="3.13.5 (tags/v3.13.5:6cb20a2, Jun 11 2025, 16:15:46) [MSC v.1943 64 bit (AMD64)]" /><property name="fspath" value="tests/core/test_exceptions.py" /></properties><environment framework-version="3.6.2" clr-version="3.13.5 (tags/v3.13.5:6cb20a2, Jun 11 2025, 16:15:46) [MSC v.1943 64 bit (AMD64)]" os-version="11" platform="Windows" cwd="C:\Users\BracklyMurunga\Desktop\AI SUNDAYS\Griot\griot\griot" machine-name="AMD64" user="" user-domain="" culture="en_US" uiculture="en_US" os-architecture="64bit" /><failure><message><![CDATA[]]></message><stack-trace><![CDATA[None]]></stack-trace></failure><reason><message><![CDATA[]]></message></reason><output><![CDATA[]]></output></test-case><test-case id="235" name="tests/core/test_exceptions.py::TestContractParseError::test_parse_error_with_location" fullname="tests/core/test_exceptions.py::TestContractParseError::test_parse_error_with_location" methodname="test_parse_error_with_location" classname="TestContractParseError" runstate="Runnable" seed="1" result="Passed" label="Test ContractParseError with line and column." start-time="2026-01-10 15:15:24.561428" end-time="2026-01-10 15:15:24.562034" duration="0.000606" asserts="0"><properties><property name="python-version" value="3.13.5 (tags/v3.13.5:6cb20a2, Jun 11 2025, 16:15:46) [MSC v.1943 64 bit (AMD64)]" /><property name="fspath" value="tests/core/test_exceptions.py" /></properties><environment framework-version="3.6.2" clr-version="3.13.5 (tags/v3.13.5:6cb20a2, Jun 11 2025, 16:15:46) [MSC v.1943 64 bit (AMD64)]" os-version="11" platform="Windows" cwd="C:\Users\BracklyMurunga\Desktop\AI SUNDAYS\Griot\griot\griot" machine-name="AMD64" user="" user-domain="" culture="en_US" uiculture="en_US" os-architecture="64bit" /><failure><message><![CDATA[]]></message><stack-trace><![CDATA[None]]></stack-trace></failure><reason><message><![CDATA[]]></message></reason><output><![CDATA[]]></output></test-case><test-case id="236" name="tests/core/test_exceptions.py::TestContractParseError::test_parse_error_stores_location" fullname="tests/core/test_exceptions.py::TestContractParseError::test_parse_error_stores_location" methodname="test_parse_error_stores_location" classname="TestContractParseError" runstate="Runnable" seed="1" result="Passed" label="Test ContractParseError stores location info." start-time="2026-01-10 15:15:24.562480" end-time="2026-01-10 15:15:24.563617" duration="0.001137" asserts="0"><properties><property name="python-version" value="3.13.5 (tags/v3.13.5:6cb20a2, Jun 11 2025, 16:15:46) [MSC v.1943 64 bit (AMD64)]" /><property name="fspath" value="tests/core/test_exceptions.py" /></properties><environment framework-version="3.6.2" clr-version="3.13.5 (tags/v3.13.5:6cb20a2, Jun 11 2025, 16:15:46) [MSC v.1943 64 bit (AMD64)]" os-version="11" platform="Windows" cwd="C:\Users\BracklyMurunga\Desktop\AI SUNDAYS\Griot\griot\griot" machine-name="AMD64" user="" user-domain="" culture="en_US" uiculture="en_US" os-architecture="64bit" /><failure><message><![CDATA[]]></message><stack-trace><![CDATA[None]]></stack-trace></failure><reason><message><![CDATA[]]></message></reason><output><![CDATA[]]></output></test-case><test-case id="237" name="tests/core/test_exceptions.py::TestContractParseError::test_parse_error_inheritance" fullname="tests/core/test_exceptions.py::TestContractParseError::test_parse_error_inheritance" methodname="test_parse_error_inheritance" classname="TestContractParseError" runstate="Runnable" seed="1" result="Passed" label="Test ContractParseError inherits from GriotError." start-time="2026-01-10 15:15:24.564145" end-time="2026-01-10 15:15:24.564674" duration="0.000529" asserts="0"><properties><property name="python-version" value="3.13.5 (tags/v3.13.5:6cb20a2, Jun 11 2025, 16:15:46) [MSC v.1943 64 bit (AMD64)]" /><property name="fspath" value="tests/core/test_exceptions.py" /></properties><environment framework-version="3.6.2" clr-version="3.13.5 (tags/v3.13.5:6cb20a2, Jun 11 2025, 16:15:46) [MSC v.1943 64 bit (AMD64)]" os-version="11" platform="Windows" cwd="C:\Users\BracklyMurunga\Desktop\AI SUNDAYS\Griot\griot\griot" machine-name="AMD64" user="" user-domain="" culture="en_US" uiculture="en_US" os-architecture="64bit" /><failure><message><![CDATA[]]></message><stack-trace><![CDATA[None]]></stack-trace></failure><reason><message><![CDATA[]]></message></reason><output><![CDATA[]]></output></test-case><environment framework-version="3.6.2" clr-version="3.13.5 (tags/v3.13.5:6cb20a2, Jun 11 2025, 16:15:46) [MSC v.1943 64 bit (AMD64)]" os-version="11" platform="Windows" cwd="C:\Users\BracklyMurunga\Desktop\AI SUNDAYS\Griot\griot\griot" machine-name="AMD64" user="" user-domain="" culture="en_US" uiculture="en_US" os-architecture="64bit" /></test-suite><test-suite id="tests/core/test_exceptions.py::TestValidationError" name="tests/core/test_exceptions.py::TestValidationError" fullname="tests/core/test_exceptions.py::TestValidationError" methodname="" classname="" runstate="Runnable" type="Assembly" testcasecount="5" result="Passed" label="Tests for ValidationError." start-time="2026-01-10 15:15:24.547621" end-time="2026-01-10 15:15:24.555931" duration="0.00831" asserts="0" total="5" passed="5" failed="0" warnings="0" inconclusive="0" skipped="0"><properties><property name="python_version" value="3.13.5 (tags/v3.13.5:6cb20a2, Jun 11 2025, 16:15:46) [MSC v.1943 64 bit (AMD64)]" /></properties><test-case id="226" name="tests/core/test_exceptions.py::TestValidationError::test_validation_error_basic" fullname="tests/core/test_exceptions.py::TestValidationError::test_validation_error_basic" methodname="test_validation_error_basic" classname="TestValidationError" runstate="Runnable" seed="1" result="Passed" label="Test creating basic ValidationError." start-time="2026-01-10 15:15:24.547621" end-time="2026-01-10 15:15:24.548964" duration="0.001343" asserts="0"><properties><property name="python-version" value="3.13.5 (tags/v3.13.5:6cb20a2, Jun 11 2025, 16:15:46) [MSC v.1943 64 bit (AMD64)]" /><property name="fspath" value="tests/core/test_exceptions.py" /></properties><environment framework-version="3.6.2" clr-version="3.13.5 (tags/v3.13.5:6cb20a2, Jun 11 2025, 16:15:46) [MSC v.1943 64 bit (AMD64)]" os-version="11" platform="Windows" cwd="C:\Users\BracklyMurunga\Desktop\AI SUNDAYS\Griot\griot\griot" machine-name="AMD64" user="" user-domain="" culture="en_US" uiculture="en_US" os-architecture="64bit" /><failure><message><![CDATA[]]></message><stack-trace><![CDATA[None]]></stack-trace></failure><reason><message><![CDATA[]]></message></reason><output><![CDATA[]]></output></test-case><test-case id="227" name="tests/core/test_exceptions.py::TestValidationError::test_validation_error_with_field_errors" fullname="tests/core/test_exceptions.py::TestValidationError::test_validation_error_with_field_errors" methodname="test_validation_error_with_field_errors" classname="TestValidationError" runstate="Runnable" seed="1" result="Passed" label="Test ValidationError with field-level errors." start-time="2026-01-10 15:15:24.549805" end-time="2026-01-10 15:15:24.550845" duration="0.00104" asserts="0"><properties><property name="python-version" value="3.13.5 (tags/v3.13.5:6cb20a2, Jun 11 2025, 16:15:46) [MSC v.1943 64 bit (AMD64)]" /><property name="fspath" value="tests/core/test_exceptions.py" /></properties><environment framework-version="3.6.2" clr-version="3.13.5 (tags/v3.13.5:6cb20a2, Jun 11 2025, 16:15:46) [MSC v.1943 64 bit (AMD64)]" os-version="11" platform="Windows" cwd="C:\Users\BracklyMurunga\Desktop\AI SUNDAYS\Griot\griot\griot" machine-name="AMD64" user="" user-domain="" culture="en_US" uiculture="en_US" os-architecture="64bit" /><failure><message><![CDATA[]]></message><stack-trace><![CDATA[None]]></stack-trace></failure><reason><message><![CDATA[]]></message></reason><output><![CDATA[]]></output></test-case><test-case id="228" name="tests/core/test_exceptions.py::TestValidationError::test_validation_error_str_with_count" fullname="tests/core/test_exceptions.py::TestValidationError::test_validation_error_str_with_count" methodname="test_validation_error_str_with_count" classname="TestValidationError" runstate="Runnable" seed="1" result="Passed" label="Test ValidationError string includes error count." start-time="2026-01-10 15:15:24.551682" end-time="2026-01-10 15:15:24.552672" duration="0.00099" asserts="0"><properties><property name="python-version" value="3.13.5 (tags/v3.13.5:6cb20a2, Jun 11 2025, 16:15:46) [MSC v.1943 64 bit (AMD64)]" /><property name="fspath" value="tests/core/test_exceptions.py" /></properties><environment framework-version="3.6.2" clr-version="3.13.5 (tags/v3.13.5:6cb20a2, Jun 11 2025, 16:15:46) [MSC v.1943 64 bit (AMD64)]" os-version="11" platform="Windows" cwd="C:\Users\BracklyMurunga\Desktop\AI SUNDAYS\Griot\griot\griot" machine-name="AMD64" user="" user-domain="" culture="en_US" uiculture="en_US" os-architecture="64bit" /><failure><message><![CDATA[]]></message><stack-trace><![CDATA[None]]></stack-trace></failure><reason><message><![CDATA[]]></message></reason><output><![CDATA[]]></output></test-case><test-case id="229" name="tests/core/test_exceptions.py::TestValidationError::test_validation_error_inheritance" fullname="tests/core/test_exceptions.py::TestValidationError::test_validation_error_inheritance" methodname="test_validation_error_inheritance" classname="TestValidationError" runstate="Runnable" seed="1" result="Passed" label="Test ValidationError inherits from GriotError." start-time="2026-01-10 15:15:24.553458" end-time="2026-01-10 15:15:24.554360" duration="0.000902" asserts="0"><properties><property name="python-version" value="3.13.5 (tags/v3.13.5:6cb20a2, Jun 11 2025, 16:15:46) [MSC v.1943 64 bit (AMD64)]" /><property name="fspath" value="tests/core/test_exceptions.py" /></properties><environment framework-version="3.6.2" clr-version="3.13.5 (tags/v3.13.5:6cb20a2, Jun 11 2025, 16:15:46) [MSC v.1943 64 bit (AMD64)]" os-version="11" platform="Windows" cwd="C:\Users\BracklyMurunga\Desktop\AI SUNDAYS\Griot\griot\griot" machine-name="AMD64" user="" user-domain="" culture="en_US" uiculture="en_US" os-architecture="64bit" /><failure><message><![CDATA[]]></message><stack-trace><![CDATA[None]]></stack-trace></failure><reason><message><![CDATA[]]></message></reason><output><![CDATA[]]></output></test-case><test-case id="230" name="tests/core/test_exceptions.py::TestValidationError::test_validation_error_can_be_raised" fullname="tests/core/test_exceptions.py::TestValidationError::test_validation_error_can_be_raised" methodname="test_validation_error_can_be_raised" classname="TestValidationError" runstate="Runnable" seed="1" result="Passed" label="Test ValidationError can be raised and caught." start-time="2026-01-10 15:15:24.555055" end-time="2026-01-10 15:15:24.555931" duration="0.000876" asserts="0"><properties><property name="python-version" value="3.13.5 (tags/v3.13.5:6cb20a2, Jun 11 2025, 16:15:46) [MSC v.1943 64 bit (AMD64)]" /><property name="fspath" value="tests/core/test_exceptions.py" /></properties><environment framework-version="3.6.2" clr-version="3.13.5 (tags/v3.13.5:6cb20a2, Jun 11 2025, 16:15:46) [MSC v.1943 64 bit (AMD64)]" os-version="11" platform="Windows" cwd="C:\Users\BracklyMurunga\Desktop\AI SUNDAYS\Griot\griot\griot" machine-name="AMD64" user="" user-domain="" culture="en_US" uiculture="en_US" os-architecture="64bit" /><failure><message><![CDATA[]]></message><stack-trace><![CDATA[None]]></stack-trace></failure><reason><message><![CDATA[]]></message></reason><output><![CDATA[]]></output></test-case><environment framework-version="3.6.2" clr-version="3.13.5 (tags/v3.13.5:6cb20a2, Jun 11 2025, 16:15:46) [MSC v.1943 64 bit (AMD64)]" os-version="11" platform="Windows" cwd="C:\Users\BracklyMurunga\Desktop\AI SUNDAYS\Griot\griot\griot" machine-name="AMD64" user="" user-domain="" culture="en_US" uiculture="en_US" os-architecture="64bit" /></test-suite><test-suite id="tests/core/test_contract.py::TestDiffTypeWidening" name="tests/core/test_contract.py::TestDiffTypeWidening" fullname="tests/core/test_contract.py::TestDiffTypeWidening" methodname="" classname="" runstate="Runnable" type="Assembly" testcasecount="2" result="Passed" label="Tests for type widening detection in diff." start-time="2026-01-10 15:15:24.496491" end-time="2026-01-10 15:15:24.499383" duration="0.002892" asserts="0" total="2" passed="2" failed="0" warnings="0" inconclusive="0" skipped="0"><properties><property name="python_version" value="3.13.5 (tags/v3.13.5:6cb20a2, Jun 11 2025, 16:15:46) [MSC v.1943 64 bit (AMD64)]" /></properties><test-case id="197" name="tests/core/test_contract.py::TestDiffTypeWidening::test_int_to_float_is_widening" fullname="tests/core/test_contract.py::TestDiffTypeWidening::test_int_to_float_is_widening" methodname="test_int_to_float_is_widening" classname="TestDiffTypeWidening" runstate="Runnable" seed="1" result="Passed" label="Test int to float is non-breaking (widening)." start-time="2026-01-10 15:15:24.496491" end-time="2026-01-10 15:15:24.497563" duration="0.001072" asserts="0"><properties><property name="python-version" value="3.13.5 (tags/v3.13.5:6cb20a2, Jun 11 2025, 16:15:46) [MSC v.1943 64 bit (AMD64)]" /><property name="fspath" value="tests/core/test_contract.py" /></properties><environment framework-version="3.6.2" clr-version="3.13.5 (tags/v3.13.5:6cb20a2, Jun 11 2025, 16:15:46) [MSC v.1943 64 bit (AMD64)]" os-version="11" platform="Windows" cwd="C:\Users\BracklyMurunga\Desktop\AI SUNDAYS\Griot\griot\griot" machine-name="AMD64" user="" user-domain="" culture="en_US" uiculture="en_US" os-architecture="64bit" /><failure><message><![CDATA[]]></message><stack-trace><![CDATA[None]]></stack-trace></failure><reason><message><![CDATA[]]></message></reason><output><![CDATA[]]></output></test-case><test-case id="198" name="tests/core/test_contract.py::TestDiffTypeWidening::test_type_to_any_is_widening" fullname="tests/core/test_contract.py::TestDiffTypeWidening::test_type_to_any_is_widening" methodname="test_type_to_any_is_widening" classname="TestDiffTypeWidening" runstate="Runnable" seed="1" result="Passed" label="Test any specific type to 'any' is widening." start-time="2026-01-10 15:15:24.497980" end-time="2026-01-10 15:15:24.499383" duration="0.001403" asserts="0"><properties><property name="python-version" value="3.13.5 (tags/v3.13.5:6cb20a2, Jun 11 2025, 16:15:46) [MSC v.1943 64 bit (AMD64)]" /><property name="fspath" value="tests/core/test_contract.py" /></properties><environment framework-version="3.6.2" clr-version="3.13.5 (tags/v3.13.5:6cb20a2, Jun 11 2025, 16:15:46) [MSC v.1943 64 bit (AMD64)]" os-version="11" platform="Windows" cwd="C:\Users\BracklyMurunga\Desktop\AI SUNDAYS\Griot\griot\griot" machine-name="AMD64" user="" user-domain="" culture="en_US" uiculture="en_US" os-architecture="64bit" /><failure><message><![CDATA[]]></message><stack-trace><![CDATA[None]]></stack-trace></failure><reason><message><![CDATA[]]></message></reason><output><![CDATA[]]></output></test-case><environment framework-version="3.6.2" clr-version="3.13.5 (tags/v3.13.5:6cb20a2, Jun 11 2025, 16:15:46) [MSC v.1943 64 bit (AMD64)]" os-version="11" platform="Windows" cwd="C:\Users\BracklyMurunga\Desktop\AI SUNDAYS\Griot\griot\griot" machine-name="AMD64" user="" user-domain="" culture="en_US" uiculture="en_US" os-architecture="64bit" /></test-suite><test-suite id="tests/core/test_manifest.py::TestExportFormat" name="tests/core/test_manifest.py::TestExportFormat" fullname="tests/core/test_manifest.py::TestExportFormat" methodname="" classname="" runstate="Runnable" type="Assembly" testcasecount="2" result="Passed" label="Tests for format validation." start-time="2026-01-10 15:15:24.619699" end-time="2026-01-10 15:15:24.622565" duration="0.002866" asserts="0" total="2" passed="2" failed="0" warnings="0" inconclusive="0" skipped="0"><properties><property name="python_version" value="3.13.5 (tags/v3.13.5:6cb20a2, Jun 11 2025, 16:15:46) [MSC v.1943 64 bit (AMD64)]" /></properties><test-case id="276" name="tests/core/test_manifest.py::TestExportFormat::test_invalid_format_raises" fullname="tests/core/test_manifest.py::TestExportFormat::test_invalid_format_raises" methodname="test_invalid_format_raises" classname="TestExportFormat" runstate="Runnable" seed="1" result="Passed" label="Test that invalid format raises ValueError." start-time="2026-01-10 15:15:24.619699" end-time="2026-01-10 15:15:24.620751" duration="0.001052" asserts="0"><properties><property name="python-version" value="3.13.5 (tags/v3.13.5:6cb20a2, Jun 11 2025, 16:15:46) [MSC v.1943 64 bit (AMD64)]" /><property name="fspath" value="tests/core/test_manifest.py" /></properties><environment framework-version="3.6.2" clr-version="3.13.5 (tags/v3.13.5:6cb20a2, Jun 11 2025, 16:15:46) [MSC v.1943 64 bit (AMD64)]" os-version="11" platform="Windows" cwd="C:\Users\BracklyMurunga\Desktop\AI SUNDAYS\Griot\griot\griot" machine-name="AMD64" user="" user-domain="" culture="en_US" uiculture="en_US" os-architecture="64bit" /><failure><message><![CDATA[]]></message><stack-trace><![CDATA[None]]></stack-trace></failure><reason><message><![CDATA[]]></message></reason><output><![CDATA[]]></output></test-case><test-case id="277" name="tests/core/test_manifest.py::TestExportFormat::test_valid_formats" fullname="tests/core/test_manifest.py::TestExportFormat::test_valid_formats" methodname="test_valid_formats" classname="TestExportFormat" runstate="Runnable" seed="1" result="Passed" label="Test all valid formats work." start-time="2026-01-10 15:15:24.621489" end-time="2026-01-10 15:15:24.622565" duration="0.001076" asserts="0"><properties><property name="python-version" value="3.13.5 (tags/v3.13.5:6cb20a2, Jun 11 2025, 16:15:46) [MSC v.1943 64 bit (AMD64)]" /><property name="fspath" value="tests/core/test_manifest.py" /></properties><environment framework-version="3.6.2" clr-version="3.13.5 (tags/v3.13.5:6cb20a2, Jun 11 2025, 16:15:46) [MSC v.1943 64 bit (AMD64)]" os-version="11" platform="Windows" cwd="C:\Users\BracklyMurunga\Desktop\AI SUNDAYS\Griot\griot\griot" machine-name="AMD64" user="" user-domain="" culture="en_US" uiculture="en_US" os-architecture="64bit" /><failure><message><![CDATA[]]></message><stack-trace><![CDATA[None]]></stack-trace></failure><reason><message><![CDATA[]]></message></reason><output><![CDATA[]]></output></test-case><environment framework-version="3.6.2" clr-version="3.13.5 (tags/v3.13.5:6cb20a2, Jun 11 2025, 16:15:46) [MSC v.1943 64 bit (AMD64)]" os-version="11" platform="Windows" cwd="C:\Users\BracklyMurunga\Desktop\AI SUNDAYS\Griot\griot\griot" machine-name="AMD64" user="" user-domain="" culture="en_US" uiculture="en_US" os-architecture="64bit" /></test-suite><test-suite id="tests/core/test_contract.py::TestLintContract" name="tests/core/test_contract.py::TestLintContract" fullname="tests/core/test_contract.py::TestLintContract" methodname="" classname="" runstate="Runnable" type="Assembly" testcasecount="8" result="Passed" label="Tests for contract linting functionality." start-time="2026-01-10 15:15:24.472712" end-time="2026-01-10 15:15:24.489516" duration="0.016804" asserts="0" total="8" passed="8" failed="0" warnings="0" inconclusive="0" skipped="0"><properties><property name="python_version" value="3.13.5 (tags/v3.13.5:6cb20a2, Jun 11 2025, 16:15:46) [MSC v.1943 64 bit (AMD64)]" /></properties><test-case id="184" name="tests/core/test_contract.py::TestLintContract::test_lint_no_primary_key" fullname="tests/core/test_contract.py::TestLintContract::test_lint_no_primary_key" methodname="test_lint_no_primary_key" classname="TestLintContract" runstate="Runnable" seed="1" result="Passed" label="Test linting warns about missing primary key." start-time="2026-01-10 15:15:24.472712" end-time="2026-01-10 15:15:24.474255" duration="0.001543" asserts="0"><properties><property name="python-version" value="3.13.5 (tags/v3.13.5:6cb20a2, Jun 11 2025, 16:15:46) [MSC v.1943 64 bit (AMD64)]" /><property name="fspath" value="tests/core/test_contract.py" /></properties><environment framework-version="3.6.2" clr-version="3.13.5 (tags/v3.13.5:6cb20a2, Jun 11 2025, 16:15:46) [MSC v.1943 64 bit (AMD64)]" os-version="11" platform="Windows" cwd="C:\Users\BracklyMurunga\Desktop\AI SUNDAYS\Griot\griot\griot" machine-name="AMD64" user="" user-domain="" culture="en_US" uiculture="en_US" os-architecture="64bit" /><failure><message><![CDATA[]]></message><stack-trace><![CDATA[None]]></stack-trace></failure><reason><message><![CDATA[]]></message></reason><output><![CDATA[]]></output></test-case><test-case id="185" name="tests/core/test_contract.py::TestLintContract::test_lint_missing_description" fullname="tests/core/test_contract.py::TestLintContract::test_lint_missing_description" methodname="test_lint_missing_description" classname="TestLintContract" runstate="Runnable" seed="1" result="Passed" label="Test linting warns about missing/placeholder descriptions." start-time="2026-01-10 15:15:24.474872" end-time="2026-01-10 15:15:24.476133" duration="0.001261" asserts="0"><properties><property name="python-version" value="3.13.5 (tags/v3.13.5:6cb20a2, Jun 11 2025, 16:15:46) [MSC v.1943 64 bit (AMD64)]" /><property name="fspath" value="tests/core/test_contract.py" /></properties><environment framework-version="3.6.2" clr-version="3.13.5 (tags/v3.13.5:6cb20a2, Jun 11 2025, 16:15:46) [MSC v.1943 64 bit (AMD64)]" os-version="11" platform="Windows" cwd="C:\Users\BracklyMurunga\Desktop\AI SUNDAYS\Griot\griot\griot" machine-name="AMD64" user="" user-domain="" culture="en_US" uiculture="en_US" os-architecture="64bit" /><failure><message><![CDATA[]]></message><stack-trace><![CDATA[None]]></stack-trace></failure><reason><message><![CDATA[]]></message></reason><output><![CDATA[]]></output></test-case><test-case id="186" name="tests/core/test_contract.py::TestLintContract::test_lint_unconstrained_string" fullname="tests/core/test_contract.py::TestLintContract::test_lint_unconstrained_string" methodname="test_lint_unconstrained_string" classname="TestLintContract" runstate="Runnable" seed="1" result="Passed" label="Test linting suggests constraints for unconstrained strings." start-time="2026-01-10 15:15:24.476710" end-time="2026-01-10 15:15:24.477788" duration="0.001078" asserts="0"><properties><property name="python-version" value="3.13.5 (tags/v3.13.5:6cb20a2, Jun 11 2025, 16:15:46) [MSC v.1943 64 bit (AMD64)]" /><property name="fspath" value="tests/core/test_contract.py" /></properties><environment framework-version="3.6.2" clr-version="3.13.5 (tags/v3.13.5:6cb20a2, Jun 11 2025, 16:15:46) [MSC v.1943 64 bit (AMD64)]" os-version="11" platform="Windows" cwd="C:\Users\BracklyMurunga\Desktop\AI SUNDAYS\Griot\griot\griot" machine-name="AMD64" user="" user-domain="" culture="en_US" uiculture="en_US" os-architecture="64bit" /><failure><message><![CDATA[]]></message><stack-trace><![CDATA[None]]></stack-trace></failure><reason><message><![CDATA[]]></message></reason><output><![CDATA[]]></output></test-case><test-case id="187" name="tests/core/test_contract.py::TestLintContract::test_lint_unconstrained_numeric" fullname="tests/core/test_contract.py::TestLintContract::test_lint_unconstrained_numeric" methodname="test_lint_unconstrained_numeric" classname="TestLintContract" runstate="Runnable" seed="1" result="Passed" label="Test linting suggests range for unconstrained numbers." start-time="2026-01-10 15:15:24.478391" end-time="2026-01-10 15:15:24.479654" duration="0.001263" asserts="0"><properties><property name="python-version" value="3.13.5 (tags/v3.13.5:6cb20a2, Jun 11 2025, 16:15:46) [MSC v.1943 64 bit (AMD64)]" /><property name="fspath" value="tests/core/test_contract.py" /></properties><environment framework-version="3.6.2" clr-version="3.13.5 (tags/v3.13.5:6cb20a2, Jun 11 2025, 16:15:46) [MSC v.1943 64 bit (AMD64)]" os-version="11" platform="Windows" cwd="C:\Users\BracklyMurunga\Desktop\AI SUNDAYS\Griot\griot\griot" machine-name="AMD64" user="" user-domain="" culture="en_US" uiculture="en_US" os-architecture="64bit" /><failure><message><![CDATA[]]></message><stack-trace><![CDATA[None]]></stack-trace></failure><reason><message><![CDATA[]]></message></reason><output><![CDATA[]]></output></test-case><test-case id="188" name="tests/core/test_contract.py::TestLintContract::test_lint_invalid_field_name" fullname="tests/core/test_contract.py::TestLintContract::test_lint_invalid_field_name" methodname="test_lint_invalid_field_name" classname="TestLintContract" runstate="Runnable" seed="1" result="Passed" label="Test linting warns about non-snake_case field names." start-time="2026-01-10 15:15:24.480380" end-time="2026-01-10 15:15:24.482387" duration="0.002007" asserts="0"><properties><property name="python-version" value="3.13.5 (tags/v3.13.5:6cb20a2, Jun 11 2025, 16:15:46) [MSC v.1943 64 bit (AMD64)]" /><property name="fspath" value="tests/core/test_contract.py" /></properties><environment framework-version="3.6.2" clr-version="3.13.5 (tags/v3.13.5:6cb20a2, Jun 11 2025, 16:15:46) [MSC v.1943 64 bit (AMD64)]" os-version="11" platform="Windows" cwd="C:\Users\BracklyMurunga\Desktop\AI SUNDAYS\Griot\griot\griot" machine-name="AMD64" user="" user-domain="" culture="en_US" uiculture="en_US" os-architecture="64bit" /><failure><message><![CDATA[]]></message><stack-trace><![CDATA[None]]></stack-trace></failure><reason><message><![CDATA[]]></message></reason><output><![CDATA[]]></output></test-case><test-case id="189" name="tests/core/test_contract.py::TestLintContract::test_lint_well_formed_contract" fullname="tests/core/test_contract.py::TestLintContract::test_lint_well_formed_contract" methodname="test_lint_well_formed_contract" classname="TestLintContract" runstate="Runnable" seed="1" result="Passed" label="Test that well-formed contract has fewer warnings." start-time="2026-01-10 15:15:24.484233" end-time="2026-01-10 15:15:24.486338" duration="0.002105" asserts="0"><properties><property name="python-version" value="3.13.5 (tags/v3.13.5:6cb20a2, Jun 11 2025, 16:15:46) [MSC v.1943 64 bit (AMD64)]" /><property name="fspath" value="tests/core/test_contract.py" /></properties><environment framework-version="3.6.2" clr-version="3.13.5 (tags/v3.13.5:6cb20a2, Jun 11 2025, 16:15:46) [MSC v.1943 64 bit (AMD64)]" os-version="11" platform="Windows" cwd="C:\Users\BracklyMurunga\Desktop\AI SUNDAYS\Griot\griot\griot" machine-name="AMD64" user="" user-domain="" culture="en_US" uiculture="en_US" os-architecture="64bit" /><failure><message><![CDATA[]]></message><stack-trace><![CDATA[None]]></stack-trace></failure><reason><message><![CDATA[]]></message></reason><output><![CDATA[]]></output></test-case><test-case id="190" name="tests/core/test_contract.py::TestLintContract::test_lint_issue_str" fullname="tests/core/test_contract.py::TestLintContract::test_lint_issue_str" methodname="test_lint_issue_str" classname="TestLintContract" runstate="Runnable" seed="1" result="Passed" label="Test LintIssue string representation." start-time="2026-01-10 15:15:24.487159" end-time="2026-01-10 15:15:24.488061" duration="0.000902" asserts="0"><properties><property name="python-version" value="3.13.5 (tags/v3.13.5:6cb20a2, Jun 11 2025, 16:15:46) [MSC v.1943 64 bit (AMD64)]" /><property name="fspath" value="tests/core/test_contract.py" /></properties><environment framework-version="3.6.2" clr-version="3.13.5 (tags/v3.13.5:6cb20a2, Jun 11 2025, 16:15:46) [MSC v.1943 64 bit (AMD64)]" os-version="11" platform="Windows" cwd="C:\Users\BracklyMurunga\Desktop\AI SUNDAYS\Griot\griot\griot" machine-name="AMD64" user="" user-domain="" culture="en_US" uiculture="en_US" os-architecture="64bit" /><failure><message><![CDATA[]]></message><stack-trace><![CDATA[None]]></stack-trace></failure><reason><message><![CDATA[]]></message></reason><output><![CDATA[]]></output></test-case><test-case id="191" name="tests/core/test_contract.py::TestLintContract::test_lint_issue_with_field" fullname="tests/core/test_contract.py::TestLintContract::test_lint_issue_with_field" methodname="test_lint_issue_with_field" classname="TestLintContract" runstate="Runnable" seed="1" result="Passed" label="Test LintIssue string with field name." start-time="2026-01-10 15:15:24.488739" end-time="2026-01-10 15:15:24.489516" duration="0.000777" asserts="0"><properties><property name="python-version" value="3.13.5 (tags/v3.13.5:6cb20a2, Jun 11 2025, 16:15:46) [MSC v.1943 64 bit (AMD64)]" /><property name="fspath" value="tests/core/test_contract.py" /></properties><environment framework-version="3.6.2" clr-version="3.13.5 (tags/v3.13.5:6cb20a2, Jun 11 2025, 16:15:46) [MSC v.1943 64 bit (AMD64)]" os-version="11" platform="Windows" cwd="C:\Users\BracklyMurunga\Desktop\AI SUNDAYS\Griot\griot\griot" machine-name="AMD64" user="" user-domain="" culture="en_US" uiculture="en_US" os-architecture="64bit" /><failure><message><![CDATA[]]></message><stack-trace><![CDATA[None]]></stack-trace></failure><reason><message><![CDATA[]]></message></reason><output><![CDATA[]]></output></test-case><environment framework-version="3.6.2" clr-version="3.13.5 (tags/v3.13.5:6cb20a2, Jun 11 2025, 16:15:46) [MSC v.1943 64 bit (AMD64)]" os-version="11" platform="Windows" cwd="C:\Users\BracklyMurunga\Desktop\AI SUNDAYS\Griot\griot\griot" machine-name="AMD64" user="" user-domain="" culture="en_US" uiculture="en_US" os-architecture="64bit" /></test-suite><test-suite id="tests/core/test_models.py::TestFieldPIIMetadata" name="tests/core/test_models.py::TestFieldPIIMetadata" fullname="tests/core/test_models.py::TestFieldPIIMetadata" methodname="" classname="" runstate="Runnable" type="Assembly" testcasecount="7" result="Passed" label="Tests for PII/privacy metadata in Field class." start-time="2026-01-10 15:15:24.914773" end-time="2026-01-10 15:15:24.924455" duration="0.009682" asserts="0" total="7" passed="7" failed="0" warnings="0" inconclusive="0" skipped="0"><properties><property name="python_version" value="3.13.5 (tags/v3.13.5:6cb20a2, Jun 11 2025, 16:15:46) [MSC v.1943 64 bit (AMD64)]" /></properties><test-case id="345" name="tests/core/test_models.py::TestFieldPIIMetadata::test_field_with_pii_category_string" fullname="tests/core/test_models.py::TestFieldPIIMetadata::test_field_with_pii_category_string" methodname="test_field_with_pii_category_string" classname="TestFieldPIIMetadata" runstate="Runnable" seed="1" result="Passed" label="Test field with PII category as string." start-time="2026-01-10 15:15:24.914773" end-time="2026-01-10 15:15:24.915390" duration="0.000617" asserts="0"><properties><property name="python-version" value="3.13.5 (tags/v3.13.5:6cb20a2, Jun 11 2025, 16:15:46) [MSC v.1943 64 bit (AMD64)]" /><property name="fspath" value="tests/core/test_models.py" /></properties><environment framework-version="3.6.2" clr-version="3.13.5 (tags/v3.13.5:6cb20a2, Jun 11 2025, 16:15:46) [MSC v.1943 64 bit (AMD64)]" os-version="11" platform="Windows" cwd="C:\Users\BracklyMurunga\Desktop\AI SUNDAYS\Griot\griot\griot" machine-name="AMD64" user="" user-domain="" culture="en_US" uiculture="en_US" os-architecture="64bit" /><failure><message><![CDATA[]]></message><stack-trace><![CDATA[None]]></stack-trace></failure><reason><message><![CDATA[]]></message></reason><output><![CDATA[]]></output></test-case><test-case id="346" name="tests/core/test_models.py::TestFieldPIIMetadata::test_field_with_pii_category_enum" fullname="tests/core/test_models.py::TestFieldPIIMetadata::test_field_with_pii_category_enum" methodname="test_field_with_pii_category_enum" classname="TestFieldPIIMetadata" runstate="Runnable" seed="1" result="Passed" label="Test field with PII category as enum." start-time="2026-01-10 15:15:24.915889" end-time="2026-01-10 15:15:24.916763" duration="0.000874" asserts="0"><properties><property name="python-version" value="3.13.5 (tags/v3.13.5:6cb20a2, Jun 11 2025, 16:15:46) [MSC v.1943 64 bit (AMD64)]" /><property name="fspath" value="tests/core/test_models.py" /></properties><environment framework-version="3.6.2" clr-version="3.13.5 (tags/v3.13.5:6cb20a2, Jun 11 2025, 16:15:46) [MSC v.1943 64 bit (AMD64)]" os-version="11" platform="Windows" cwd="C:\Users\BracklyMurunga\Desktop\AI SUNDAYS\Griot\griot\griot" machine-name="AMD64" user="" user-domain="" culture="en_US" uiculture="en_US" os-architecture="64bit" /><failure><message><![CDATA[]]></message><stack-trace><![CDATA[None]]></stack-trace></failure><reason><message><![CDATA[]]></message></reason><output><![CDATA[]]></output></test-case><test-case id="347" name="tests/core/test_models.py::TestFieldPIIMetadata::test_field_with_sensitivity_level_string" fullname="tests/core/test_models.py::TestFieldPIIMetadata::test_field_with_sensitivity_level_string" methodname="test_field_with_sensitivity_level_string" classname="TestFieldPIIMetadata" runstate="Runnable" seed="1" result="Passed" label="Test field with sensitivity level as string." start-time="2026-01-10 15:15:24.917225" end-time="2026-01-10 15:15:24.917983" duration="0.000758" asserts="0"><properties><property name="python-version" value="3.13.5 (tags/v3.13.5:6cb20a2, Jun 11 2025, 16:15:46) [MSC v.1943 64 bit (AMD64)]" /><property name="fspath" value="tests/core/test_models.py" /></properties><environment framework-version="3.6.2" clr-version="3.13.5 (tags/v3.13.5:6cb20a2, Jun 11 2025, 16:15:46) [MSC v.1943 64 bit (AMD64)]" os-version="11" platform="Windows" cwd="C:\Users\BracklyMurunga\Desktop\AI SUNDAYS\Griot\griot\griot" machine-name="AMD64" user="" user-domain="" culture="en_US" uiculture="en_US" os-architecture="64bit" /><failure><message><![CDATA[]]></message><stack-trace><![CDATA[None]]></stack-trace></failure><reason><message><![CDATA[]]></message></reason><output><![CDATA[]]></output></test-case><test-case id="348" name="tests/core/test_models.py::TestFieldPIIMetadata::test_field_with_sensitivity_level_enum" fullname="tests/core/test_models.py::TestFieldPIIMetadata::test_field_with_sensitivity_level_enum" methodname="test_field_with_sensitivity_level_enum" classname="TestFieldPIIMetadata" runstate="Runnable" seed="1" result="Passed" label="Test field with sensitivity level as enum." start-time="2026-01-10 15:15:24.918755" end-time="2026-01-10 15:15:24.919526" duration="0.000771" asserts="0"><properties><property name="python-version" value="3.13.5 (tags/v3.13.5:6cb20a2, Jun 11 2025, 16:15:46) [MSC v.1943 64 bit (AMD64)]" /><property name="fspath" value="tests/core/test_models.py" /></properties><environment framework-version="3.6.2" clr-version="3.13.5 (tags/v3.13.5:6cb20a2, Jun 11 2025, 16:15:46) [MSC v.1943 64 bit (AMD64)]" os-version="11" platform="Windows" cwd="C:\Users\BracklyMurunga\Desktop\AI SUNDAYS\Griot\griot\griot" machine-name="AMD64" user="" user-domain="" culture="en_US" uiculture="en_US" os-architecture="64bit" /><failure><message><![CDATA[]]></message><stack-trace><![CDATA[None]]></stack-trace></failure><reason><message><![CDATA[]]></message></reason><output><![CDATA[]]></output></test-case><test-case id="349" name="tests/core/test_models.py::TestFieldPIIMetadata::test_field_with_masking_strategy_string" fullname="tests/core/test_models.py::TestFieldPIIMetadata::test_field_with_masking_strategy_string" methodname="test_field_with_masking_strategy_string" classname="TestFieldPIIMetadata" runstate="Runnable" seed="1" result="Passed" label="Test field with masking strategy as string." start-time="2026-01-10 15:15:24.920008" end-time="2026-01-10 15:15:24.920718" duration="0.00071" asserts="0"><properties><property name="python-version" value="3.13.5 (tags/v3.13.5:6cb20a2, Jun 11 2025, 16:15:46) [MSC v.1943 64 bit (AMD64)]" /><property name="fspath" value="tests/core/test_models.py" /></properties><environment framework-version="3.6.2" clr-version="3.13.5 (tags/v3.13.5:6cb20a2, Jun 11 2025, 16:15:46) [MSC v.1943 64 bit (AMD64)]" os-version="11" platform="Windows" cwd="C:\Users\BracklyMurunga\Desktop\AI SUNDAYS\Griot\griot\griot" machine-name="AMD64" user="" user-domain="" culture="en_US" uiculture="en_US" os-architecture="64bit" /><failure><message><![CDATA[]]></message><stack-trace><![CDATA[None]]></stack-trace></failure><reason><message><![CDATA[]]></message></reason><output><![CDATA[]]></output></test-case><test-case id="350" name="tests/core/test_models.py::TestFieldPIIMetadata::test_field_with_legal_basis_string" fullname="tests/core/test_models.py::TestFieldPIIMetadata::test_field_with_legal_basis_string" methodname="test_field_with_legal_basis_string" classname="TestFieldPIIMetadata" runstate="Runnable" seed="1" result="Passed" label="Test field with legal basis as string." start-time="2026-01-10 15:15:24.922051" end-time="2026-01-10 15:15:24.922923" duration="0.000872" asserts="0"><properties><property name="python-version" value="3.13.5 (tags/v3.13.5:6cb20a2, Jun 11 2025, 16:15:46) [MSC v.1943 64 bit (AMD64)]" /><property name="fspath" value="tests/core/test_models.py" /></properties><environment framework-version="3.6.2" clr-version="3.13.5 (tags/v3.13.5:6cb20a2, Jun 11 2025, 16:15:46) [MSC v.1943 64 bit (AMD64)]" os-version="11" platform="Windows" cwd="C:\Users\BracklyMurunga\Desktop\AI SUNDAYS\Griot\griot\griot" machine-name="AMD64" user="" user-domain="" culture="en_US" uiculture="en_US" os-architecture="64bit" /><failure><message><![CDATA[]]></message><stack-trace><![CDATA[None]]></stack-trace></failure><reason><message><![CDATA[]]></message></reason><output><![CDATA[]]></output></test-case><test-case id="351" name="tests/core/test_models.py::TestFieldPIIMetadata::test_field_with_full_pii_metadata" fullname="tests/core/test_models.py::TestFieldPIIMetadata::test_field_with_full_pii_metadata" methodname="test_field_with_full_pii_metadata" classname="TestFieldPIIMetadata" runstate="Runnable" seed="1" result="Passed" label="Test field with all PII metadata." start-time="2026-01-10 15:15:24.923599" end-time="2026-01-10 15:15:24.924455" duration="0.000856" asserts="0"><properties><property name="python-version" value="3.13.5 (tags/v3.13.5:6cb20a2, Jun 11 2025, 16:15:46) [MSC v.1943 64 bit (AMD64)]" /><property name="fspath" value="tests/core/test_models.py" /></properties><environment framework-version="3.6.2" clr-version="3.13.5 (tags/v3.13.5:6cb20a2, Jun 11 2025, 16:15:46) [MSC v.1943 64 bit (AMD64)]" os-version="11" platform="Windows" cwd="C:\Users\BracklyMurunga\Desktop\AI SUNDAYS\Griot\griot\griot" machine-name="AMD64" user="" user-domain="" culture="en_US" uiculture="en_US" os-architecture="64bit" /><failure><message><![CDATA[]]></message><stack-trace><![CDATA[None]]></stack-trace></failure><reason><message><![CDATA[]]></message></reason><output><![CDATA[]]></output></test-case><environment framework-version="3.6.2" clr-version="3.13.5 (tags/v3.13.5:6cb20a2, Jun 11 2025, 16:15:46) [MSC v.1943 64 bit (AMD64)]" os-version="11" platform="Windows" cwd="C:\Users\BracklyMurunga\Desktop\AI SUNDAYS\Griot\griot\griot" machine-name="AMD64" user="" user-domain="" culture="en_US" uiculture="en_US" os-architecture="64bit" /></test-suite><test-suite id="tests/core/test_reports.py::TestReportOutputFormats" name="tests/core/test_reports.py::TestReportOutputFormats" fullname="tests/core/test_reports.py::TestReportOutputFormats" methodname="" classname="" runstate="Runnable" type="Assembly" testcasecount="4" result="Passed" label="Tests for report output format consistency." start-time="2026-01-10 15:15:25.023208" end-time="2026-01-10 15:15:25.027274" duration="0.004066" asserts="0" total="4" passed="4" failed="0" warnings="0" inconclusive="0" skipped="0"><properties><property name="python_version" value="3.13.5 (tags/v3.13.5:6cb20a2, Jun 11 2025, 16:15:46) [MSC v.1943 64 bit (AMD64)]" /></properties><test-case id="431" name="tests/core/test_reports.py::TestReportOutputFormats::test_analytics_report_json_parseable" fullname="tests/core/test_reports.py::TestReportOutputFormats::test_analytics_report_json_parseable" methodname="test_analytics_report_json_parseable" classname="TestReportOutputFormats" runstate="Runnable" seed="1" result="Passed" label="Test analytics report JSON is parseable." start-time="2026-01-10 15:15:25.023208" end-time="2026-01-10 15:15:25.023899" duration="0.000691" asserts="0"><properties><property name="python-version" value="3.13.5 (tags/v3.13.5:6cb20a2, Jun 11 2025, 16:15:46) [MSC v.1943 64 bit (AMD64)]" /><property name="fspath" value="tests/core/test_reports.py" /></properties><environment framework-version="3.6.2" clr-version="3.13.5 (tags/v3.13.5:6cb20a2, Jun 11 2025, 16:15:46) [MSC v.1943 64 bit (AMD64)]" os-version="11" platform="Windows" cwd="C:\Users\BracklyMurunga\Desktop\AI SUNDAYS\Griot\griot\griot" machine-name="AMD64" user="" user-domain="" culture="en_US" uiculture="en_US" os-architecture="64bit" /><failure><message><![CDATA[]]></message><stack-trace><![CDATA[None]]></stack-trace></failure><reason><message><![CDATA[]]></message></reason><output><![CDATA[]]></output></test-case><test-case id="432" name="tests/core/test_reports.py::TestReportOutputFormats::test_ai_readiness_report_json_parseable" fullname="tests/core/test_reports.py::TestReportOutputFormats::test_ai_readiness_report_json_parseable" methodname="test_ai_readiness_report_json_parseable" classname="TestReportOutputFormats" runstate="Runnable" seed="1" result="Passed" label="Test AI readiness report JSON is parseable." start-time="2026-01-10 15:15:25.024349" end-time="2026-01-10 15:15:25.025089" duration="0.00074" asserts="0"><properties><property name="python-version" value="3.13.5 (tags/v3.13.5:6cb20a2, Jun 11 2025, 16:15:46) [MSC v.1943 64 bit (AMD64)]" /><property name="fspath" value="tests/core/test_reports.py" /></properties><environment framework-version="3.6.2" clr-version="3.13.5 (tags/v3.13.5:6cb20a2, Jun 11 2025, 16:15:46) [MSC v.1943 64 bit (AMD64)]" os-version="11" platform="Windows" cwd="C:\Users\BracklyMurunga\Desktop\AI SUNDAYS\Griot\griot\griot" machine-name="AMD64" user="" user-domain="" culture="en_US" uiculture="en_US" os-architecture="64bit" /><failure><message><![CDATA[]]></message><stack-trace><![CDATA[None]]></stack-trace></failure><reason><message><![CDATA[]]></message></reason><output><![CDATA[]]></output></test-case><test-case id="433" name="tests/core/test_reports.py::TestReportOutputFormats::test_analytics_report_markdown_headers" fullname="tests/core/test_reports.py::TestReportOutputFormats::test_analytics_report_markdown_headers" methodname="test_analytics_report_markdown_headers" classname="TestReportOutputFormats" runstate="Runnable" seed="1" result="Passed" label="Test analytics report markdown has proper headers." start-time="2026-01-10 15:15:25.025593" end-time="2026-01-10 15:15:25.026192" duration="0.000599" asserts="0"><properties><property name="python-version" value="3.13.5 (tags/v3.13.5:6cb20a2, Jun 11 2025, 16:15:46) [MSC v.1943 64 bit (AMD64)]" /><property name="fspath" value="tests/core/test_reports.py" /></properties><environment framework-version="3.6.2" clr-version="3.13.5 (tags/v3.13.5:6cb20a2, Jun 11 2025, 16:15:46) [MSC v.1943 64 bit (AMD64)]" os-version="11" platform="Windows" cwd="C:\Users\BracklyMurunga\Desktop\AI SUNDAYS\Griot\griot\griot" machine-name="AMD64" user="" user-domain="" culture="en_US" uiculture="en_US" os-architecture="64bit" /><failure><message><![CDATA[]]></message><stack-trace><![CDATA[None]]></stack-trace></failure><reason><message><![CDATA[]]></message></reason><output><![CDATA[]]></output></test-case><test-case id="434" name="tests/core/test_reports.py::TestReportOutputFormats::test_ai_readiness_report_markdown_headers" fullname="tests/core/test_reports.py::TestReportOutputFormats::test_ai_readiness_report_markdown_headers" methodname="test_ai_readiness_report_markdown_headers" classname="TestReportOutputFormats" runstate="Runnable" seed="1" result="Passed" label="Test AI readiness report markdown has proper headers." start-time="2026-01-10 15:15:25.026640" end-time="2026-01-10 15:15:25.027274" duration="0.000634" asserts="0"><properties><property name="python-version" value="3.13.5 (tags/v3.13.5:6cb20a2, Jun 11 2025, 16:15:46) [MSC v.1943 64 bit (AMD64)]" /><property name="fspath" value="tests/core/test_reports.py" /></properties><environment framework-version="3.6.2" clr-version="3.13.5 (tags/v3.13.5:6cb20a2, Jun 11 2025, 16:15:46) [MSC v.1943 64 bit (AMD64)]" os-version="11" platform="Windows" cwd="C:\Users\BracklyMurunga\Desktop\AI SUNDAYS\Griot\griot\griot" machine-name="AMD64" user="" user-domain="" culture="en_US" uiculture="en_US" os-architecture="64bit" /><failure><message><![CDATA[]]></message><stack-trace><![CDATA[None]]></stack-trace></failure><reason><message><![CDATA[]]></message></reason><output><![CDATA[]]></output></test-case><environment framework-version="3.6.2" clr-version="3.13.5 (tags/v3.13.5:6cb20a2, Jun 11 2025, 16:15:46) [MSC v.1943 64 bit (AMD64)]" os-version="11" platform="Windows" cwd="C:\Users\BracklyMurunga\Desktop\AI SUNDAYS\Griot\griot\griot" machine-name="AMD64" user="" user-domain="" culture="en_US" uiculture="en_US" os-architecture="64bit" /></test-suite><test-suite id="tests/core/test_contract.py::TestModelToYaml" name="tests/core/test_contract.py::TestModelToYaml" fullname="tests/core/test_contract.py::TestModelToYaml" methodname="" classname="" runstate="Runnable" type="Assembly" testcasecount="5" result="Passed" label="Tests for model_to_yaml function." start-time="2026-01-10 15:15:24.435868" end-time="2026-01-10 15:15:24.445406" duration="0.009538" asserts="0" total="5" passed="5" failed="0" warnings="0" inconclusive="0" skipped="0"><properties><property name="python_version" value="3.13.5 (tags/v3.13.5:6cb20a2, Jun 11 2025, 16:15:46) [MSC v.1943 64 bit (AMD64)]" /></properties><test-case id="168" name="tests/core/test_contract.py::TestModelToYaml::test_model_to_yaml_basic" fullname="tests/core/test_contract.py::TestModelToYaml::test_model_to_yaml_basic" methodname="test_model_to_yaml_basic" classname="TestModelToYaml" runstate="Runnable" seed="1" result="Passed" label="Test converting a basic model to YAML." start-time="2026-01-10 15:15:24.435868" end-time="2026-01-10 15:15:24.437281" duration="0.001413" asserts="0"><properties><property name="python-version" value="3.13.5 (tags/v3.13.5:6cb20a2, Jun 11 2025, 16:15:46) [MSC v.1943 64 bit (AMD64)]" /><property name="fspath" value="tests/core/test_contract.py" /></properties><environment framework-version="3.6.2" clr-version="3.13.5 (tags/v3.13.5:6cb20a2, Jun 11 2025, 16:15:46) [MSC v.1943 64 bit (AMD64)]" os-version="11" platform="Windows" cwd="C:\Users\BracklyMurunga\Desktop\AI SUNDAYS\Griot\griot\griot" machine-name="AMD64" user="" user-domain="" culture="en_US" uiculture="en_US" os-architecture="64bit" /><failure><message><![CDATA[]]></message><stack-trace><![CDATA[None]]></stack-trace></failure><reason><message><![CDATA[]]></message></reason><output><![CDATA[]]></output></test-case><test-case id="169" name="tests/core/test_contract.py::TestModelToYaml::test_model_to_yaml_with_constraints" fullname="tests/core/test_contract.py::TestModelToYaml::test_model_to_yaml_with_constraints" methodname="test_model_to_yaml_with_constraints" classname="TestModelToYaml" runstate="Runnable" seed="1" result="Passed" label="Test converting a model with constraints to YAML." start-time="2026-01-10 15:15:24.437956" end-time="2026-01-10 15:15:24.439232" duration="0.001276" asserts="0"><properties><property name="python-version" value="3.13.5 (tags/v3.13.5:6cb20a2, Jun 11 2025, 16:15:46) [MSC v.1943 64 bit (AMD64)]" /><property name="fspath" value="tests/core/test_contract.py" /></properties><environment framework-version="3.6.2" clr-version="3.13.5 (tags/v3.13.5:6cb20a2, Jun 11 2025, 16:15:46) [MSC v.1943 64 bit (AMD64)]" os-version="11" platform="Windows" cwd="C:\Users\BracklyMurunga\Desktop\AI SUNDAYS\Griot\griot\griot" machine-name="AMD64" user="" user-domain="" culture="en_US" uiculture="en_US" os-architecture="64bit" /><failure><message><![CDATA[]]></message><stack-trace><![CDATA[None]]></stack-trace></failure><reason><message><![CDATA[]]></message></reason><output><![CDATA[]]></output></test-case><test-case id="170" name="tests/core/test_contract.py::TestModelToYaml::test_model_to_yaml_with_nullable" fullname="tests/core/test_contract.py::TestModelToYaml::test_model_to_yaml_with_nullable" methodname="test_model_to_yaml_with_nullable" classname="TestModelToYaml" runstate="Runnable" seed="1" result="Passed" label="Test converting a model with nullable field to YAML." start-time="2026-01-10 15:15:24.439823" end-time="2026-01-10 15:15:24.440843" duration="0.00102" asserts="0"><properties><property name="python-version" value="3.13.5 (tags/v3.13.5:6cb20a2, Jun 11 2025, 16:15:46) [MSC v.1943 64 bit (AMD64)]" /><property name="fspath" value="tests/core/test_contract.py" /></properties><environment framework-version="3.6.2" clr-version="3.13.5 (tags/v3.13.5:6cb20a2, Jun 11 2025, 16:15:46) [MSC v.1943 64 bit (AMD64)]" os-version="11" platform="Windows" cwd="C:\Users\BracklyMurunga\Desktop\AI SUNDAYS\Griot\griot\griot" machine-name="AMD64" user="" user-domain="" culture="en_US" uiculture="en_US" os-architecture="64bit" /><failure><message><![CDATA[]]></message><stack-trace><![CDATA[None]]></stack-trace></failure><reason><message><![CDATA[]]></message></reason><output><![CDATA[]]></output></test-case><test-case id="171" name="tests/core/test_contract.py::TestModelToYaml::test_model_to_yaml_with_enum" fullname="tests/core/test_contract.py::TestModelToYaml::test_model_to_yaml_with_enum" methodname="test_model_to_yaml_with_enum" classname="TestModelToYaml" runstate="Runnable" seed="1" result="Passed" label="Test converting a model with enum to YAML." start-time="2026-01-10 15:15:24.441426" end-time="2026-01-10 15:15:24.442387" duration="0.000961" asserts="0"><properties><property name="python-version" value="3.13.5 (tags/v3.13.5:6cb20a2, Jun 11 2025, 16:15:46) [MSC v.1943 64 bit (AMD64)]" /><property name="fspath" value="tests/core/test_contract.py" /></properties><environment framework-version="3.6.2" clr-version="3.13.5 (tags/v3.13.5:6cb20a2, Jun 11 2025, 16:15:46) [MSC v.1943 64 bit (AMD64)]" os-version="11" platform="Windows" cwd="C:\Users\BracklyMurunga\Desktop\AI SUNDAYS\Griot\griot\griot" machine-name="AMD64" user="" user-domain="" culture="en_US" uiculture="en_US" os-architecture="64bit" /><failure><message><![CDATA[]]></message><stack-trace><![CDATA[None]]></stack-trace></failure><reason><message><![CDATA[]]></message></reason><output><![CDATA[]]></output></test-case><test-case id="172" name="tests/core/test_contract.py::TestModelToYaml::test_model_to_yaml_roundtrip" fullname="tests/core/test_contract.py::TestModelToYaml::test_model_to_yaml_roundtrip" methodname="test_model_to_yaml_roundtrip" classname="TestModelToYaml" runstate="Runnable" seed="1" result="Passed" label="Test that model-&gt;YAML-&gt;model preserves structure." start-time="2026-01-10 15:15:24.442995" end-time="2026-01-10 15:15:24.445406" duration="0.002411" asserts="0"><properties><property name="python-version" value="3.13.5 (tags/v3.13.5:6cb20a2, Jun 11 2025, 16:15:46) [MSC v.1943 64 bit (AMD64)]" /><property name="fspath" value="tests/core/test_contract.py" /></properties><environment framework-version="3.6.2" clr-version="3.13.5 (tags/v3.13.5:6cb20a2, Jun 11 2025, 16:15:46) [MSC v.1943 64 bit (AMD64)]" os-version="11" platform="Windows" cwd="C:\Users\BracklyMurunga\Desktop\AI SUNDAYS\Griot\griot\griot" machine-name="AMD64" user="" user-domain="" culture="en_US" uiculture="en_US" os-architecture="64bit" /><failure><message><![CDATA[]]></message><stack-trace><![CDATA[None]]></stack-trace></failure><reason><message><![CDATA[]]></message></reason><output><![CDATA[]]></output></test-case><environment framework-version="3.6.2" clr-version="3.13.5 (tags/v3.13.5:6cb20a2, Jun 11 2025, 16:15:46) [MSC v.1943 64 bit (AMD64)]" os-version="11" platform="Windows" cwd="C:\Users\BracklyMurunga\Desktop\AI SUNDAYS\Griot\griot\griot" machine-name="AMD64" user="" user-domain="" culture="en_US" uiculture="en_US" os-architecture="64bit" /></test-suite><test-suite id="tests/core/test_contract.py::TestMetadataChange" name="tests/core/test_contract.py::TestMetadataChange" fullname="tests/core/test_contract.py::TestMetadataChange" methodname="" classname="" runstate="Runnable" type="Assembly" testcasecount="1" result="Passed" label="Tests for MetadataChange dataclass." start-
[...]
ed" label="Test multiple_of handles invalid type." start-time="2026-01-10 15:15:24.377249" end-time="2026-01-10 15:15:24.377779" duration="0.00053" asserts="0"><properties><property name="python-version" value="3.13.5 (tags/v3.13.5:6cb20a2, Jun 11 2025, 16:15:46) [MSC v.1943 64 bit (AMD64)]" /><property name="fspath" value="tests/core/test_constraints.py" /></properties><environment framework-version="3.6.2" clr-version="3.13.5 (tags/v3.13.5:6cb20a2, Jun 11 2025, 16:15:46) [MSC v.1943 64 bit (AMD64)]" os-version="11" platform="Windows" cwd="C:\Users\BracklyMurunga\Desktop\AI SUNDAYS\Griot\griot\griot" machine-name="AMD64" user="" user-domain="" culture="en_US" uiculture="en_US" os-architecture="64bit" /><failure><message><![CDATA[]]></message><stack-trace><![CDATA[None]]></stack-trace></failure><reason><message><![CDATA[]]></message></reason><output><![CDATA[]]></output></test-case><test-case id="148" name="tests/core/test_constraints.py::TestTypeCoercion::test_min_length_with_non_string" fullname="tests/core/test_constraints.py::TestTypeCoercion::test_min_length_with_non_string" methodname="test_min_length_with_non_string" classname="TestTypeCoercion" runstate="Runnable" seed="1" result="Passed" label="Test min_length converts to string." start-time="2026-01-10 15:15:24.378215" end-time="2026-01-10 15:15:24.378748" duration="0.000533" asserts="0"><properties><property name="python-version" value="3.13.5 (tags/v3.13.5:6cb20a2, Jun 11 2025, 16:15:46) [MSC v.1943 64 bit (AMD64)]" /><property name="fspath" value="tests/core/test_constraints.py" /></properties><environment framework-version="3.6.2" clr-version="3.13.5 (tags/v3.13.5:6cb20a2, Jun 11 2025, 16:15:46) [MSC v.1943 64 bit (AMD64)]" os-version="11" platform="Windows" cwd="C:\Users\BracklyMurunga\Desktop\AI SUNDAYS\Griot\griot\griot" machine-name="AMD64" user="" user-domain="" culture="en_US" uiculture="en_US" os-architecture="64bit" /><failure><message><![CDATA[]]></message><stack-trace><![CDATA[None]]></stack-trace></failure><reason><message><![CDATA[]]></message></reason><output><![CDATA[]]></output></test-case><environment framework-version="3.6.2" clr-version="3.13.5 (tags/v3.13.5:6cb20a2, Jun 11 2025, 16:15:46) [MSC v.1943 64 bit (AMD64)]" os-version="11" platform="Windows" cwd="C:\Users\BracklyMurunga\Desktop\AI SUNDAYS\Griot\griot\griot" machine-name="AMD64" user="" user-domain="" culture="en_US" uiculture="en_US" os-architecture="64bit" /></test-suite><test-suite id="tests/core/test_manifest.py::TestExportMarkdown" name="tests/core/test_manifest.py::TestExportMarkdown" fullname="tests/core/test_manifest.py::TestExportMarkdown" methodname="" classname="" runstate="Runnable" type="Assembly" testcasecount="10" result="Passed" label="Tests for Markdown export format." start-time="2026-01-10 15:15:24.590580" end-time="2026-01-10 15:15:24.600831" duration="0.010251" asserts="0" total="10" passed="10" failed="0" warnings="0" inconclusive="0" skipped="0"><properties><property name="python_version" value="3.13.5 (tags/v3.13.5:6cb20a2, Jun 11 2025, 16:15:46) [MSC v.1943 64 bit (AMD64)]" /></properties><test-case id="255" name="tests/core/test_manifest.py::TestExportMarkdown::test_export_markdown_basic" fullname="tests/core/test_manifest.py::TestExportMarkdown::test_export_markdown_basic" methodname="test_export_markdown_basic" classname="TestExportMarkdown" runstate="Runnable" seed="1" result="Passed" label="Test basic Markdown export." start-time="2026-01-10 15:15:24.590580" end-time="2026-01-10 15:15:24.591147" duration="0.000567" asserts="0"><properties><property name="python-version" value="3.13.5 (tags/v3.13.5:6cb20a2, Jun 11 2025, 16:15:46) [MSC v.1943 64 bit (AMD64)]" /><property name="fspath" value="tests/core/test_manifest.py" /></properties><environment framework-version="3.6.2" clr-version="3.13.5 (tags/v3.13.5:6cb20a2, Jun 11 2025, 16:15:46) [MSC v.1943 64 bit (AMD64)]" os-version="11" platform="Windows" cwd="C:\Users\BracklyMurunga\Desktop\AI SUNDAYS\Griot\griot\griot" machine-name="AMD64" user="" user-domain="" culture="en_US" uiculture="en_US" os-architecture="64bit" /><failure><message><![CDATA[]]></message><stack-trace><![CDATA[None]]></stack-trace></failure><reason><message><![CDATA[]]></message></reason><output><![CDATA[]]></output></test-case><test-case id="256" name="tests/core/test_manifest.py::TestExportMarkdown::test_export_markdown_table" fullname="tests/core/test_manifest.py::TestExportMarkdown::test_export_markdown_table" methodname="test_export_markdown_table" classname="TestExportMarkdown" runstate="Runnable" seed="1" result="Passed" label="Test Markdown includes field table." start-time="2026-01-10 15:15:24.591547" end-time="2026-01-10 15:15:24.592057" duration="0.00051" asserts="0"><properties><property name="python-version" value="3.13.5 (tags/v3.13.5:6cb20a2, Jun 11 2025, 16:15:46) [MSC v.1943 64 bit (AMD64)]" /><property name="fspath" value="tests/core/test_manifest.py" /></properties><environment framework-version="3.6.2" clr-version="3.13.5 (tags/v3.13.5:6cb20a2, Jun 11 2025, 16:15:46) [MSC v.1943 64 bit (AMD64)]" os-version="11" platform="Windows" cwd="C:\Users\BracklyMurunga\Desktop\AI SUNDAYS\Griot\griot\griot" machine-name="AMD64" user="" user-domain="" culture="en_US" uiculture="en_US" os-architecture="64bit" /><failure><message><![CDATA[]]></message><stack-trace><![CDATA[None]]></stack-trace></failure><reason><message><![CDATA[]]></message></reason><output><![CDATA[]]></output></test-case><test-case id="257" name="tests/core/test_manifest.py::TestExportMarkdown::test_export_markdown_field_entries" fullname="tests/core/test_manifest.py::TestExportMarkdown::test_export_markdown_field_entries" methodname="test_export_markdown_field_entries" classname="TestExportMarkdown" runstate="Runnable" seed="1" result="Passed" label="Test Markdown includes field entries." start-time="2026-01-10 15:15:24.592437" end-time="2026-01-10 15:15:24.592954" duration="0.000517" asserts="0"><properties><property name="python-version" value="3.13.5 (tags/v3.13.5:6cb20a2, Jun 11 2025, 16:15:46) [MSC v.1943 64 bit (AMD64)]" /><property name="fspath" value="tests/core/test_manifest.py" /></properties><environment framework-version="3.6.2" clr-version="3.13.5 (tags/v3.13.5:6cb20a2, Jun 11 2025, 16:15:46) [MSC v.1943 64 bit (AMD64)]" os-version="11" platform="Windows" cwd="C:\Users\BracklyMurunga\Desktop\AI SUNDAYS\Griot\griot\griot" machine-name="AMD64" user="" user-domain="" culture="en_US" uiculture="en_US" os-architecture="64bit" /><failure><message><![CDATA[]]></message><stack-trace><![CDATA[None]]></stack-trace></failure><reason><message><![CDATA[]]></message></reason><output><![CDATA[]]></output></test-case><test-case id="258" name="tests/core/test_manifest.py::TestExportMarkdown::test_export_markdown_constraints" fullname="tests/core/test_manifest.py::TestExportMarkdown::test_export_markdown_constraints" methodname="test_export_markdown_constraints" classname="TestExportMarkdown" runstate="Runnable" seed="1" result="Passed" label="Test Markdown shows constraints." start-time="2026-01-10 15:15:24.593334" end-time="2026-01-10 15:15:24.593845" duration="0.000511" asserts="0"><properties><property name="python-version" value="3.13.5 (tags/v3.13.5:6cb20a2, Jun 11 2025, 16:15:46) [MSC v.1943 64 bit (AMD64)]" /><property name="fspath" value="tests/core/test_manifest.py" /></properties><environment framework-version="3.6.2" clr-version="3.13.5 (tags/v3.13.5:6cb20a2, Jun 11 2025, 16:15:46) [MSC v.1943 64 bit (AMD64)]" os-version="11" platform="Windows" cwd="C:\Users\BracklyMurunga\Desktop\AI SUNDAYS\Griot\griot\griot" machine-name="AMD64" user="" user-domain="" culture="en_US" uiculture="en_US" os-architecture="64bit" /><failure><message><![CDATA[]]></message><stack-trace><![CDATA[None]]></stack-trace></failure><reason><message><![CDATA[]]></message></reason><output><![CDATA[]]></output></test-case><test-case id="259" name="tests/core/test_manifest.py::TestExportMarkdown::test_export_markdown_nullable" fullname="tests/core/test_manifest.py::TestExportMarkdown::test_export_markdown_nullable" methodname="test_export_markdown_nullable" classname="TestExportMarkdown" runstate="Runnable" seed="1" result="Passed" label="Test Markdown shows nullable indicator." start-time="2026-01-10 15:15:24.594238" end-time="2026-01-10 15:15:24.595190" duration="0.000952" asserts="0"><properties><property name="python-version" value="3.13.5 (tags/v3.13.5:6cb20a2, Jun 11 2025, 16:15:46) [MSC v.1943 64 bit (AMD64)]" /><property name="fspath" value="tests/core/test_manifest.py" /></properties><environment framework-version="3.6.2" clr-version="3.13.5 (tags/v3.13.5:6cb20a2, Jun 11 2025, 16:15:46) [MSC v.1943 64 bit (AMD64)]" os-version="11" platform="Windows" cwd="C:\Users\BracklyMurunga\Desktop\AI SUNDAYS\Griot\griot\griot" machine-name="AMD64" user="" user-domain="" culture="en_US" uiculture="en_US" os-architecture="64bit" /><failure><message><![CDATA[]]></message><stack-trace><![CDATA[None]]></stack-trace></failure><reason><message><![CDATA[]]></message></reason><output><![CDATA[]]></output></test-case><test-case id="260" name="tests/core/test_manifest.py::TestExportMarkdown::test_export_markdown_field_details" fullname="tests/core/test_manifest.py::TestExportMarkdown::test_export_markdown_field_details" methodname="test_export_markdown_field_details" classname="TestExportMarkdown" runstate="Runnable" seed="1" result="Passed" label="Test Markdown includes field details section." start-time="2026-01-10 15:15:24.596066" end-time="2026-01-10 15:15:24.596776" duration="0.00071" asserts="0"><properties><property name="python-version" value="3.13.5 (tags/v3.13.5:6cb20a2, Jun 11 2025, 16:15:46) [MSC v.1943 64 bit (AMD64)]" /><property name="fspath" value="tests/core/test_manifest.py" /></properties><environment framework-version="3.6.2" clr-version="3.13.5 (tags/v3.13.5:6cb20a2, Jun 11 2025, 16:15:46) [MSC v.1943 64 bit (AMD64)]" os-version="11" platform="Windows" cwd="C:\Users\BracklyMurunga\Desktop\AI SUNDAYS\Griot\griot\griot" machine-name="AMD64" user="" user-domain="" culture="en_US" uiculture="en_US" os-architecture="64bit" /><failure><message><![CDATA[]]></message><stack-trace><![CDATA[None]]></stack-trace></failure><reason><message><![CDATA[]]></message></reason><output><![CDATA[]]></output></test-case><test-case id="261" name="tests/core/test_manifest.py::TestExportMarkdown::test_export_markdown_enum_values" fullname="tests/core/test_manifest.py::TestExportMarkdown::test_export_markdown_enum_values" methodname="test_export_markdown_enum_values" classname="TestExportMarkdown" runstate="Runnable" seed="1" result="Passed" label="Test Markdown shows enum values in details." start-time="2026-01-10 15:15:24.597262" end-time="2026-01-10 15:15:24.597868" duration="0.000606" asserts="0"><properties><property name="python-version" value="3.13.5 (tags/v3.13.5:6cb20a2, Jun 11 2025, 16:15:46) [MSC v.1943 64 bit (AMD64)]" /><property name="fspath" value="tests/core/test_manifest.py" /></properties><environment framework-version="3.6.2" clr-version="3.13.5 (tags/v3.13.5:6cb20a2, Jun 11 2025, 16:15:46) [MSC v.1943 64 bit (AMD64)]" os-version="11" platform="Windows" cwd="C:\Users\BracklyMurunga\Desktop\AI SUNDAYS\Griot\griot\griot" machine-name="AMD64" user="" user-domain="" culture="en_US" uiculture="en_US" os-architecture="64bit" /><failure><message><![CDATA[]]></message><stack-trace><![CDATA[None]]></stack-trace></failure><reason><message><![CDATA[]]></message></reason><output><![CDATA[]]></output></test-case><test-case id="262" name="tests/core/test_manifest.py::TestExportMarkdown::test_export_markdown_pattern" fullname="tests/core/test_manifest.py::TestExportMarkdown::test_export_markdown_pattern" methodname="test_export_markdown_pattern" classname="TestExportMarkdown" runstate="Runnable" seed="1" result="Passed" label="Test Markdown shows pattern in details." start-time="2026-01-10 15:15:24.598282" end-time="2026-01-10 15:15:24.598798" duration="0.000516" asserts="0"><properties><property name="python-version" value="3.13.5 (tags/v3.13.5:6cb20a2, Jun 11 2025, 16:15:46) [MSC v.1943 64 bit (AMD64)]" /><property name="fspath" value="tests/core/test_manifest.py" /></properties><environment framework-version="3.6.2" clr-version="3.13.5 (tags/v3.13.5:6cb20a2, Jun 11 2025, 16:15:46) [MSC v.1943 64 bit (AMD64)]" os-version="11" platform="Windows" cwd="C:\Users\BracklyMurunga\Desktop\AI SUNDAYS\Griot\griot\griot" machine-name="AMD64" user="" user-domain="" culture="en_US" uiculture="en_US" os-architecture="64bit" /><failure><message><![CDATA[]]></message><stack-trace><![CDATA[None]]></stack-trace></failure><reason><message><![CDATA[]]></message></reason><output><![CDATA[]]></output></test-case><test-case id="263" name="tests/core/test_manifest.py::TestExportMarkdown::test_export_markdown_unit" fullname="tests/core/test_manifest.py::TestExportMarkdown::test_export_markdown_unit" methodname="test_export_markdown_unit" classname="TestExportMarkdown" runstate="Runnable" seed="1" result="Passed" label="Test Markdown shows unit in details." start-time="2026-01-10 15:15:24.599187" end-time="2026-01-10 15:15:24.599768" duration="0.000581" asserts="0"><properties><property name="python-version" value="3.13.5 (tags/v3.13.5:6cb20a2, Jun 11 2025, 16:15:46) [MSC v.1943 64 bit (AMD64)]" /><property name="fspath" value="tests/core/test_manifest.py" /></properties><environment framework-version="3.6.2" clr-version="3.13.5 (tags/v3.13.5:6cb20a2, Jun 11 2025, 16:15:46) [MSC v.1943 64 bit (AMD64)]" os-version="11" platform="Windows" cwd="C:\Users\BracklyMurunga\Desktop\AI SUNDAYS\Griot\griot\griot" machine-name="AMD64" user="" user-domain="" culture="en_US" uiculture="en_US" os-architecture="64bit" /><failure><message><![CDATA[]]></message><stack-trace><![CDATA[None]]></stack-trace></failure><reason><message><![CDATA[]]></message></reason><output><![CDATA[]]></output></test-case><test-case id="264" name="tests/core/test_manifest.py::TestExportMarkdown::test_export_markdown_description" fullname="tests/core/test_manifest.py::TestExportMarkdown::test_export_markdown_description" methodname="test_export_markdown_description" classname="TestExportMarkdown" runstate="Runnable" seed="1" result="Passed" label="Test Markdown includes model docstring." start-time="2026-01-10 15:15:24.600240" end-time="2026-01-10 15:15:24.600831" duration="0.000591" asserts="0"><properties><property name="python-version" value="3.13.5 (tags/v3.13.5:6cb20a2, Jun 11 2025, 16:15:46) [MSC v.1943 64 bit (AMD64)]" /><property name="fspath" value="tests/core/test_manifest.py" /></properties><environment framework-version="3.6.2" clr-version="3.13.5 (tags/v3.13.5:6cb20a2, Jun 11 2025, 16:15:46) [MSC v.1943 64 bit (AMD64)]" os-version="11" platform="Windows" cwd="C:\Users\BracklyMurunga\Desktop\AI SUNDAYS\Griot\griot\griot" machine-name="AMD64" user="" user-domain="" culture="en_US" uiculture="en_US" os-architecture="64bit" /><failure><message><![CDATA[]]></message><stack-trace><![CDATA[None]]></stack-trace></failure><reason><message><![CDATA[]]></message></reason><output><![CDATA[]]></output></test-case><environment framework-version="3.6.2" clr-version="3.13.5 (tags/v3.13.5:6cb20a2, Jun 11 2025, 16:15:46) [MSC v.1943 64 bit (AMD64)]" os-version="11" platform="Windows" cwd="C:\Users\BracklyMurunga\Desktop\AI SUNDAYS\Griot\griot\griot" machine-name="AMD64" user="" user-domain="" culture="en_US" uiculture="en_US" os-architecture="64bit" /></test-suite><test-suite id="tests/core/test_mock.py::TestMockRanges" name="tests/core/test_mock.py::TestMockRanges" fullname="tests/core/test_mock.py::TestMockRanges" methodname="" classname="" runstate="Runnable" type="Assembly" testcasecount="3" result="Passed" label="Tests for range constraint handling." start-time="2026-01-10 15:15:24.711778" end-time="2026-01-10 15:15:24.719818" duration="0.00804" asserts="0" total="3" passed="3" failed="0" warnings="0" inconclusive="0" skipped="0"><properties><property name="python_version" value="3.13.5 (tags/v3.13.5:6cb20a2, Jun 11 2025, 16:15:46) [MSC v.1943 64 bit (AMD64)]" /></properties><test-case id="307" name="tests/core/test_mock.py::TestMockRanges::test_mock_gt_constraint" fullname="tests/core/test_mock.py::TestMockRanges::test_mock_gt_constraint" methodname="test_mock_gt_constraint" classname="TestMockRanges" runstate="Runnable" seed="1" result="Passed" label="Test mock data respects gt constraint." start-time="2026-01-10 15:15:24.711778" end-time="2026-01-10 15:15:24.713061" duration="0.001283" asserts="0"><properties><property name="python-version" value="3.13.5 (tags/v3.13.5:6cb20a2, Jun 11 2025, 16:15:46) [MSC v.1943 64 bit (AMD64)]" /><property name="fspath" value="tests/core/test_mock.py" /></properties><environment framework-version="3.6.2" clr-version="3.13.5 (tags/v3.13.5:6cb20a2, Jun 11 2025, 16:15:46) [MSC v.1943 64 bit (AMD64)]" os-version="11" platform="Windows" cwd="C:\Users\BracklyMurunga\Desktop\AI SUNDAYS\Griot\griot\griot" machine-name="AMD64" user="" user-domain="" culture="en_US" uiculture="en_US" os-architecture="64bit" /><failure><message><![CDATA[]]></message><stack-trace><![CDATA[None]]></stack-trace></failure><reason><message><![CDATA[]]></message></reason><output><![CDATA[]]></output></test-case><test-case id="308" name="tests/core/test_mock.py::TestMockRanges::test_mock_lt_constraint" fullname="tests/core/test_mock.py::TestMockRanges::test_mock_lt_constraint" methodname="test_mock_lt_constraint" classname="TestMockRanges" runstate="Runnable" seed="1" result="Passed" label="Test mock data respects lt constraint." start-time="2026-01-10 15:15:24.713544" end-time="2026-01-10 15:15:24.714738" duration="0.001194" asserts="0"><properties><property name="python-version" value="3.13.5 (tags/v3.13.5:6cb20a2, Jun 11 2025, 16:15:46) [MSC v.1943 64 bit (AMD64)]" /><property name="fspath" value="tests/core/test_mock.py" /></properties><environment framework-version="3.6.2" clr-version="3.13.5 (tags/v3.13.5:6cb20a2, Jun 11 2025, 16:15:46) [MSC v.1943 64 bit (AMD64)]" os-version="11" platform="Windows" cwd="C:\Users\BracklyMurunga\Desktop\AI SUNDAYS\Griot\griot\griot" machine-name="AMD64" user="" user-domain="" culture="en_US" uiculture="en_US" os-architecture="64bit" /><failure><message><![CDATA[]]></message><stack-trace><![CDATA[None]]></stack-trace></failure><reason><message><![CDATA[]]></message></reason><output><![CDATA[]]></output></test-case><test-case id="309" name="tests/core/test_mock.py::TestMockRanges::test_mock_float_ge_le" fullname="tests/core/test_mock.py::TestMockRanges::test_mock_float_ge_le" methodname="test_mock_float_ge_le" classname="TestMockRanges" runstate="Runnable" seed="1" result="Passed" label="Test mock data respects float range constraints." start-time="2026-01-10 15:15:24.715157" end-time="2026-01-10 15:15:24.719818" duration="0.004661" asserts="0"><properties><property name="python-version" value="3.13.5 (tags/v3.13.5:6cb20a2, Jun 11 2025, 16:15:46) [MSC v.1943 64 bit (AMD64)]" /><property name="fspath" value="tests/core/test_mock.py" /></properties><environment framework-version="3.6.2" clr-version="3.13.5 (tags/v3.13.5:6cb20a2, Jun 11 2025, 16:15:46) [MSC v.1943 64 bit (AMD64)]" os-version="11" platform="Windows" cwd="C:\Users\BracklyMurunga\Desktop\AI SUNDAYS\Griot\griot\griot" machine-name="AMD64" user="" user-domain="" culture="en_US" uiculture="en_US" os-architecture="64bit" /><failure><message><![CDATA[]]></message><stack-trace><![CDATA[None]]></stack-trace></failure><reason><message><![CDATA[]]></message></reason><output><![CDATA[]]></output></test-case><environment framework-version="3.6.2" clr-version="3.13.5 (tags/v3.13.5:6cb20a2, Jun 11 2025, 16:15:46) [MSC v.1943 64 bit (AMD64)]" os-version="11" platform="Windows" cwd="C:\Users\BracklyMurunga\Desktop\AI SUNDAYS\Griot\griot\griot" machine-name="AMD64" user="" user-domain="" culture="en_US" uiculture="en_US" os-architecture="64bit" /></test-suite></test-run>