<test-run id="2" testcasecount="121" result="Passed" start-time="2026-01-10 10:53:07.621673" end-time="2026-01-10 10:53:10.174619" duration="2" total="121" passed="121" failed="0" inconclusive="0" skipped="0" asserts="0" clr-version="3.13.5 (tags/v3.13.5:6cb20a2, Jun 11 2025, 16:15:46) [MSC v.1943 64 bit (AMD64)]" engine-version="3.6.2"><command-line>C:\Users\BracklyMurunga\AppData\Local\Programs\Python\Python313\Lib\site-packages\pytest\__main__.py tests/core/ --cov=griot-core/src/griot_core --cov-report=term-missing -m not slow -q</command-line><filter><test re="0">tests/core/</test><namespace re="0">not slow</namespace></filter><test-suite id="tests/core/test_models.py::TestComplexModel" name="tests/core/test_models.py::TestComplexModel" fullname="tests/core/test_models.py::TestComplexModel" methodname="" classname="" runstate="Runnable" type="Assembly" testcasecount="2" result="Passed" label="Tests for complex model definitions." start-time="2026-01-10 10:53:09.119652" end-time="2026-01-10 10:53:09.123211" duration="0.003559" asserts="0" total="2" passed="2" failed="0" warnings="0" inconclusive="0" skipped="0"><properties><property name="python_version" value="3.13.5 (tags/v3.13.5:6cb20a2, Jun 11 2025, 16:15:46) [MSC v.1943 64 bit (AMD64)]" /></properties><test-case id="157" name="tests/core/test_models.py::TestComplexModel::test_customer_model" fullname="tests/core/test_models.py::TestComplexModel::test_customer_model" methodname="test_customer_model" classname="TestComplexModel" runstate="Runnable" seed="1" result="Passed" label="Test a realistic customer model definition." start-time="2026-01-10 10:53:09.119652" end-time="2026-01-10 10:53:09.120552" duration="0.0009" asserts="0"><properties><property name="python-version" value="3.13.5 (tags/v3.13.5:6cb20a2, Jun 11 2025, 16:15:46) [MSC v.1943 64 bit (AMD64)]" /><property name="fspath" value="tests/core/test_models.py" /></properties><environment framework-version="3.6.2" clr-version="3.13.5 (tags/v3.13.5:6cb20a2, Jun 11 2025, 16:15:46) [MSC v.1943 64 bit (AMD64)]" os-version="11" platform="Windows" cwd="C:\Users\BracklyMurunga\Desktop\AI SUNDAYS\Griot\griot\griot" machine-name="AMD64" user="" user-domain="" culture="en_US" uiculture="en_US" os-architecture="64bit" /><failure><message><![CDATA[]]></message><stack-trace><![CDATA[None]]></stack-trace></failure><reason><message><![CDATA[]]></message></reason><output><![CDATA[]]></output></test-case><test-case id="158" name="tests/core/test_models.py::TestComplexModel::test_model_with_all_constraint_types" fullname="tests/core/test_models.py::TestComplexModel::test_model_with_all_constraint_types" methodname="test_model_with_all_constraint_types" classname="TestComplexModel" runstate="Runnable" seed="1" result="Passed" label="Test model using all available constraints." start-time="2026-01-10 10:53:09.121540" end-time="2026-01-10 10:53:09.123211" duration="0.001671" asserts="0"><properties><property name="python-version" value="3.13.5 (tags/v3.13.5:6cb20a2, Jun 11 2025, 16:15:46) [MSC v.1943 64 bit (AMD64)]" /><property name="fspath" value="tests/core/test_models.py" /></properties><environment framework-version="3.6.2" clr-version="3.13.5 (tags/v3.13.5:6cb20a2, Jun 11 2025, 16:15:46) [MSC v.1943 64 bit (AMD64)]" os-version="11" platform="Windows" cwd="C:\Users\BracklyMurunga\Desktop\AI SUNDAYS\Griot\griot\griot" machine-name="AMD64" user="" user-domain="" culture="en_US" uiculture="en_US" os-architecture="64bit" /><failure><message><![CDATA[]]></message><stack-trace><![CDATA[None]]></stack-trace></failure><reason><message><![CDATA[]]></message></reason><output><![CDATA[]]></output></test-case><environment framework-version="3.6.2" clr-version="3.13.5 (tags/v3.13.5:6cb20a2, Jun 11 2025, 16:15:46) [MSC v.1943 64 bit (AMD64)]" os-version="11" platform="Windows" cwd="C:\Users\BracklyMurunga\Desktop\AI SUNDAYS\Griot\griot\griot" machine-name="AMD64" user="" user-domain="" culture="en_US" uiculture="en_US" os-architecture="64bit" /></test-suite><test-suite id="tests/core/test_benchmark.py::TestScalability" name="tests/core/test_benchmark.py::TestScalability" fullname="tests/core/test_benchmark.py::TestScalability" methodname="" classname="" runstate="Runnable" type="Assembly" testcasecount="1" result="Passed" label="Scalability tests for validation." start-time="2026-01-10 10:53:08.944466" end-time="2026-01-10 10:53:09.058618" duration="0.114152" asserts="0" total="1" passed="1" failed="0" warnings="0" inconclusive="0" skipped="0"><properties><property name="python_version" value="3.13.5 (tags/v3.13.5:6cb20a2, Jun 11 2025, 16:15:46) [MSC v.1943 64 bit (AMD64)]" /></properties><test-case id="104" name="tests/core/test_benchmark.py::TestScalability::test_linear_scaling" fullname="tests/core/test_benchmark.py::TestScalability::test_linear_scaling" methodname="test_linear_scaling" classname="TestScalability" runstate="Runnable" seed="1" result="Passed" label="Test that validation time scales linearly with data size." start-time="2026-01-10 10:53:08.944466" end-time="2026-01-10 10:53:09.058618" duration="0.114152" asserts="0"><properties><property name="python-version" value="3.13.5 (tags/v3.13.5:6cb20a2, Jun 11 2025, 16:15:46) [MSC v.1943 64 bit (AMD64)]" /><property name="fspath" value="tests/core/test_benchmark.py" /></properties><environment framework-version="3.6.2" clr-version="3.13.5 (tags/v3.13.5:6cb20a2, Jun 11 2025, 16:15:46) [MSC v.1943 64 bit (AMD64)]" os-version="11" platform="Windows" cwd="C:\Users\BracklyMurunga\Desktop\AI SUNDAYS\Griot\griot\griot" machine-name="AMD64" user="" user-domain="" culture="en_US" uiculture="en_US" os-architecture="64bit" /><failure><message><![CDATA[]]></message><stack-trace><![CDATA[None]]></stack-trace></failure><reason><message><![CDATA[]]></message></reason><output><![CDATA[]]></output></test-case><environment framework-version="3.6.2" clr-version="3.13.5 (tags/v3.13.5:6cb20a2, Jun 11 2025, 16:15:46) [MSC v.1943 64 bit (AMD64)]" os-version="11" platform="Windows" cwd="C:\Users\BracklyMurunga\Desktop\AI SUNDAYS\Griot\griot\griot" machine-name="AMD64" user="" user-domain="" culture="en_US" uiculture="en_US" os-architecture="64bit" /></test-suite><test-suite id="tests/core/test_exceptions.py::TestGriotError" name="tests/core/test_exceptions.py::TestGriotError" fullname="tests/core/test_exceptions.py::TestGriotError" methodname="" classname="" runstate="Runnable" type="Assembly" testcasecount="3" result="Passed" label="Tests for base GriotError." start-time="2026-01-10 10:53:09.059924" end-time="2026-01-10 10:53:09.062448" duration="0.002524" asserts="0" total="3" passed="3" failed="0" warnings="0" inconclusive="0" skipped="0"><properties><property name="python_version" value="3.13.5 (tags/v3.13.5:6cb20a2, Jun 11 2025, 16:15:46) [MSC v.1943 64 bit (AMD64)]" /></properties><test-case id="105" name="tests/core/test_exceptions.py::TestGriotError::test_griot_error_creation" fullname="tests/core/test_exceptions.py::TestGriotError::test_griot_error_creation" methodname="test_griot_error_creation" classname="TestGriotError" runstate="Runnable" seed="1" result="Passed" label="Test creating base GriotError." start-time="2026-01-10 10:53:09.059924" end-time="2026-01-10 10:53:09.060526" duration="0.000602" asserts="0"><properties><property name="python-version" value="3.13.5 (tags/v3.13.5:6cb20a2, Jun 11 2025, 16:15:46) [MSC v.1943 64 bit (AMD64)]" /><property name="fspath" value="tests/core/test_exceptions.py" /></properties><environment framework-version="3.6.2" clr-version="3.13.5 (tags/v3.13.5:6cb20a2, Jun 11 2025, 16:15:46) [MSC v.1943 64 bit (AMD64)]" os-version="11" platform="Windows" cwd="C:\Users\BracklyMurunga\Desktop\AI SUNDAYS\Griot\griot\griot" machine-name="AMD64" user="" user-domain="" culture="en_US" uiculture="en_US" os-architecture="64bit" /><failure><message><![CDATA[]]></message><stack-trace><![CDATA[None]]></stack-trace></failure><reason><message><![CDATA[]]></message></reason><output><![CDATA[]]></output></test-case><test-case id="106" name="tests/core/test_exceptions.py::TestGriotError::test_griot_error_repr" fullname="tests/core/test_exceptions.py::TestGriotError::test_griot_error_repr" methodname="test_griot_error_repr" classname="TestGriotError" runstate="Runnable" seed="1" result="Passed" label="Test GriotError repr." start-time="2026-01-10 10:53:09.061075" end-time="2026-01-10 10:53:09.061571" duration="0.000496" asserts="0"><properties><property name="python-version" value="3.13.5 (tags/v3.13.5:6cb20a2, Jun 11 2025, 16:15:46) [MSC v.1943 64 bit (AMD64)]" /><property name="fspath" value="tests/core/test_exceptions.py" /></properties><environment framework-version="3.6.2" clr-version="3.13.5 (tags/v3.13.5:6cb20a2, Jun 11 2025, 16:15:46) [MSC v.1943 64 bit (AMD64)]" os-version="11" platform="Windows" cwd="C:\Users\BracklyMurunga\Desktop\AI SUNDAYS\Griot\griot\griot" machine-name="AMD64" user="" user-domain="" culture="en_US" uiculture="en_US" os-architecture="64bit" /><failure><message><![CDATA[]]></message><stack-trace><![CDATA[None]]></stack-trace></failure><reason><message><![CDATA[]]></message></reason><output><![CDATA[]]></output></test-case><test-case id="107" name="tests/core/test_exceptions.py::TestGriotError::test_griot_error_is_exception" fullname="tests/core/test_exceptions.py::TestGriotError::test_griot_error_is_exception" methodname="test_griot_error_is_exception" classname="TestGriotError" runstate="Runnable" seed="1" result="Passed" label="Test that GriotError is an Exception." start-time="2026-01-10 10:53:09.061994" end-time="2026-01-10 10:53:09.062448" duration="0.000454" asserts="0"><properties><property name="python-version" value="3.13.5 (tags/v3.13.5:6cb20a2, Jun 11 2025, 16:15:46) [MSC v.1943 64 bit (AMD64)]" /><property name="fspath" value="tests/core/test_exceptions.py" /></properties><environment framework-version="3.6.2" clr-version="3.13.5 (tags/v3.13.5:6cb20a2, Jun 11 2025, 16:15:46) [MSC v.1943 64 bit (AMD64)]" os-version="11" platform="Windows" cwd="C:\Users\BracklyMurunga\Desktop\AI SUNDAYS\Griot\griot\griot" machine-name="AMD64" user="" user-domain="" culture="en_US" uiculture="en_US" os-architecture="64bit" /><failure><message><![CDATA[]]></message><stack-trace><![CDATA[None]]></stack-trace></failure><reason><message><![CDATA[]]></message></reason><output><![CDATA[]]></output></test-case><environment framework-version="3.6.2" clr-version="3.13.5 (tags/v3.13.5:6cb20a2, Jun 11 2025, 16:15:46) [MSC v.1943 64 bit (AMD64)]" os-version="11" platform="Windows" cwd="C:\Users\BracklyMurunga\Desktop\AI SUNDAYS\Griot\griot\griot" machine-name="AMD64" user="" user-domain="" culture="en_US" uiculture="en_US" os-architecture="64bit" /></test-suite><test-suite id="tests/core/test_exceptions.py::TestContractParseError" name="tests/core/test_exceptions.py::TestContractParseError" fullname="tests/core/test_exceptions.py::TestContractParseError" methodname="" classname="" runstate="Runnable" type="Assembly" testcasecount="5" result="Passed" label="Tests for ContractParseError." start-time="2026-01-10 10:53:09.069650" end-time="2026-01-10 10:53:09.073696" duration="0.004046" asserts="0" total="5" passed="5" failed="0" warnings="0" inconclusive="0" skipped="0"><properties><property name="python_version" value="3.13.5 (tags/v3.13.5:6cb20a2, Jun 11 2025, 16:15:46) [MSC v.1943 64 bit (AMD64)]" /></properties><test-case id="115" name="tests/core/test_exceptions.py::TestContractParseError::test_parse_error_basic" fullname="tests/core/test_exceptions.py::TestContractParseError::test_parse_error_basic" methodname="test_parse_error_basic" classname="TestContractParseError" runstate="Runnable" seed="1" result="Passed" label="Test basic ContractParseError." start-time="2026-01-10 10:53:09.069650" end-time="2026-01-10 10:53:09.070172" duration="0.000522" asserts="0"><properties><property name="python-version" value="3.13.5 (tags/v3.13.5:6cb20a2, Jun 11 2025, 16:15:46) [MSC v.1943 64 bit (AMD64)]" /><property name="fspath" value="tests/core/test_exceptions.py" /></properties><environment framework-version="3.6.2" clr-version="3.13.5 (tags/v3.13.5:6cb20a2, Jun 11 2025, 16:15:46) [MSC v.1943 64 bit (AMD64)]" os-version="11" platform="Windows" cwd="C:\Users\BracklyMurunga\Desktop\AI SUNDAYS\Griot\griot\griot" machine-name="AMD64" user="" user-domain="" culture="en_US" uiculture="en_US" os-architecture="64bit" /><failure><message><![CDATA[]]></message><stack-trace><![CDATA[None]]></stack-trace></failure><reason><message><![CDATA[]]></message></reason><output><![CDATA[]]></output></test-case><test-case id="116" name="tests/core/test_exceptions.py::TestContractParseError::test_parse_error_with_source" fullname="tests/core/test_exceptions.py::TestContractParseError::test_parse_error_with_source" methodname="test_parse_error_with_source" classname="TestContractParseError" runstate="Runnable" seed="1" result="Passed" label="Test ContractParseError with source file." start-time="2026-01-10 10:53:09.070603" end-time="2026-01-10 10:53:09.071084" duration="0.000481" asserts="0"><properties><property name="python-version" value="3.13.5 (tags/v3.13.5:6cb20a2, Jun 11 2025, 16:15:46) [MSC v.1943 64 bit (AMD64)]" /><property name="fspath" value="tests/core/test_exceptions.py" /></properties><environment framework-version="3.6.2" clr-version="3.13.5 (tags/v3.13.5:6cb20a2, Jun 11 2025, 16:15:46) [MSC v.1943 64 bit (AMD64)]" os-version="11" platform="Windows" cwd="C:\Users\BracklyMurunga\Desktop\AI SUNDAYS\Griot\griot\griot" machine-name="AMD64" user="" user-domain="" culture="en_US" uiculture="en_US" os-architecture="64bit" /><failure><message><![CDATA[]]></message><stack-trace><![CDATA[None]]></stack-trace></failure><reason><message><![CDATA[]]></message></reason><output><![CDATA[]]></output></test-case><test-case id="117" name="tests/core/test_exceptions.py::TestContractParseError::test_parse_error_with_location" fullname="tests/core/test_exceptions.py::TestContractParseError::test_parse_error_with_location" methodname="test_parse_error_with_location" classname="TestContractParseError" runstate="Runnable" seed="1" result="Passed" label="Test ContractParseError with line and column." start-time="2026-01-10 10:53:09.071481" end-time="2026-01-10 10:53:09.071945" duration="0.000464" asserts="0"><properties><property name="python-version" value="3.13.5 (tags/v3.13.5:6cb20a2, Jun 11 2025, 16:15:46) [MSC v.1943 64 bit (AMD64)]" /><property name="fspath" value="tests/core/test_exceptions.py" /></properties><environment framework-version="3.6.2" clr-version="3.13.5 (tags/v3.13.5:6cb20a2, Jun 11 2025, 16:15:46) [MSC v.1943 64 bit (AMD64)]" os-version="11" platform="Windows" cwd="C:\Users\BracklyMurunga\Desktop\AI SUNDAYS\Griot\griot\griot" machine-name="AMD64" user="" user-domain="" culture="en_US" uiculture="en_US" os-architecture="64bit" /><failure><message><![CDATA[]]></message><stack-trace><![CDATA[None]]></stack-trace></failure><reason><message><![CDATA[]]></message></reason><output><![CDATA[]]></output></test-case><test-case id="118" name="tests/core/test_exceptions.py::TestContractParseError::test_parse_error_stores_location" fullname="tests/core/test_exceptions.py::TestContractParseError::test_parse_error_stores_location" methodname="test_parse_error_stores_location" classname="TestContractParseError" runstate="Runnable" seed="1" result="Passed" label="Test ContractParseError stores location info." start-time="2026-01-10 10:53:09.072399" end-time="2026-01-10 10:53:09.072848" duration="0.000449" asserts="0"><properties><property name="python-version" value="3.13.5 (tags/v3.13.5:6cb20a2, Jun 11 2025, 16:15:46) [MSC v.1943 64 bit (AMD64)]" /><property name="fspath" value="tests/core/test_exceptions.py" /></properties><environment framework-version="3.6.2" clr-version="3.13.5 (tags/v3.13.5:6cb20a2, Jun 11 2025, 16:15:46) [MSC v.1943 64 bit (AMD64)]" os-version="11" platform="Windows" cwd="C:\Users\BracklyMurunga\Desktop\AI SUNDAYS\Griot\griot\griot" machine-name="AMD64" user="" user-domain="" culture="en_US" uiculture="en_US" os-architecture="64bit" /><failure><message><![CDATA[]]></message><stack-trace><![CDATA[None]]></stack-trace></failure><reason><message><![CDATA[]]></message></reason><output><![CDATA[]]></output></test-case><test-case id="119" name="tests/core/test_exceptions.py::TestContractParseError::test_parse_error_inheritance" fullname="tests/core/test_exceptions.py::TestContractParseError::test_parse_error_inheritance" methodname="test_parse_error_inheritance" classname="TestContractParseError" runstate="Runnable" seed="1" result="Passed" label="Test ContractParseError inherits from GriotError." start-time="2026-01-10 10:53:09.073232" end-time="2026-01-10 10:53:09.073696" duration="0.000464" asserts="0"><properties><property name="python-version" value="3.13.5 (tags/v3.13.5:6cb20a2, Jun 11 2025, 16:15:46) [MSC v.1943 64 bit (AMD64)]" /><property name="fspath" value="tests/core/test_exceptions.py" /></properties><environment framework-version="3.6.2" clr-version="3.13.5 (tags/v3.13.5:6cb20a2, Jun 11 2025, 16:15:46) [MSC v.1943 64 bit (AMD64)]" os-version="11" platform="Windows" cwd="C:\Users\BracklyMurunga\Desktop\AI SUNDAYS\Griot\griot\griot" machine-name="AMD64" user="" user-domain="" culture="en_US" uiculture="en_US" os-architecture="64bit" /><failure><message><![CDATA[]]></message><stack-trace><![CDATA[None]]></stack-trace></failure><reason><message><![CDATA[]]></message></reason><output><![CDATA[]]></output></test-case><environment framework-version="3.6.2" clr-version="3.13.5 (tags/v3.13.5:6cb20a2, Jun 11 2025, 16:15:46) [MSC v.1943 64 bit (AMD64)]" os-version="11" platform="Windows" cwd="C:\Users\BracklyMurunga\Desktop\AI SUNDAYS\Griot\griot\griot" machine-name="AMD64" user="" user-domain="" culture="en_US" uiculture="en_US" os-architecture="64bit" /></test-suite><test-suite id="tests/core/test_models.py::TestGriotModel" name="tests/core/test_models.py::TestGriotModel" fullname="tests/core/test_models.py::TestGriotModel" methodname="" classname="" runstate="Runnable" type="Assembly" testcasecount="8" result="Passed" label="Tests for GriotModel base class." start-time="2026-01-10 10:53:09.109635" end-time="2026-01-10 10:53:09.119188" duration="0.009553" asserts="0" total="8" passed="8" failed="0" warnings="0" inconclusive="0" skipped="0"><properties><property name="python_version" value="3.13.5 (tags/v3.13.5:6cb20a2, Jun 11 2025, 16:15:46) [MSC v.1943 64 bit (AMD64)]" /></properties><test-case id="149" name="tests/core/test_models.py::TestGriotModel::test_simple_model_definition" fullname="tests/core/test_models.py::TestGriotModel::test_simple_model_definition" methodname="test_simple_model_definition" classname="TestGriotModel" runstate="Runnable" seed="1" result="Passed" label="Test defining a simple model." start-time="2026-01-10 10:53:09.109635" end-time="2026-01-10 10:53:09.110538" duration="0.000903" asserts="0"><properties><property name="python-version" value="3.13.5 (tags/v3.13.5:6cb20a2, Jun 11 2025, 16:15:46) [MSC v.1943 64 bit (AMD64)]" /><property name="fspath" value="tests/core/test_models.py" /></properties><environment framework-version="3.6.2" clr-version="3.13.5 (tags/v3.13.5:6cb20a2, Jun 11 2025, 16:15:46) [MSC v.1943 64 bit (AMD64)]" os-version="11" platform="Windows" cwd="C:\Users\BracklyMurunga\Desktop\AI SUNDAYS\Griot\griot\griot" machine-name="AMD64" user="" user-domain="" culture="en_US" uiculture="en_US" os-architecture="64bit" /><failure><message><![CDATA[]]></message><stack-trace><![CDATA[None]]></stack-trace></failure><reason><message><![CDATA[]]></message></reason><output><![CDATA[]]></output></test-case><test-case id="150" name="tests/core/test_models.py::TestGriotModel::test_model_with_primary_key" fullname="tests/core/test_models.py::TestGriotModel::test_model_with_primary_key" methodname="test_model_with_primary_key" classname="TestGriotModel" runstate="Runnable" seed="1" result="Passed" label="Test model with primary key field." start-time="2026-01-10 10:53:09.111009" end-time="2026-01-10 10:53:09.111788" duration="0.000779" asserts="0"><properties><property name="python-version" value="3.13.5 (tags/v3.13.5:6cb20a2, Jun 11 2025, 16:15:46) [MSC v.1943 64 bit (AMD64)]" /><property name="fspath" value="tests/core/test_models.py" /></properties><environment framework-version="3.6.2" clr-version="3.13.5 (tags/v3.13.5:6cb20a2, Jun 11 2025, 16:15:46) [MSC v.1943 64 bit (AMD64)]" os-version="11" platform="Windows" cwd="C:\Users\BracklyMurunga\Desktop\AI SUNDAYS\Griot\griot\griot" machine-name="AMD64" user="" user-domain="" culture="en_US" uiculture="en_US" os-architecture="64bit" /><failure><message><![CDATA[]]></message><stack-trace><![CDATA[None]]></stack-trace></failure><reason><message><![CDATA[]]></message></reason><output><![CDATA[]]></output></test-case><test-case id="151" name="tests/core/test_models.py::TestGriotModel::test_model_without_primary_key" fullname="tests/core/test_models.py::TestGriotModel::test_model_without_primary_key" methodname="test_model_without_primary_key" classname="TestGriotModel" runstate="Runnable" seed="1" result="Passed" label="Test model without primary key." start-time="2026-01-10 10:53:09.112201" end-time="2026-01-10 10:53:09.112900" duration="0.000699" asserts="0"><properties><property name="python-version" value="3.13.5 (tags/v3.13.5:6cb20a2, Jun 11 2025, 16:15:46) [MSC v.1943 64 bit (AMD64)]" /><property name="fspath" value="tests/core/test_models.py" /></properties><environment framework-version="3.6.2" clr-version="3.13.5 (tags/v3.13.5:6cb20a2, Jun 11 2025, 16:15:46) [MSC v.1943 64 bit (AMD64)]" os-version="11" platform="Windows" cwd="C:\Users\BracklyMurunga\Desktop\AI SUNDAYS\Griot\griot\griot" machine-name="AMD64" user="" user-domain="" culture="en_US" uiculture="en_US" os-architecture="64bit" /><failure><message><![CDATA[]]></message><stack-trace><![CDATA[None]]></stack-trace></failure><reason><message><![CDATA[]]></message></reason><output><![CDATA[]]></output></test-case><test-case id="152" name="tests/core/test_models.py::TestGriotModel::test_model_field_names" fullname="tests/core/test_models.py::TestGriotModel::test_model_field_names" methodname="test_model_field_names" classname="TestGriotModel" runstate="Runnable" seed="1" result="Passed" label="Test getting field names from model." start-time="2026-01-10 10:53:09.113326" end-time="2026-01-10 10:53:09.114123" duration="0.000797" asserts="0"><properties><property name="python-version" value="3.13.5 (tags/v3.13.5:6cb20a2, Jun 11 2025, 16:15:46) [MSC v.1943 64 bit (AMD64)]" /><property name="fspath" value="tests/core/test_models.py" /></properties><environment framework-version="3.6.2" clr-version="3.13.5 (tags/v3.13.5:6cb20a2, Jun 11 2025, 16:15:46) [MSC v.1943 64 bit (AMD64)]" os-version="11" platform="Windows" cwd="C:\Users\BracklyMurunga\Desktop\AI SUNDAYS\Griot\griot\griot" machine-name="AMD64" user="" user-domain="" culture="en_US" uiculture="en_US" os-architecture="64bit" /><failure><message><![CDATA[]]></message><stack-trace><![CDATA[None]]></stack-trace></failure><reason><message><![CDATA[]]></message></reason><output><![CDATA[]]></output></test-case><test-case id="153" name="tests/core/test_models.py::TestGriotModel::test_model_with_optional_field" fullname="tests/core/test_models.py::TestGriotModel::test_model_with_optional_field" methodname="test_model_with_optional_field" classname="TestGriotModel" runstate="Runnable" seed="1" result="Passed" label="Test model with optional (nullable) field." start-time="2026-01-10 10:53:09.114579" end-time="2026-01-10 10:53:09.115313" duration="0.000734" asserts="0"><properties><property name="python-version" value="3.13.5 (tags/v3.13.5:6cb20a2, Jun 11 2025, 16:15:46) [MSC v.1943 64 bit (AMD64)]" /><property name="fspath" value="tests/core/test_models.py" /></properties><environment framework-version="3.6.2" clr-version="3.13.5 (tags/v3.13.5:6cb20a2, Jun 11 2025, 16:15:46) [MSC v.1943 64 bit (AMD64)]" os-version="11" platform="Windows" cwd="C:\Users\BracklyMurunga\Desktop\AI SUNDAYS\Griot\griot\griot" machine-name="AMD64" user="" user-domain="" culture="en_US" uiculture="en_US" os-architecture="64bit" /><failure><message><![CDATA[]]></message><stack-trace><![CDATA[None]]></stack-trace></failure><reason><message><![CDATA[]]></message></reason><output><![CDATA[]]></output></test-case><test-case id="154" name="tests/core/test_models.py::TestGriotModel::test_model_inheritance" fullname="tests/core/test_models.py::TestGriotModel::test_model_inheritance" methodname="test_model_inheritance" classname="TestGriotModel" runstate="Runnable" seed="1" result="Passed" label="Test that models can inherit fields." start-time="2026-01-10 10:53:09.115732" end-time="2026-01-10 10:53:09.116636" duration="0.000904" asserts="0"><properties><property name="python-version" value="3.13.5 (tags/v3.13.5:6cb20a2, Jun 11 2025, 16:15:46) [MSC v.1943 64 bit (AMD64)]" /><property name="fspath" value="tests/core/test_models.py" /></properties><environment framework-version="3.6.2" clr-version="3.13.5 (tags/v3.13.5:6cb20a2, Jun 11 2025, 16:15:46) [MSC v.1943 64 bit (AMD64)]" os-version="11" platform="Windows" cwd="C:\Users\BracklyMurunga\Desktop\AI SUNDAYS\Griot\griot\griot" machine-name="AMD64" user="" user-domain="" culture="en_US" uiculture="en_US" os-architecture="64bit" /><failure><message><![CDATA[]]></message><stack-trace><![CDATA[None]]></stack-trace></failure><reason><message><![CDATA[]]></message></reason><output><![CDATA[]]></output></test-case><test-case id="155" name="tests/core/test_models.py::TestGriotModel::test_model_to_dict" fullname="tests/core/test_models.py::TestGriotModel::test_model_to_dict" methodname="test_model_to_dict" classname="TestGriotModel" runstate="Runnable" seed="1" result="Passed" label="Test converting model to dictionary." start-time="2026-01-10 10:53:09.117077" end-time="2026-01-10 10:53:09.117886" duration="0.000809" asserts="0"><properties><property name="python-version" value="3.13.5 (tags/v3.13.5:6cb20a2, Jun 11 2025, 16:15:46) [MSC v.1943 64 bit (AMD64)]" /><property name="fspath" value="tests/core/test_models.py" /></properties><environment framework-version="3.6.2" clr-version="3.13.5 (tags/v3.13.5:6cb20a2, Jun 11 2025, 16:15:46) [MSC v.1943 64 bit (AMD64)]" os-version="11" platform="Windows" cwd="C:\Users\BracklyMurunga\Desktop\AI SUNDAYS\Griot\griot\griot" machine-name="AMD64" user="" user-domain="" culture="en_US" uiculture="en_US" os-architecture="64bit" /><failure><message><![CDATA[]]></message><stack-trace><![CDATA[None]]></stack-trace></failure><reason><message><![CDATA[]]></message></reason><output><![CDATA[]]></output></test-case><test-case id="156" name="tests/core/test_models.py::TestGriotModel::test_model_repr" fullname="tests/core/test_models.py::TestGriotModel::test_model_repr" methodname="test_model_repr" classname="TestGriotModel" runstate="Runnable" seed="1" result="Passed" label="Test model string representation." start-time="2026-01-10 10:53:09.118371" end-time="2026-01-10 10:53:09.119188" duration="0.000817" asserts="0"><properties><property name="python-version" value="3.13.5 (tags/v3.13.5:6cb20a2, Jun 11 2025, 16:15:46) [MSC v.1943 64 bit (AMD64)]" /><property name="fspath" value="tests/core/test_models.py" /></properties><environment framework-version="3.6.2" clr-version="3.13.5 (tags/v3.13.5:6cb20a2, Jun 11 2025, 16:15:46) [MSC v.1943 64 bit (AMD64)]" os-version="11" platform="Windows" cwd="C:\Users\BracklyMurunga\Desktop\AI SUNDAYS\Griot\griot\griot" machine-name="AMD64" user="" user-domain="" culture="en_US" uiculture="en_US" os-architecture="64bit" /><failure><message><![CDATA[]]></message><stack-trace><![CDATA[None]]></stack-trace></failure><reason><message><![CDATA[]]></message></reason><output><![CDATA[]]></output></test-case><environment framework-version="3.6.2" clr-version="3.13.5 (tags/v3.13.5:6cb20a2, Jun 11 2025, 16:15:46) [MSC v.1943 64 bit (AMD64)]" os-version="11" platform="Windows" cwd="C:\Users\BracklyMurunga\Desktop\AI SUNDAYS\Griot\griot\griot" machine-name="AMD64" user="" user-domain="" culture="en_US" uiculture="en_US" os-architecture="64bit" /></test-suite><test-suite id="tests/core/test_exceptions.py::TestBreakingChangeError" name="tests/core/test_exceptions.py::TestBreakingChangeError" fullname="tests/core/test_exceptions.py::TestBreakingChangeError" methodname="" classname="" runstate="Runnable" type="Assembly" testcasecount="3" result="Passed" label="Tests for BreakingChangeError." start-time="2026-01-10 10:53:09.074483" end-time="2026-01-10 10:53:09.077689" duration="0.003206" asserts="0" total="3" passed="3" failed="0" warnings="0" inconclusive="0" skipped="0"><properties><property name="python_version" value="3.13.5 (tags/v3.13.5:6cb20a2, Jun 11 2025, 16:15:46) [MSC v.1943 64 bit (AMD64)]" /></properties><test-case id="120" name="tests/core/test_exceptions.py::TestBreakingChangeError::test_breaking_change_basic" fullname="tests/core/test_exceptions.py::TestBreakingChangeError::test_breaking_change_basic" methodname="test_breaking_change_basic" classname="TestBreakingChangeError" runstate="Runnable" seed="1" result="Passed" label="Test basic BreakingChangeError." start-time="2026-01-10 10:53:09.074483" end-time="2026-01-10 10:53:09.075728" duration="0.001245" asserts="0"><properties><property name="python-version" value="3.13.5 (tags/v3.13.5:6cb20a2, Jun 11 2025, 16:15:46) [MSC v.1943 64 bit (AMD64)]" /><property name="fspath" value="tests/core/test_exceptions.py" /></properties><environment framework-version="3.6.2" clr-version="3.13.5 (tags/v3.13.5:6cb20a2, Jun 11 2025, 16:15:46) [MSC v.1943 64 bit (AMD64)]" os-version="11" platform="Windows" cwd="C:\Users\BracklyMurunga\Desktop\AI SUNDAYS\Griot\griot\griot" machine-name="AMD64" user="" user-domain="" culture="en_US" uiculture="en_US" os-architecture="64bit" /><failure><message><![CDATA[]]></message><stack-trace><![CDATA[None]]></stack-trace></failure><reason><message><![CDATA[]]></message></reason><output><![CDATA[]]></output></test-case><test-case id="121" name="tests/core/test_exceptions.py::TestBreakingChangeError::test_breaking_change_with_diff" fullname="tests/core/test_exceptions.py::TestBreakingChangeError::test_breaking_change_with_diff" methodname="test_breaking_change_with_diff" classname="TestBreakingChangeError" runstate="Runnable" seed="1" result="Passed" label="Test BreakingChangeError with diff object." start-time="2026-01-10 10:53:09.076327" end-time="2026-01-10 10:53:09.076843" duration="0.000516" asserts="0"><properties><property name="python-version" value="3.13.5 (tags/v3.13.5:6cb20a2, Jun 11 2025, 16:15:46) [MSC v.1943 64 bit (AMD64)]" /><property name="fspath" value="tests/core/test_exceptions.py" /></properties><environment framework-version="3.6.2" clr-version="3.13.5 (tags/v3.13.5:6cb20a2, Jun 11 2025, 16:15:46) [MSC v.1943 64 bit (AMD64)]" os-version="11" platform="Windows" cwd="C:\Users\BracklyMurunga\Desktop\AI SUNDAYS\Griot\griot\griot" machine-name="AMD64" user="" user-domain="" culture="en_US" uiculture="en_US" os-architecture="64bit" /><failure><message><![CDATA[]]></message><stack-trace><![CDATA[None]]></stack-trace></failure><reason><message><![CDATA[]]></message></reason><output><![CDATA[]]></output></test-case><test-case id="122" name="tests/core/test_exceptions.py::TestBreakingChangeError::test_breaking_change_inheritance" fullname="tests/core/test_exceptions.py::TestBreakingChangeError::test_breaking_change_inheritance" methodname="test_breaking_change_inheritance" classname="TestBreakingChangeError" runstate="Runnable" seed="1" result="Passed" label="Test BreakingChangeError inherits from GriotError." start-time="2026-01-10 10:53:09.077248" end-time="2026-01-10 10:53:09.077689" duration="0.000441" asserts="0"><properties><property name="python-version" value="3.13.5 (tags/v3.13.5:6cb20a2, Jun 11 2025, 16:15:46) [MSC v.1943 64 bit (AMD64)]" /><property name="fspath" value="tests/core/test_exceptions.py" /></properties><environment framework-version="3.6.2" clr-version="3.13.5 (tags/v3.13.5:6cb20a2, Jun 11 2025, 16:15:46) [MSC v.1943 64 bit (AMD64)]" os-version="11" platform="Windows" cwd="C:\Users\BracklyMurunga\Desktop\AI SUNDAYS\Griot\griot\griot" machine-name="AMD64" user="" user-domain="" culture="en_US" uiculture="en_US" os-architecture="64bit" /><failure><message><![CDATA[]]></message><stack-trace><![CDATA[None]]></stack-trace></failure><reason><message><![CDATA[]]></message></reason><output><![CDATA[]]></output></test-case><environment framework-version="3.6.2" clr-version="3.13.5 (tags/v3.13.5:6cb20a2, Jun 11 2025, 16:15:46) [MSC v.1943 64 bit (AMD64)]" os-version="11" platform="Windows" cwd="C:\Users\BracklyMurunga\Desktop\AI SUNDAYS\Griot\griot\griot" machine-name="AMD64" user="" user-domain="" culture="en_US" uiculture="en_US" os-architecture="64bit" /></test-suite><test-suite id="tests/core/test_types.py::TestSeverity" name="tests/core/test_types.py::TestSeverity" fullname="tests/core/test_types.py::TestSeverity" methodname="" classname="" runstate="Runnable" type="Assembly" testcasecount="3" result="Passed" label="Tests for Severity enum." start-time="2026-01-10 10:53:09.127137" end-time="2026-01-10 10:53:09.129816" duration="0.002679" asserts="0" total="3" passed="3" failed="0" warnings="0" inconclusive="0" skipped="0"><properties><property name="python_version" value="3.13.5 (tags/v3.13.5:6cb20a2, Jun 11 2025, 16:15:46) [MSC v.1943 64 bit (AMD64)]" /></properties><test-case id="162" name="tests/core/test_types.py::TestSeverity::test_all_severities_exist" fullname="tests/core/test_types.py::TestSeverity::test_all_severities_exist" methodname="test_all_severities_exist" classname="TestSeverity" runstate="Runnable" seed="1" result="Passed" label="Verify all expected severity levels are defined." start-time="2026-01-10 10:53:09.127137" end-time="2026-01-10 10:53:09.127648" duration="0.000511" asserts="0"><properties><property name="python-version" value="3.13.5 (tags/v3.13.5:6cb20a2, Jun 11 2025, 16:15:46) [MSC v.1943 64 bit (AMD64)]" /><property name="fspath" value="tests/core/test_types.py" /></properties><environment framework-version="3.6.2" clr-version="3.13.5 (tags/v3.13.5:6cb20a2, Jun 11 2025, 16:15:46) [MSC v.1943 64 bit (AMD64)]" os-version="11" platform="Windows" cwd="C:\Users\BracklyMurunga\Desktop\AI SUNDAYS\Griot\griot\griot" machine-name="AMD64" user="" user-domain="" culture="en_US" uiculture="en_US" os-architecture="64bit" /><failure><message><![CDATA[]]></message><stack-trace><![CDATA[None]]></stack-trace></failure><reason><message><![CDATA[]]></message></reason><output><![CDATA[]]></output></test-case><test-case id="163" name="tests/core/test_types.py::TestSeverity::test_severity_values" fullname="tests/core/test_types.py::TestSeverity::test_severity_values" methodname="test_severity_values" classname="TestSeverity" runstate="Runnable" seed="1" result="Passed" label="Verify severity string values." start-time="2026-01-10 10:53:09.128070" end-time="2026-01-10 10:53:09.128724" duration="0.000654" asserts="0"><properties><property name="python-version" value="3.13.5 (tags/v3.13.5:6cb20a2, Jun 11 2025, 16:15:46) [MSC v.1943 64 bit (AMD64)]" /><property name="fspath" value="tests/core/test_types.py" /></properties><environment framework-version="3.6.2" clr-version="3.13.5 (tags/v3.13.5:6cb20a2, Jun 11 2025, 16:15:46) [MSC v.1943 64 bit (AMD64)]" os-version="11" platform="Windows" cwd="C:\Users\BracklyMurunga\Desktop\AI SUNDAYS\Griot\griot\griot" machine-name="AMD64" user="" user-domain="" culture="en_US" uiculture="en_US" os-architecture="64bit" /><failure><message><![CDATA[]]></message><stack-trace><![CDATA[None]]></stack-trace></failure><reason><message><![CDATA[]]></message></reason><output><![CDATA[]]></output></test-case><test-case id="164" name="tests/core/test_types.py::TestSeverity::test_severity_is_string_enum" fullname="tests/core/test_types.py::TestSeverity::test_severity_is_string_enum" methodname="test_severity_is_string_enum" classname="TestSeverity" runstate="Runnable" seed="1" result="Passed" label="Verify Severity is a string enum." start-time="2026-01-10 10:53:09.129183" end-time="2026-01-10 10:53:09.129816" duration="0.000633" asserts="0"><properties><property name="python-version" value="3.13.5 (tags/v3.13.5:6cb20a2, Jun 11 2025, 16:15:46) [MSC v.1943 64 bit (AMD64)]" /><property name="fspath" value="tests/core/test_types.py" /></properties><environment framework-version="3.6.2" clr-version="3.13.5 (tags/v3.13.5:6cb20a2, Jun 11 2025, 16:15:46) [MSC v.1943 64 bit (AMD64)]" os-version="11" platform="Windows" cwd="C:\Users\BracklyMurunga\Desktop\AI SUNDAYS\Griot\griot\griot" machine-name="AMD64" user="" user-domain="" culture="en_US" uiculture="en_US" os-architecture="64bit" /><failure><message><![CDATA[]]></message><stack-trace><![CDATA[None]]></stack-trace></failure><reason><message><![CDATA[]]></message></reason><output><![CDATA[]]></output></test-case><environment framework-version="3.6.2" clr-version="3.13.5 (tags/v3.13.5:6cb20a2, Jun 11 2025, 16:15:46) [MSC v.1943 64 bit (AMD64)]" os-version="11" platform="Windows" cwd="C:\Users\BracklyMurunga\Desktop\AI SUNDAYS\Griot\griot\griot" machine-name="AMD64" user="" user-domain="" culture="en_US" uiculture="en_US" os-architecture="64bit" /></test-suite><test-suite id="tests/core/test_benchmark.py::TestValidationPerformance" name="tests/core/test_benchmark.py::TestValidationPerformance" fullname="tests/core/test_benchmark.py::TestValidationPerformance" methodname="" classname="" runstate="Runnable" type="Assembly" testcasecount="3" result="Passed" label="Performance benchmark tests for validation." start-time="2026-01-10 10:53:07.751573" end-time="2026-01-10 10:53:08.102411" duration="0.350838" asserts="0" total="3" passed="3" failed="0" warnings="0" inconclusive="0" skipped="0"><properties><property name="python_version" value="3.13.5 (tags/v3.13.5:6cb20a2, Jun 11 2025, 16:15:46) [MSC v.1943 64 bit (AMD64)]" /></properties><test-case id="100" name="tests/core/test_benchmark.py::TestValidationPerformance::test_10k_rows_performance" fullname="tests/core/test_benchmark.py::TestValidationPerformance::test_10k_rows_performance" methodname="test_10k_rows_performance" classname="TestValidationPerformance" runstate="Runnable" seed="1" result="Passed" label="Test validation performance with 10K rows (quick sanity check)." start-time="2026-01-10 10:53:07.751573" end-time="2026-01-10 10:53:07.902704" duration="0.151131" asserts="0"><properties><property name="python-version" value="3.13.5 (tags/v3.13.5:6cb20a2, Jun 11 2025, 16:15:46) [MSC v.1943 64 bit (AMD64)]" /><property name="fspath" value="tests/core/test_benchmark.py" /></properties><environment framework-version="3.6.2" clr-version="3.13.5 (tags/v3.13.5:6cb20a2, Jun 11 2025, 16:15:46) [MSC v.1943 64 bit (AMD64)]" os-version="11" platform="Windows" cwd="C:\Users\BracklyMurunga\Desktop\AI SUNDAYS\Griot\griot\griot" machine-name="AMD64" user="" user-domain="" culture="en_US" uiculture="en_US" os-architecture="64bit" /><failure><message><![CDATA[]]></message><stack-trace><![CDATA[None]]></stack-trace></failure><reason><message><![CDATA[]]></message></reason><output><![CDATA[]]></output></test-case><test-case id="101" name="tests/core/test_benchmark.py::TestValidationPerformance::test_1k_rows_fast" fullname="tests/core/test_benchmark.py::TestValidationPerformance::test_1k_rows_fast" methodname="test_1k_rows_fast" classname="TestValidationPerformance" runstate="Runnable" seed="1" result="Passed" label="Test validation performance with 1K rows." start-time="2026-01-10 10:53:07.903316" end-time="2026-01-10 10:53:07.920742" duration="0.017426" asserts="0"><properties><property name="python-version" value="3.13.5 (tags/v3.13.5:6cb20a2, Jun 11 2025, 16:15:46) [MSC v.1943 64 bit (AMD64)]" /><property name="fspath" value="tests/core/test_benchmark.py" /></properties><environment framework-version="3.6.2" clr-version="3.13.5 (tags/v3.13.5:6cb20a2, Jun 11 2025, 16:15:46) [MSC v.1943 64 bit (AMD64)]" os-version="11" platform="Windows" cwd="C:\Users\BracklyMurunga\Desktop\AI SUNDAYS\Griot\griot\griot" machine-name="AMD64" user="" user-domain="" culture="en_US" uiculture="en_US" os-architecture="64bit" /><failure><message><![CDATA[]]></message><stack-trace><![CDATA[None]]></stack-trace></failure><reason><message><![CDATA[]]></message></reason><output><![CDATA[]]></output></test-case><test-case id="102" name="tests/core/test_benchmark.py::TestValidationPerformance::test_validation_with_errors_performance" fullname="tests/core/test_benchmark.py::TestValidationPerformance::test_validation_with_errors_performance" methodname="test_validation_with_errors_performance" classname="TestValidationPerformance" runstate="Runnable" seed="1" result="Passed" label="Test performance when validating data with errors." start-time="2026-01-10 10:53:07.921531" end-time="2026-01-10 10:53:08.102411" duration="0.18088" asserts="0"><properties><property name="python-version" value="3.13.5 (tags/v3.13.5:6cb20a2, Jun 11 2025, 16:15:46) [MSC v.1943 64 bit (AMD64)]" /><property name="fspath" value="tests/core/test_benchmark.py" /></properties><environment framework-version="3.6.2" clr-version="3.13.5 (tags/v3.13.5:6cb20a2, Jun 11 2025, 16:15:46) [MSC v.1943 64 bit (AMD64)]" os-version="11" platform="Windows" cwd="C:\Users\BracklyMurunga\Desktop\AI SUNDAYS\Griot\griot\griot" machine-name="AMD64" user="" user-domain="" culture="en_US" uiculture="en_US" os-architecture="64bit" /><failure><message><![CDATA[]]></message><stack-trace><![CDATA[None]]></stack-trace></failure><reason><message><![CDATA[]]></message></reason><output><![CDATA[]]></output></test-case><environment framework-version="3.6.2" clr-version="3.13.5 (tags/v3.13.5:6cb20a2, Jun 11 2025, 16:15:46) [MSC v.1943 64 bit (AMD64)]" os-version="11" platform="Windows" cwd="C:\Users\BracklyMurunga\Desktop\AI SUNDAYS\Griot\griot\griot" machine-name="AMD64" user="" user-domain="" culture="en_US" uiculture="en_US" os-architecture="64bit" /></test-suite><test-suite id="tests/core/test_models.py::TestFieldInfo" name="tests/core/test_models.py::TestFieldInfo" fullname="tests/core/test_models.py::TestFieldInfo" methodname="" classname="" runstate="Runnable" type="Assembly" testcasecount="3" result="Passed" label="Tests for FieldInfo class." start-time="2026-01-10 10:53:09.104315" end-time="2026-01-10 10:53:09.109067" duration="0.004752" asserts="0" total="3" passed="3" failed="0" warnings="0" inconclusive="0" skipped="0"><properties><property name="python_version" value="3.13.5 (tags/v3.13.5:6cb20a2, Jun 11 2025, 16:15:46) [MSC v.1943 64 bit (AMD64)]" /></properties><test-case id="146" name="tests/core/test_models.py::TestFieldInfo::test_field_info_creation" fullname="tests/core/test_models.py::TestFieldInfo::test_field_info_creation" methodname="test_field_info_creation" classname="TestFieldInfo" runstate="Runnable" seed="1" result="Passed" label="Test creating a FieldInfo instance." start-time="2026-01-10 10:53:09.104315" end-time="2026-01-10 10:53:09.104851" duration="0.000536" asserts="0"><properties><property name="python-version" value="3.13.5 (tags/v3.13.5:6cb20a2, Jun 11 2025, 16:15:46) [MSC v.1943 64 bit (AMD64)]" /><property name="fspath" value="tests/core/test_models.py" /></properties><environment framework-version="3.6.2" clr-version="3.13.5 (tags/v3.13.5:6cb20a2, Jun 11 2025, 16:15:46) [MSC v.1943 64 bit (AMD64)]" os-version="11" platform="Windows" cwd="C:\Users\BracklyMurunga\Desktop\AI SUNDAYS\Griot\griot\griot" machine-name="AMD64" user="" user-domain="" culture="en_US" uiculture="en_US" os-architecture="64bit" /><failure><message><![CDATA[]]></message><stack-trace><![CDATA[None]]></stack-trace></failure><reason><message><![CDATA[]]></message></reason><output><![CDATA[]]></output></test-case><test-case id="147" name="tests/core/test_models.py::TestFieldInfo::test_field_info_to_dict" fullname="tests/core/test_models.py::TestFieldInfo::test_field_info_to_dict" methodname="test_field_info_to_dict" classname="TestFieldInfo" runstate="Runnable" seed="1" result="Passed" label="Test converting FieldInfo to dictionary." start-time="2026-01-10 10:53:09.105638" end-time="2026-01-10 10:53:09.107442" duration="0.001804" asserts="0"><properties><property name="python-version" value="3.13.5 (tags/v3.13.5:6cb20a2, Jun 11 2025, 16:15:46) [MSC v.1943 64 bit (AMD64)]" /><property name="fspath" value="tests/core/test_models.py" /></properties><environment framework-version="3.6.2" clr-version="3.13.5 (tags/v3.13.5:6cb20a2, Jun 11 2025, 16:15:46) [MSC v.1943 64 bit (AMD64)]" os-version="11" platform="Windows" cwd="C:\Users\BracklyMurunga\Desktop\AI SUNDAYS\Griot\griot\griot" machine-name="AMD64" user="" user-domain="" culture="en_US" uiculture="en_US" os-architecture="64bit" /><failure><message><![CDATA[]]></message><stack-trace><![CDATA[None]]></stack-trace></failure><reason><message><![CDATA[]]></message></reason><output><![CDATA[]]></output></test-case><test-case id="148" name="tests/core/test_models.py::TestFieldInfo::test_field_info_get_constraints" fullname="tests/core/test_models.py::TestFieldInfo::test_field_info_get_constraints" methodname="test_field_info_get_constraints" classname="TestFieldInfo" runstate="Runnable" seed="1" result="Passed" label="Test getting active constraints from FieldInfo." start-time="2026-01-10 10:53:09.108433" end-time="2026-01-10 10:53:09.109067" duration="0.000634" asserts="0"><properties><property name="python-version" value="3.13.5 (tags/v3.13.5:6cb20a2, Jun 11 2025, 16:15:46) [MSC v.1943 64 bit (AMD64)]" /><property name="fspath" value="tests/core/test_models.py" /></properties><environment framework-version="3.6.2" clr-version="3.13.5 (tags/v3.13.5:6cb20a2, Jun 11 2025, 16:15:46) [MSC v.1943 64 bit (AMD64)]" os-version="11" platform="Windows" cwd="C:\Users\BracklyMurunga\Desktop\AI SUNDAYS\Griot\griot\griot" machine-name="AMD64" user="" user-domain="" culture="en_US" uiculture="en_US" os-architecture="64bit" /><failure><message><![CDATA[]]></message><stack-trace><![CDATA[None]]></stack-trace></failure><reason><message><![CDATA[]]></message></reason><output><![CDATA[]]></output></test-case><environment framework-version="3.6.2" clr-version="3.13.5 (tags/v3.13.5:6cb20a2, Jun 11 2025, 16:15:46) [MSC v.1943 64 bit (AMD64)]" os-version="11" platform="Windows" cwd="C:\Users\BracklyMurunga\Desktop\AI SUNDAYS\Griot\griot\griot" machine-name="AMD64" user="" user-domain="" culture="en_US" uiculture="en_US" os-architecture="64bit" /></test-suite><test-suite id="tests/core/test_validation.py::TestFormatValidators" name="tests/core/test_validation.py::TestFormatValidators" fullname="tests/core/test_validation.py::TestFormatValidators" methodname="" classname="" runstate="Runnable" type="Assembly" testcasecount="6" result="Passed" label="Tests for built-in format validators." start-time="2026-01-10 10:53:09.193253" end-time="2026-01-10 10:53:09.208047" duration="0.014794" asserts="0" total="6" passed="6" failed="0" warnings="0" inconclusive="0" skipped="0"><properties><property name="python_version" value="3.13.5 (tags/v3.13.5:6cb20a2, Jun 11 2025, 16:15:46) [MSC v.1943 64 bit (AMD64)]" /></properties><test-case id="215" name="tests/core/test_validation.py::TestFormatValidators::test_uuid_format" fullname="tests/core/test_validation.py::TestFormatValidators::test_uuid_format" methodname="test_uuid_format" classname="TestFormatValidators" runstate="Runnable" seed="1" result="Passed" label="Test UUID format validation." start-time="2026-01-10 10:53:09.193253" end-time="2026-01-10 10:53:09.194581" duration="0.001328" asserts="0"><properties><property name="python-version" value="3.13.5 (tags/v3.13.5:6cb20a2, Jun 11 2025, 16:15:46) [MSC v.1943 64 bit (AMD64)]" /><property name="fspath" value="tests/core/test_validation.py" /></properties><environment framework-version="3.6.2" clr-version="3.13.5 (tags/v3.13.5:6cb20a2, Jun 11 2025, 16:15:46) [MSC v.1943 64 bit (AMD64)]" os-version="11" platform="Windows" cwd="C:\Users\BracklyMurunga\Desktop\AI SUNDAYS\Griot\griot\griot" machine-name="AMD64" user="" user-domain="" culture="en_US" uiculture="en_US" os-architecture="64bit" /><failure><message><![CDATA[]]></message><stack-trace><![CDATA[None]]></stack-trace></failure><reason><message><![CDATA[]]></message></reason><output><![CDATA[]]></output></test-case><test-case id="216" name="tests/core/test_validation.py::TestFormatValidators::test_date_format" fullname="tests/core/test_validation.py::TestFormatValidators::test_date_format" methodname="test_date_format" classname="TestFormatValidators" runstate="Runnable" seed="1" result="Passed" label="Test date format validation." start-time="2026-01-10 10:53:09.195041" end-time="2026-01-10 10:53:09.196173" duration="0.001132" asserts="0"><properties><property name="python-version" value="3.13.5 (tags/v3.13.5:6cb20a2, Jun 11 2025, 16:15:46) [MSC v.1943 64 bit (AMD64)]" /><property name="fspath" value="tests/core/test_validation.py" /></properties><environment framework-version="3.6.2" clr-version="3.13.5 (tags/v3.13.5:6cb20a2, Jun 11 2025, 16:15:46) [MSC v.1943 64 bit (AMD64)]" os-version="11" platform="Windows" cwd="C:\Users\BracklyMurunga\Desktop\AI SUNDAYS\Griot\griot\griot" machine-name="AMD64" user="" user-domain="" culture="en_US" uiculture="en_US" os-architecture="64bit" /><failure><message><![CDATA[]]></message><stack-trace><![CDATA[None]]></stack-trace></failure><reason><message><![CDATA[]]></message></reason><output><![CDATA[]]></output></test-case><test-case id="217" name="tests/core/test_validation.py::TestFormatValidators::test_datetime_format" fullname="tests/core/test_validation.py::TestFormatValidators::test_datetime_format" methodname="test_datetime_format" classname="TestFormatValidators" runstate="Runnable" seed="1" result="Passed" label="Test datetime format validation." start-time="2026-01-10 10:53:09.196579" end-time="2026-01-10 10:53:09.199877" duration="0.003298" asserts="0"><properties><property name="python-version" value="3.13.5 (tags/v3.13.5:6cb20a2, Jun 11 2025, 16:15:46) [MSC v.1943 64 bit (AMD64)]" /><property name="fspath" value="tests/core/test_validation.py" /></properties><environment framework-version="3.6.2" clr-version="3.13.5 (tags/v3.13.5:6cb20a2, Jun 11 2025, 16:15:46) [MSC v.1943 64 bit (AMD64)]" os-version="11" platform="Windows" cwd="C:\Users\BracklyMurunga\Desktop\AI SUNDAYS\Griot\griot\griot" machine-name="AMD64" user="" user-domain="" culture="en_US" uiculture="en_US" os-architecture="64bit" /><failure><message><![CDATA[]]></message><stack-trace><![CDATA[None]]></stack-trace></failure><reason><message><![CDATA[]]></message></reason><output><![CDATA[]]></output></test-case><test-case id="218" name="tests/core/test_validation.py::TestFormatValidators::test_uri_format" fullname="tests/core/test_validation.py::TestFormatValidators::test_uri_format" methodname="test_uri_format" classname="TestFormatValidators" runstate="Runnable" seed="1" result="Passed" label="Test URI format validation." start-time="2026-01-10 10:53:09.200342" end-time="2026-01-10 10:53:09.203752" duration="0.00341" asserts="0"><properties><property name="python-version" value="3.13.5 (tags/v3.13.5:6cb20a2, Jun 11 2025, 16:15:46) [MSC v.1943 64 bit (AMD64)]" /><property name="fspath" value="tests/core/test_validation.py" /></properties><environment framework-version="3.6.2" clr-version="3.13.5 (tags/v3.13.5:6cb20a2, Jun 11 2025, 16:15:46) [MSC v.1943 64 bit (AMD64)]" os-version="11" platform="Windows" cwd="C:\Users\BracklyMurunga\Desktop\AI SUNDAYS\Griot\griot\griot" machine-name="AMD64" user="" user-domain="" culture="en_US" uiculture="en_US" os-architecture="64bit" /><failure><message><![CDATA[]]></message><stack-trace><![CDATA[None]]></stack-trace></failure><reason><message><![CDATA[]]></message></reason><output><![CDATA[]]></output></test-case><test-case id="219" name="tests/core/test_validation.py::TestFormatValidators::test_ipv4_format" fullname="tests/core/test_validation.py::TestFormatValidators::test_ipv4_format" methodname="test_ipv4_format" classname="TestFormatValidators" runstate="Runnable" seed="1" result="Passed" label="Test IPv4 format validation." start-time="2026-01-10 10:53:09.204870" end-time="2026-01-10 10:53:09.206267" duration="0.001397" asserts="0"><properties><property name="python-version" value="3.13.5 (tags/v3.13.5:6cb20a2, Jun 11 2025, 16:15:46) [MSC v.1943 64 bit (AMD64)]" /><property name="fspath" value="tests/core/test_validation.py" /></properties><environment framework-version="3.6.2" clr-version="3.13.5 (tags/v3.13.5:6cb20a2, Jun 11 2025, 16:15:46) [MSC v.1943 64 bit (AMD64)]" os-version="11" platform="Windows" cwd="C:\Users\BracklyMurunga\Desktop\AI SUNDAYS\Griot\griot\griot" machine-name="AMD64" user="" user-domain="" culture="en_US" uiculture="en_US" os-architecture="64bit" /><failure><message><![CDATA[]]></message><stack-trace><![CDATA[None]]></stack-trace></failure><reason><message><![CDATA[]]></message></reason><output><![CDATA[]]></output></test-case><test-case id="220" name="tests/core/test_validation.py::TestFormatValidators::test_hostname_format" fullname="tests/core/test_validation.py::TestFormatValidators::test_hostname_format" methodname="test_hostname_format" classname="TestFormatValidators" runstate="Runnable" seed="1" result="Passed" label="Test hostname format validation." start-time="2026-01-10 10:53:09.206876" end-time="2026-01-10 10:53:09.208047" duration="0.001171" asserts="0"><properties><property name="python-version" value="3.13.5 (tags/v3.13.5:6cb20a2, Jun 11 2025, 16:15:46) [MSC v.1943 64 bit (AMD64)]" /><property name="fspath" value="tests/core/test_validation.py" /></properties><environment framework-version="3.6.2" clr-version="3.13.5 (tags/v3.13.5:6cb20a2, Jun 11 2025, 16:15:46) [MSC v.1943 64 bit (AMD64)]" os-version="11" platform="Windows" cwd="C:\Users\BracklyMurunga\Desktop\AI SUNDAYS\Griot\griot\griot" machine-name="AMD64" user="" user-domain="" culture="en_US" uiculture="en_US" os-architecture="64bit" /><failure><message><![CDATA[]]></message><stack-trace><![CDATA[None]]></stack-trace></failure><reason><message><![CDATA[]]></message></reason><output><![CDATA[]]></output></test-case><environment framework-version="3.6.2" clr-version="3.13.5 (tags/v3.13.5:6cb20a2, Jun 11 2025, 16:15:46) [MSC v.1943 64 bit (AMD64)]" os-version="11" platform="Windows" cwd="C:\Users\BracklyMurunga\Desktop\AI SUNDAYS\Griot\griot\griot" machine-name="AMD64" user="" user-domain="" culture="en_US" uiculture="en_US" os-architecture="64bit" /></test-suite><test-suite id="tests/core/test_benchmark.py::TestMemoryEfficiency" name="tests/core/test_benchmark.py::TestMemoryEfficiency" fullname="tests/core/test_benchmark.py::TestMemoryEfficiency" methodname="" classname="" runstate="Runnable" type="Assembly" testcasecount="1" result="Passed" label="Memory efficiency tests for validation." start-time="2026-01-10 10:53:08.103112" end-time="2026-01-10 10:53:08.943822" duration="0.84071" asserts="0" total="1" passed="1" failed="0" warnings="0" inconclusive="0" skipped="0"><properties><property name="python_version" value="3.13.5 (tags/v3.13.5:6cb20a2, Jun 11 2025, 16:15:46) [MSC v.1943 64 bit (AMD64)]" /></properties><test-case id="103" name="tests/core/test_benchmark.py::TestMemoryEfficiency::test_large_dataset_doesnt_explode_memory" fullname="tests/core/test_benchmark.py::TestMemoryEfficiency::test_large_dataset_doesnt_explode_memory" methodname="test_large_dataset_doesnt_explode_memory" classname="TestMemoryEfficiency" runstate="Runnable" seed="1" result="Passed" label="Test that validating large datasets is memory efficient." start-time="2026-01-10 10:53:08.103112" end-time="2026-01-10 10:53:08.943822" duration="0.84071" asserts="0"><properties><property name="python-version" value="3.13.5 (tags/v3.13.5:6cb20a2, Jun 11 2025, 16:15:46) [MSC v.1943 64 bit (AMD64)]" /><property name="fspath" value="tests/core/test_benchmark.py" /></properties><environment framework-version="3.6.2" clr-version="3.13.5 (tags/v3.13.5:6cb20a2, Jun 11 2025, 16:15:46) [MSC v.1943 64 bit (AMD64)]" os-version="11" platform="Windows" cwd="C:\Users\BracklyMurunga\Desktop\AI SUNDAYS\Griot\griot\griot" machine-name="AMD64" user="" user-domain="" culture="en_US" uiculture="en_US" os-architecture="64bit" /><failure><message><![CDATA[]]></message><stack-trace><![CDATA[None]]></stack-trace></failure><reason><message><![CDATA[]]></message></reason><output><![CDATA[]]></output></test-case><environment framework-version="3.6.2" clr-version="3.13.5 (tags/v3.13.5:6cb20a2, Jun 11 2025, 16:15:46) [MSC v.1943 64 bit (AMD64)]" os-version="11" platform="Windows" cwd="C:\Users\BracklyMurunga\Desktop\AI SUNDAYS\Griot\griot\griot" machine-name="AMD64" user="" user-domain="" culture="en_US" uiculture="en_US" os-architecture="64bit" /></test-suite><test-suite id="tests/core/test_models.py::TestField" name="tests/core/test_models.py::TestField" fullname="tests/core/test_models.py::TestField" methodname="" classname="" runstate="Runnable" type="Assembly" testcasecount="18" result="Passed" label="Tests for Field class." start-time="2026-01-10 10:53:09.083511" end-time="2026-01-10 10:53:09.103830" duration="0.020319" asserts="0" total="18" passed="18" failed="0" warnings="0" inconclusive="0" skipped="0"><properties><property name="python_version" value="3.13.5 (tags/v3.13.5:6cb20a2, Jun 11 2025, 16:15:46) [MSC v.1943 64 bit (AMD64)]" /></properties><test-case id="128" name="tests/core/test_models.py::TestField::test_field_creation_basic" fullname="tests/core/test_models.py::TestField::test_field_creation_basic" methodname="test_field_creation_basic" classname="TestField" runstate="Runnable" seed="1" result="Passed" label="Test creating a basic field with description." start-time="2026-01-10 10:53:09.083511" end-time="2026-01-10 10:53:09.084002" duration="0.000491" asserts="0"><properties><property name="python-version" value="3.13.5 (tags/v3.13.5:6cb20a2, Jun 11 2025, 16:15:46) [MSC v.1943 64 bit (AMD64)]" /><property name="fspath" value="tests/core/test_models.py" /></properties><environment framework-version="3.6.2" clr-version="3.13.5 (tags/v3.13.5:6cb20a2, Jun 11 2025, 16:15:46) [MSC v.1943 64 bit (AMD64)]" os-version="11" platform="Windows" cwd="C:\Users\BracklyMurunga\Desktop\AI SUNDAYS\Griot\griot\griot" machine-name="AMD64" user="" user-domain="" culture="en_US" uiculture="en_US" os-architecture="64bit" /><failure><message><![CDATA[]]></message><stack-trace><![CDATA[None]]></stack-trace></failure><reason><message><![CDATA[]]></message></reason><output><![CDATA[]]></output></test-case><test-case id="129" name="tests/core/test_models.py::TestField::test_field_with_string_constraints" fullname="tests/core/test_models.py::TestField::test_field_with_string_constraints" methodname="test_field_with_string_constraints" classname="TestField" runstate="Runnable" seed="1" result="Passed" label="Test field with string-specific constraints." start-time="2026-01-10 10:53:09.084406" end-time="2026-01-10 10:53:09.084876" duration="0.00047" asserts="0"><properties><property name="python-version" value="3.13.5 (tags/v3.13.5:6cb20a2, Jun 11 2025, 16:15:46) [MSC v.1943 64 bit (AMD64)]" /><property name="fspath" value="tests/core/test_models.py" /></properties><environment framework-version="3.6.2" clr-version="3.13.5 (tags/v3.13.5:6cb20a2, Jun 11 2025, 16:15:46) [MSC v.1943 64 bit (AMD64)]" os-version="11" platform="Windows" cwd="C:\Users\BracklyMurunga\Desktop\AI SUNDAYS\Griot\griot\griot" machine-name="AMD64" user="" user-domain="" culture="en_US" uiculture="en_US" os-architecture="64bit" /><failure><message><![CDATA[]]></message><stack-trace><![CDATA[None]]></stack-trace></failure><reason><message><![CDATA[]]></message></reason><output><![CDATA[]]></output></test-case><test-case id="130" name="tests/core/test_models.py::TestField::test_field_with_pattern" fullname="tests/core/test_models.py::TestField::test_field_with_pattern" methodname="test_field_with_pattern" classname="TestField" runstate="Runnable" seed="1" result="Passed" label="Test field with regex pattern." start-time="2026-01-10 10:53:09.085257" end-time="2026-01-10 10:53:09.085705" duration="0.000448" asserts="0"><properties><property name="python-version" value="3.13.5 (tags/v3.13.5:6cb20a2, Jun 11 2025, 16:15:46) [MSC v.1943 64 bit (AMD64)]" /><property name="fspath" value="tests/core/test_models.py" /></properties><environment framework-version="3.6.2" clr-version="3.13.5 (tags/v3.13.5:6cb20a2, Jun 11 2025, 16:15:46) [MSC v.1943 64 bit (AMD64)]" os-version="11" platform="Windows" cwd="C:\Users\BracklyMurunga\Desktop\AI SUNDAYS\Griot\griot\griot" machine-name="AMD64" user="" user-domain="" culture="en_US" uiculture="en_US" os-architecture="64bit" /><failure><message><![CDATA[]]></message><stack-trace><![CDATA[None]]></stack-trace></failure><reason><message><![CDATA[]]></message></reason><output><![CDATA[]]></output></test-case><test-case id="131" name="tests/core/test_models.py::TestField::test_field_with_invalid_pattern_raises" fullname="tests/core/test_models.py::TestField::test_field_with_invalid_pattern_raises" methodname="test_field_with_invalid_pattern_raises" classname="TestField" runstate="Runnable" seed="1" result="Passed" label="Test that invalid regex pattern raises ValueError." start-time="2026-01-10 10:53:09.086071" end-time="2026-01-10 10:53:09.087142" duration="0.001071" asserts="0"><properties><property name="python-version" value="3.13.5 (tags/v3.13.5:6cb20a2, Jun 11 2025, 16:15:46) [MSC v.1943 64 bit (AMD64)]" /><property name="fspath" value="tests/core/test_models.py" /></properties><environment framework-version="3.6.2" clr-version="3.13.5 (tags/v3.13.5:6cb20a2, Jun 11 2025, 16:15:46) [MSC v.1943 64 bit (AMD64)]" os-version="11" platform="Windows" cwd="C:\Users\BracklyMurunga\Desktop\AI SUNDAYS\Griot\griot\griot" machine-name="AMD64" user="" user-domain="" culture="en_US" uiculture="en_US" os-architecture="64bit" /><failure><message><![CDATA[]]></message><stack-trace><![CDATA[None]]></stack-trace></failure><reason><message><![CDATA[]]></message></reason><output><![CDATA[]]></output></test-case><test-case id="132" name="tests/core/test_models.py::TestField::test_field_with_numeric_constraints" fullname="tests/core/test_models.py::TestField::test_field_with_numeric_constraints" methodname="test_field_with_numeric_constraints" classname="TestField" runstate="Runnable" seed="1" result="Passed" label="Test field with numeric constraints." start-time="2026-01-10 10:53:09.087590" end-time="2026-01-10 10:53:09.088085" duration="0.000495" asserts="0"><properties><property name="python-version" value="3.13.5 (tags/v3.13.5:6cb20a2, Jun 11 2025, 16:15:46) [MSC v.1943 64 bit (AMD64)]" /><property name="fspath" value="tests/core/test_models.py" /></properties><environment framework-version="3.6.2" clr-version="3.13.5 (tags/v3.13.5:6cb20a2, Jun 11 2025, 16:15:46) [MSC v.1943 64 bit (AMD64)]" os-version="11" platform="Windows" cwd="C:\Users\BracklyMurunga\Desktop\AI SUNDAYS\Griot\griot\griot" machine-name="AMD64" user="" user-domain="" culture="en_US" uiculture="en_US" os-architecture="64bit" /><failure><message><![CDATA[]]></message><stack-trace><![CDATA[None]]></stack-trace></failure><reason><message><![CDATA[]]></message></reason><output><![CDATA[]]></output></test-case><test-case id="133" name="tests/core/test_models.py::TestField::test_field_ge_gt_conflict_raises" fullname="tests/core/test_models.py::TestField::test_field_ge_gt_conflict_raises" methodname="test_field_ge_gt_conflict_raises" classname="TestField" runstate="Runnable" seed="1" result="Passed" label="Test that specifying both ge and gt raises ValueError." start-time="2026-01-10 10:53:09.088478" end-time="2026-01-10 10:53:09.089257" duration="0.000779" asserts="0"><properties><property name="python-version" value="3.13.5 (tags/v3.13.5:6cb20a2, Jun 11 2025, 16:15:46) [MSC v.1943 64 bit (AMD64)]" /><property name="fspath" value="tests/core/test_models.py" /></properties><environment framework-version="3.6.2" clr-version="3.13.5 (tags/v3.13.5:6cb20a2, Jun 11 2025, 16:15:46) [MSC v.1943 64 bit (AMD64)]" os-version="11" platform="Windows" cwd="C:\Users\BracklyMurunga\Desktop\AI SUNDAYS\Griot\griot\griot" machine-name="AMD64" user="" user-domain="" culture="en_US" uiculture="en_US" os-architecture="64bit" /><failure><message><![CDATA[]]></message><stack-trace><![CDATA[None]]></stack-trace></failure><reason><message><![CDATA[]]></message></reason><output><![CDATA[]]></output></test-case><test-case id="134" name="tests/core/test_models.py::TestField::test_field_le_lt_conflict_raises" fullname="tests/core/test_models.py::TestField::test_field_le_lt_conflict_raises" methodname="test_field_le_lt_conflict_raises" classname="TestField" runstate="Runnable" seed="1" result="Passed" label="Test that specifying both le and lt raises ValueError." start-time="2026-01-10 10:53:09.090509" end-time="2026-01-10 10:53:09.092087" duration="0.001578" asserts="0"><properties><property name="python-version" value="3.13.5 (tags/v3.13.5:6cb20a2, Jun 11 2025, 16:15:46) [MSC v.1943 64 bit (AMD64)]" /><property name="fspath" value="tests/core/test_models.py" /></properties><environment framework-version="3.6.2" clr-version="3.13.5 (tags/v3.13.5:6cb20a2, Jun 11 2025, 16:15:46) [MSC v.1943 64 bit (AMD64)]" os-version="11" platform="Windows" cwd="C:\Users\BracklyMurunga\Desktop\AI SUNDAYS\Griot\griot\griot" machine-name="AMD64" user="" user-domain="" culture="en_US" uiculture="en_US" os-architecture="64bit" /><failure><message><![CDATA[]]></message><stack-trace><![CDATA[None]]></stack-trace></failure><reason><message><![CDATA[]]></message></reason><output><![CDATA[]]></output></test-case><test-case id="135" name="tests/core/test_models.py::TestField::test_field_invalid_range_raises" fullname="tests/core/test_models.py::TestField::test_field_invalid_range_raises" methodname="test_field_invalid_range_raises" classname="TestField" runstate="Runnable" seed="1" result="Passed" label="Test that invalid ranges raise ValueError." start-time="2026-01-10 10:53:09.092696" end-time="2026-01-10 10:53:09.093357" duration="0.000661" asserts="0"><properties><property name="python-version" value="3.13.5 (tags/v3.13.5:6cb20a2, Jun 11 2025, 16:15:46) [MSC v.1943 64 bit (AMD64)]" /><property name="fspath" value="tests/core/test_models.py" /></properties><environment framework-version="3.6.2" clr-version="3.13.5 (tags/v3.13.5:6cb20a2, Jun 11 2025, 16:15:46) [MSC v.1943 64 bit (AMD64)]" os-version="11" platform="Windows" cwd="C:\Users\BracklyMurunga\Desktop\AI SUNDAYS\Griot\griot\griot" machine-name="AMD64" user="" user-domain="" culture="en_US" uiculture="en_US" os-architecture="64bit" /><failure><message><![CDATA[]]></message><stack-trace><![CDATA[None]]></stack-trace></failure><reason><message><![CDATA[]]></message></reason><output><![CDATA[]]></output></test-case><test-case id="136" name="tests/core/test_models.py::TestField::test_field_invalid_length_range_raises" fullname="tests/core/test_models.py::TestField::test_field_invalid_length_range_raises" methodname="test_field_invalid_length_range_raises" classname="TestField" runstate="Runnable" seed="1" result="Passed" label="Test that min_length &gt; max_length raises ValueError." start-time="2026-01-10 10:53:09.093828" end-time="2026-01-10 10:53:09.094568" duration="0.00074" asserts="0"><properties><property name="python-version" value="3.13.5 (tags/v3.13.5:6cb20a2, Jun 11 2025, 16:15:46) [MSC v.1943 64 bit (AMD64)]" /><property name="fspath" value="tests/core/test_models.py" /></properties><environment framework-version="3.6.2" clr-version="3.13.5 (tags/v3.13.5:6cb20a2, Jun 11 2025, 16:15:46) [MSC v.1943 64 bit (AMD64)]" os-version="11" platform="Windows" cwd="C:\Users\BracklyMurunga\Desktop\AI SUNDAYS\Griot\griot\griot" machine-name="AMD64" user="" user-domain="" culture="en_US" uiculture="en_US" os-architecture="64bit" /><failure><message><![CDATA[]]></message><stack-trace><![CDATA[None]]></stack-trace></failure><reason><message><![CDATA[]]></message></reason><output><![CDATA[]]></output></test-case><test-case id="137" name="tests/core/test_models.py::TestField::test_field_with_enum" fullname="tests/core/test_models.py::TestField::test_field_with_enum" methodname="test_field_with_enum" classname="TestField" runstate="Runnable" seed="1" result="Passed" label="Test field with enum constraint." start-time="2026-01-10 10:53:09.095029" end-time="2026-01-10 10:53:09.095563" duration="0.000534" asserts="0"><properties><property name="python-version" value="3.13.5 (tags/v3.13.5:6cb20a2, Jun 11 2025, 16:15:46) [MSC v.1943 64 bit (AMD64)]" /><property name="fspath" value="tests/core/test_models.py" /></properties><environment framework-version="3.6.2" clr-version="3.13.5 (tags/v3.13.5:6cb20a2, Jun 11 2025, 16:15:46) [MSC v.1943 64 bit (AMD64)]" os-version="11" platform="Windows" cwd="C:\Users\BracklyMurunga\Desktop\AI SUNDAYS\Griot\griot\griot" machine-name="AMD64" user="" user-domain="" culture="en_US" uiculture="en_US" os-architecture="64bit" /><failure><message><![CDATA[]]></message><stack-trace><![CDATA[None]]></stack-trace></failure><reason><message><![CDATA[]]></message></reason><output><![CDATA[]]></output></test-case><test-case id="138" name="tests/core/test_models.py::TestField::test_field_with_default" fullname="tests/core/test_models.py::TestField::test_field_with_default" methodname="test_field_with_default" classname="TestField" runstate="Runnable" seed="1" result="Passed" label="Test field with default value." start-time="2026-01-10 10:53:09.095995" end-time="2026-01-10 10:53:09.096494" duration="0.000499" asserts="0"><properties><property name="python-version" value="3.13.5 (tags/v3.13.5:6cb20a2, Jun 11 2025, 16:15:46) [MSC v.1943 64 bit (AMD64)]" /><property name="fspath" value="tests/core/test_models.py" /></properties><environment framework-version="3.6.2" clr-version="3.13.5 (tags/v3.13.5:6cb20a2, Jun 11 2025, 16:15:46) [MSC v.1943 64 bit (AMD64)]" os-version="11" platform="Windows" cwd="C:\Users\BracklyMurunga\Desktop\AI SUNDAYS\Griot\griot\griot" machine-name="AMD64" user="" user-domain="" culture="en_US" uiculture="en_US" os-architecture="64bit" /><failure><message><![CDATA[]]></message><stack-trace><![CDATA[None]]></stack-trace></failure><reason><message><![CDATA[]]></message></reason><output><![CDATA[]]></output></test-case><test-case id="139" name="tests/core/test_models.py::TestField::test_field_without_default" fullname="tests/core/test_models.py::TestField::test_field_without_default" methodname="test_field_without_default" classname="TestField" runstate="Runnable" seed="1" result="Passed" label="Test field without default value." start-time="2026-01-10 10:53:09.096916" end-time="2026-01-10 10:53:09.097418" duration="0.000502" asserts="0"><properties><property name="python-version" value="3.13.5 (tags/v3.13.5:6cb20a2, Jun 11 2025, 16:15:46) [MSC v.1943 64 bit (AMD64)]" /><property name="fspath" value="tests/core/test_models.py" /></properties><environment framework-version="3.6.2" clr-version="3.13.5 (tags/v3.13.5:6cb20a2, Jun 11 2025, 16:15:46) [MSC v.1943 64 bit (AMD64)]" os-version="11" platform="Windows" cwd="C:\Users\BracklyMurunga\Desktop\AI SUNDAYS\Griot\griot\griot" machine-name="AMD64" user="" user-domain="" culture="en_US" uiculture="en_US" os-architecture="64bit" /><failure><message><![CDATA[]]></message><stack-trace><![CDATA[None]]></stack-trace></failure><reason><message><![CDATA[]]></message></reason><output><![CDATA[]]></output></test-case><test-case id="140" name="tests/core/test_models.py::TestField::test_field_with_default_factory" fullname="tests/core/test_models.py::TestField::test_field_with_default_factory" methodname="test_field_with_default_factory" classname="TestField" runstate="Runnable" seed="1" result="Passed" label="Test field with default factory." start-time="2026-01-10 10:53:09.097856" end-time="2026-01-10 10:53:09.098360" duration="0.000504" asserts="0"><properties><property name="python-version" value="3.13.5 (tags/v3.13.5:6cb20a2, Jun 11 2025, 16:15:46) [MSC v.1943 64 bit (AMD64)]" /><property name="fspath" value="tests/core/test_models.py" /></properties><environment framework-version="3.6.2" clr-version="3.13.5 (tags/v3.13.5:6cb20a2, Jun 11 2025, 16:15:46) [MSC v.1943 64 bit (AMD64)]" os-version="11" platform="Windows" cwd="C:\Users\BracklyMurunga\Desktop\AI SUNDAYS\Griot\griot\griot" machine-name="AMD64" user="" user-domain="" culture="en_US" uiculture="en_US" os-architecture="64bit" /><failure><message><![CDATA[]]></message><stack-trace><![CDATA[None]]></stack-trace></failure><reason><message><![CDATA[]]></message></reason><output><![CDATA[]]></output></test-case><test-case id="141" name="tests/core/test_models.py::TestField::test_field_default_and_factory_conflict" fullname="tests/core/test_models.py::TestField::test_field_default_and_factory_conflict" methodname="test_field_default_and_factory_conflict" classname="TestField" runstate="Runnable" seed="1" result="Passed" label="Test that specifying both default and default_factory raises." start-time="2026-01-10 10:53:09.098990" end-time="2026-01-10 10:53:09.099786" duration="0.000796" asserts="0"><properties><property name="python-version" value="3.13.5 (tags/v3.13.5:6cb20a2, Jun 11 2025, 16:15:46) [MSC v.1943 64 bit (AMD64)]" /><property name="fspath" value="tests/core/test_models.py" /></properties><environment framework-version="3.6.2" clr-version="3.13.5 (tags/v3.13.5:6cb20a2, Jun 11 2025, 16:15:46) [MSC v.1943 64 bit (AMD64)]" os-version="11" platform="Windows" cwd="C:\Users\BracklyMurunga\Desktop\AI SUNDAYS\Griot\griot\griot" machine-name="AMD64" user="" user-domain="" culture="en_US" uiculture="en_US" os-architecture="64bit" /><failure><message><![CDATA[]]></message><stack-trace><![CDATA[None]]></stack-trace></failure><reason><message><![CDATA[]]></message></reason><output><![CDATA[]]></output></test-case><test-case id="142" name="tests/core/test_models.py::TestField::test_field_with_aggregation" fullname="tests/core/test_models.py::TestField::test_field_with_aggregation" methodname="test_field_with_aggregation" classname="TestField" runstate="Runnable" seed="1" result="Passed" label="Test field with aggregation hint." start-time="2026-01-10 10:53:09.100246" end-time="2026-01-10 10:53:09.100881" duration="0.000635" asserts="0"><properties><property name="python-version" value="3.13.5 (tags/v3.13.5:6cb20a2, Jun 11 2025, 16:15:46) [MSC v.1943 64 bit (AMD64)]" /><property name="fspath" value="tests/core/test_models.py" /></properties><environment framework-version="3.6.2" clr-version="3.13.5 (tags/v3.13.5:6cb20a2, Jun 11 2025, 16:15:46) [MSC v.1943 64 bit (AMD64)]" os-version="11" platform="Windows" cwd="C:\Users\BracklyMurunga\Desktop\AI SUNDAYS\Griot\griot\griot" machine-name="AMD64" user="" user-domain="" culture="en_US" uiculture="en_US" os-architecture="64bit" /><failure><message><![CDATA[]]></message><stack-trace><![CDATA[None]]></stack-trace></failure><reason><message><![CDATA[]]></message></reason><output><![CDATA[]]></output></test-case><test-case id="143" name="tests/core/test_models.py::TestField::test_field_with_glossary_term" fullname="tests/core/test_models.py::TestField::test_field_with_glossary_term" methodname="test_field_with_glossary_term" classname="TestField" runstate="Runnable" seed="1" result="Passed" label="Test field with glossary term reference." start-time="2026-01-10 10:53:09.101301" end-time="2026-01-10 10:53:09.101752" duration="0.000451" asserts="0"><properties><property name="python-version" value="3.13.5 (tags/v3.13.5:6cb20a2, Jun 11 2025, 16:15:46) [MSC v.1943 64 bit (AMD64)]" /><property name="fspath" value="tests/core/test_models.py" /></properties><environment framework-version="3.6.2" clr-version="3.13.5 (tags/v3.13.5:6cb20a2, Jun 11 2025, 16:15:46) [MSC v.1943 64 bit (AMD64)]" os-version="11" platform="Windows" cwd="C:\Users\BracklyMurunga\Desktop\AI SUNDAYS\Griot\griot\griot" machine-name="AMD64" user="" user-domain="" culture="en_US" uiculture="en_US" os-architecture="64bit" /><failure><message><![CDATA[]]></message><stack-trace><![CDATA[None]]></stack-trace></failure><reason><message><![CDATA[]]></message></reason><output><![CDATA[]]></output></test-case><test-case id="144" name="tests/core/test_models.py::TestField::test_field_repr" fullname="tests/core/test_models.py::TestField::test_field_repr" methodname="test_field_repr" classname="TestField" runstate="Runnable" seed="1" result="Passed" label="Test field string representation." start-time="2026-01-10 10:53:09.102125" end-time="2026-01-10 10:53:09.102731" duration="0.000606" asserts="0"><properties><property name="python-version" value="3.13.5 (tags/v3.13.5:6cb20a2, Jun 11 2025, 16:15:46) [MSC v.1943 64 bit (AMD64)]" /><property name="fspath" value="tests/core/test_models.py" /></properties><environment framework-version="3.6.2" clr-version="3.13.5 (tags/v3.13.5:6cb20a2, Jun 11 2025, 16:15:46) [MSC v.1943 64 bit (AMD64)]" os-version="11" platform="Windows" cwd="C:\Users\BracklyMurunga\Desktop\AI SUNDAYS\Griot\griot\griot" machine-name="AMD64" user="" user-domain="" culture="en_US" uiculture="en_US" os-architecture="64bit" /><failure><message><![CDATA[]]></message><stack-trace><![CDATA[None]]></stack-trace></failure><reason><message><![CDATA[]]></message></reason><output><![CDATA[]]></output></test-case><test-case id="145" name="tests/core/test_models.py::TestField::test_field_to_field_info" fullname="tests/core/test_models.py::TestField::test_field_to_field_info" methodname="test_field_to_field_info" classname="TestField" runstate="Runnable" seed="1" result="Passed" label="Test converting Field to FieldInfo." start-time="2026-01-10 10:53:09.103225" end-time="2026-01-10 10:53:09.103830" duration="0.000605" asserts="0"><properties><property name="python-version" value="3.13.5 (tags/v3.13.5:6cb20a2, Jun 11 2025, 16:15:46) [MSC v.1943 64 bit (AMD64)]" /><property name="fspath" value="tests/core/test_models.py" /></properties><environment framework-version="3.6.2" clr-version="3.13.5 (tags/v3.13.5:6cb20a2, Jun 11 2025, 16:15:46) [MSC v.1943 64 bit (AMD64)]" os-version="11" platform="Windows" cwd="C:\Users\BracklyMurunga\Desktop\AI SUNDAYS\Griot\griot\griot" machine-name="AMD64" user="" user-domain="" culture="en_US" uiculture="en_US" os-architecture="64bit" /><failure><message><![CDATA[]]></message><stack-trace><![CDATA[None]]></stack-trace></failure><reason><message><![CDATA[]]></message></reason><output><![CDATA[]]></output></test-case><environment framework-version="3.6.2" clr-version="3.13.5 (tags/v3.13.5:6cb20a2, Jun 11 2025, 16:15:46) [MSC v.1943 64 bit (AMD64)]" os-version="11" platform="Windows" cwd="C:\Users\BracklyMurunga\Desktop\AI SUNDAYS\Griot\griot\griot" machine-name="AMD64" user="" user-domain="" culture="en_US" uiculture="en_US" os-architecture="64bit" /></test-suite><test-suite id="tests/core/test_exceptions.py::TestContractNotFoundError" name="tests/core/test_exceptions.py::TestContractNotFoundError" fullname="tests/core/test_exceptions.py::TestContractNotFoundError" methodname="" classname="" runstate="Runnable" type="Assembly" testcasecount="2" result="Passed" label="Tests for ContractNotFoundError." start-time="2026-01-10 10:53:09.067746" end-time="2026-01-10 10:53:09.069173" duration="0.001427" asserts="0" total="2" passed="2" failed="0" warnings="0" inconclusive="0" skipped="0"><properties><property name="python_version" value="3.13.5 (tags/v3.13.5:6cb20a2, Jun 11 2025, 16:15:46) [MSC v.1943 64 bit (AMD64)]" /></properties><test-case id="113" name="tests/core/test_exceptions.py::TestContractNotFoundError::test_contract_not_found_error" fullname="tests/core/test_exceptions.py::TestContractNotFoundError::test_contract_not_found_error" methodname="test_contract_not_found_error" classname="TestContractNotFoundError" runstate="Runnable" s
[...]
test_stats_to_dict" classname="TestFieldStats" runstate="Runnable" seed="1" result="Passed" label="Test converting stats to dictionary." start-time="2026-01-10 10:53:09.150242" end-time="2026-01-10 10:53:09.150770" duration="0.000528" asserts="0"><properties><property name="python-version" value="3.13.5 (tags/v3.13.5:6cb20a2, Jun 11 2025, 16:15:46) [MSC v.1943 64 bit (AMD64)]" /><property name="fspath" value="tests/core/test_validation.py" /></properties><environment framework-version="3.6.2" clr-version="3.13.5 (tags/v3.13.5:6cb20a2, Jun 11 2025, 16:15:46) [MSC v.1943 64 bit (AMD64)]" os-version="11" platform="Windows" cwd="C:\Users\BracklyMurunga\Desktop\AI SUNDAYS\Griot\griot\griot" machine-name="AMD64" user="" user-domain="" culture="en_US" uiculture="en_US" os-architecture="64bit" /><failure><message><![CDATA[]]></message><stack-trace><![CDATA[None]]></stack-trace></failure><reason><message><![CDATA[]]></message></reason><output><![CDATA[]]></output></test-case><environment framework-version="3.6.2" clr-version="3.13.5 (tags/v3.13.5:6cb20a2, Jun 11 2025, 16:15:46) [MSC v.1943 64 bit (AMD64)]" os-version="11" platform="Windows" cwd="C:\Users\BracklyMurunga\Desktop\AI SUNDAYS\Griot\griot\griot" machine-name="AMD64" user="" user-domain="" culture="en_US" uiculture="en_US" os-architecture="64bit" /></test-suite><test-suite id="tests/core/test_types.py::TestFieldFormat" name="tests/core/test_types.py::TestFieldFormat" fullname="tests/core/test_types.py::TestFieldFormat" methodname="" classname="" runstate="Runnable" type="Assembly" testcasecount="3" result="Passed" label="Tests for FieldFormat enum." start-time="2026-01-10 10:53:09.130232" end-time="2026-01-10 10:53:09.132500" duration="0.002268" asserts="0" total="3" passed="3" failed="0" warnings="0" inconclusive="0" skipped="0"><properties><property name="python_version" value="3.13.5 (tags/v3.13.5:6cb20a2, Jun 11 2025, 16:15:46) [MSC v.1943 64 bit (AMD64)]" /></properties><test-case id="165" name="tests/core/test_types.py::TestFieldFormat::test_all_formats_exist" fullname="tests/core/test_types.py::TestFieldFormat::test_all_formats_exist" methodname="test_all_formats_exist" classname="TestFieldFormat" runstate="Runnable" seed="1" result="Passed" label="Verify all expected field formats are defined." start-time="2026-01-10 10:53:09.130232" end-time="2026-01-10 10:53:09.130842" duration="0.00061" asserts="0"><properties><property name="python-version" value="3.13.5 (tags/v3.13.5:6cb20a2, Jun 11 2025, 16:15:46) [MSC v.1943 64 bit (AMD64)]" /><property name="fspath" value="tests/core/test_types.py" /></properties><environment framework-version="3.6.2" clr-version="3.13.5 (tags/v3.13.5:6cb20a2, Jun 11 2025, 16:15:46) [MSC v.1943 64 bit (AMD64)]" os-version="11" platform="Windows" cwd="C:\Users\BracklyMurunga\Desktop\AI SUNDAYS\Griot\griot\griot" machine-name="AMD64" user="" user-domain="" culture="en_US" uiculture="en_US" os-architecture="64bit" /><failure><message><![CDATA[]]></message><stack-trace><![CDATA[None]]></stack-trace></failure><reason><message><![CDATA[]]></message></reason><output><![CDATA[]]></output></test-case><test-case id="166" name="tests/core/test_types.py::TestFieldFormat::test_format_values" fullname="tests/core/test_types.py::TestFieldFormat::test_format_values" methodname="test_format_values" classname="TestFieldFormat" runstate="Runnable" seed="1" result="Passed" label="Verify format string values." start-time="2026-01-10 10:53:09.131248" end-time="2026-01-10 10:53:09.131695" duration="0.000447" asserts="0"><properties><property name="python-version" value="3.13.5 (tags/v3.13.5:6cb20a2, Jun 11 2025, 16:15:46) [MSC v.1943 64 bit (AMD64)]" /><property name="fspath" value="tests/core/test_types.py" /></properties><environment framework-version="3.6.2" clr-version="3.13.5 (tags/v3.13.5:6cb20a2, Jun 11 2025, 16:15:46) [MSC v.1943 64 bit (AMD64)]" os-version="11" platform="Windows" cwd="C:\Users\BracklyMurunga\Desktop\AI SUNDAYS\Griot\griot\griot" machine-name="AMD64" user="" user-domain="" culture="en_US" uiculture="en_US" os-architecture="64bit" /><failure><message><![CDATA[]]></message><stack-trace><![CDATA[None]]></stack-trace></failure><reason><message><![CDATA[]]></message></reason><output><![CDATA[]]></output></test-case><test-case id="167" name="tests/core/test_types.py::TestFieldFormat::test_format_from_string" fullname="tests/core/test_types.py::TestFieldFormat::test_format_from_string" methodname="test_format_from_string" classname="TestFieldFormat" runstate="Runnable" seed="1" result="Passed" label="Test creating FieldFormat from string value." start-time="2026-01-10 10:53:09.132062" end-time="2026-01-10 10:53:09.132500" duration="0.000438" asserts="0"><properties><property name="python-version" value="3.13.5 (tags/v3.13.5:6cb20a2, Jun 11 2025, 16:15:46) [MSC v.1943 64 bit (AMD64)]" /><property name="fspath" value="tests/core/test_types.py" /></properties><environment framework-version="3.6.2" clr-version="3.13.5 (tags/v3.13.5:6cb20a2, Jun 11 2025, 16:15:46) [MSC v.1943 64 bit (AMD64)]" os-version="11" platform="Windows" cwd="C:\Users\BracklyMurunga\Desktop\AI SUNDAYS\Griot\griot\griot" machine-name="AMD64" user="" user-domain="" culture="en_US" uiculture="en_US" os-architecture="64bit" /><failure><message><![CDATA[]]></message><stack-trace><![CDATA[None]]></stack-trace></failure><reason><message><![CDATA[]]></message></reason><output><![CDATA[]]></output></test-case><environment framework-version="3.6.2" clr-version="3.13.5 (tags/v3.13.5:6cb20a2, Jun 11 2025, 16:15:46) [MSC v.1943 64 bit (AMD64)]" os-version="11" platform="Windows" cwd="C:\Users\BracklyMurunga\Desktop\AI SUNDAYS\Griot\griot\griot" machine-name="AMD64" user="" user-domain="" culture="en_US" uiculture="en_US" os-architecture="64bit" /></test-suite><test-suite id="tests/core/test_validation.py::TestValidateData" name="tests/core/test_validation.py::TestValidateData" fullname="tests/core/test_validation.py::TestValidateData" methodname="" classname="" runstate="Runnable" type="Assembly" testcasecount="8" result="Passed" label="Tests for validate_data function." start-time="2026-01-10 10:53:09.181444" end-time="2026-01-10 10:53:09.192749" duration="0.011305" asserts="0" total="8" passed="8" failed="0" warnings="0" inconclusive="0" skipped="0"><properties><property name="python_version" value="3.13.5 (tags/v3.13.5:6cb20a2, Jun 11 2025, 16:15:46) [MSC v.1943 64 bit (AMD64)]" /></properties><test-case id="207" name="tests/core/test_validation.py::TestValidateData::test_validate_empty_data" fullname="tests/core/test_validation.py::TestValidateData::test_validate_empty_data" methodname="test_validate_empty_data" classname="TestValidateData" runstate="Runnable" seed="1" result="Passed" label="Test validating empty dataset." start-time="2026-01-10 10:53:09.181444" end-time="2026-01-10 10:53:09.182000" duration="0.000556" asserts="0"><properties><property name="python-version" value="3.13.5 (tags/v3.13.5:6cb20a2, Jun 11 2025, 16:15:46) [MSC v.1943 64 bit (AMD64)]" /><property name="fspath" value="tests/core/test_validation.py" /></properties><environment framework-version="3.6.2" clr-version="3.13.5 (tags/v3.13.5:6cb20a2, Jun 11 2025, 16:15:46) [MSC v.1943 64 bit (AMD64)]" os-version="11" platform="Windows" cwd="C:\Users\BracklyMurunga\Desktop\AI SUNDAYS\Griot\griot\griot" machine-name="AMD64" user="" user-domain="" culture="en_US" uiculture="en_US" os-architecture="64bit" /><failure><message><![CDATA[]]></message><stack-trace><![CDATA[None]]></stack-trace></failure><reason><message><![CDATA[]]></message></reason><output><![CDATA[]]></output></test-case><test-case id="208" name="tests/core/test_validation.py::TestValidateData::test_validate_single_valid_row" fullname="tests/core/test_validation.py::TestValidateData::test_validate_single_valid_row" methodname="test_validate_single_valid_row" classname="TestValidateData" runstate="Runnable" seed="1" result="Passed" label="Test validating a single valid row." start-time="2026-01-10 10:53:09.182463" end-time="2026-01-10 10:53:09.183091" duration="0.000628" asserts="0"><properties><property name="python-version" value="3.13.5 (tags/v3.13.5:6cb20a2, Jun 11 2025, 16:15:46) [MSC v.1943 64 bit (AMD64)]" /><property name="fspath" value="tests/core/test_validation.py" /></properties><environment framework-version="3.6.2" clr-version="3.13.5 (tags/v3.13.5:6cb20a2, Jun 11 2025, 16:15:46) [MSC v.1943 64 bit (AMD64)]" os-version="11" platform="Windows" cwd="C:\Users\BracklyMurunga\Desktop\AI SUNDAYS\Griot\griot\griot" machine-name="AMD64" user="" user-domain="" culture="en_US" uiculture="en_US" os-architecture="64bit" /><failure><message><![CDATA[]]></message><stack-trace><![CDATA[None]]></stack-trace></failure><reason><message><![CDATA[]]></message></reason><output><![CDATA[]]></output></test-case><test-case id="209" name="tests/core/test_validation.py::TestValidateData::test_validate_multiple_valid_rows" fullname="tests/core/test_validation.py::TestValidateData::test_validate_multiple_valid_rows" methodname="test_validate_multiple_valid_rows" classname="TestValidateData" runstate="Runnable" seed="1" result="Passed" label="Test validating multiple valid rows." start-time="2026-01-10 10:53:09.183851" end-time="2026-01-10 10:53:09.185285" duration="0.001434" asserts="0"><properties><property name="python-version" value="3.13.5 (tags/v3.13.5:6cb20a2, Jun 11 2025, 16:15:46) [MSC v.1943 64 bit (AMD64)]" /><property name="fspath" value="tests/core/test_validation.py" /></properties><environment framework-version="3.6.2" clr-version="3.13.5 (tags/v3.13.5:6cb20a2, Jun 11 2025, 16:15:46) [MSC v.1943 64 bit (AMD64)]" os-version="11" platform="Windows" cwd="C:\Users\BracklyMurunga\Desktop\AI SUNDAYS\Griot\griot\griot" machine-name="AMD64" user="" user-domain="" culture="en_US" uiculture="en_US" os-architecture="64bit" /><failure><message><![CDATA[]]></message><stack-trace><![CDATA[None]]></stack-trace></failure><reason><message><![CDATA[]]></message></reason><output><![CDATA[]]></output></test-case><test-case id="210" name="tests/core/test_validation.py::TestValidateData::test_validate_invalid_rows" fullname="tests/core/test_validation.py::TestValidateData::test_validate_invalid_rows" methodname="test_validate_invalid_rows" classname="TestValidateData" runstate="Runnable" seed="1" result="Passed" label="Test validating invalid rows." start-time="2026-01-10 10:53:09.186167" end-time="2026-01-10 10:53:09.187115" duration="0.000948" asserts="0"><properties><property name="python-version" value="3.13.5 (tags/v3.13.5:6cb20a2, Jun 11 2025, 16:15:46) [MSC v.1943 64 bit (AMD64)]" /><property name="fspath" value="tests/core/test_validation.py" /></properties><environment framework-version="3.6.2" clr-version="3.13.5 (tags/v3.13.5:6cb20a2, Jun 11 2025, 16:15:46) [MSC v.1943 64 bit (AMD64)]" os-version="11" platform="Windows" cwd="C:\Users\BracklyMurunga\Desktop\AI SUNDAYS\Griot\griot\griot" machine-name="AMD64" user="" user-domain="" culture="en_US" uiculture="en_US" os-architecture="64bit" /><failure><message><![CDATA[]]></message><stack-trace><![CDATA[None]]></stack-trace></failure><reason><message><![CDATA[]]></message></reason><output><![CDATA[]]></output></test-case><test-case id="211" name="tests/core/test_validation.py::TestValidateData::test_validate_missing_required_field" fullname="tests/core/test_validation.py::TestValidateData::test_validate_missing_required_field" methodname="test_validate_missing_required_field" classname="TestValidateData" runstate="Runnable" seed="1" result="Passed" label="Test validation catches missing required fields." start-time="2026-01-10 10:53:09.187781" end-time="2026-01-10 10:53:09.188713" duration="0.000932" asserts="0"><properties><property name="python-version" value="3.13.5 (tags/v3.13.5:6cb20a2, Jun 11 2025, 16:15:46) [MSC v.1943 64 bit (AMD64)]" /><property name="fspath" value="tests/core/test_validation.py" /></properties><environment framework-version="3.6.2" clr-version="3.13.5 (tags/v3.13.5:6cb20a2, Jun 11 2025, 16:15:46) [MSC v.1943 64 bit (AMD64)]" os-version="11" platform="Windows" cwd="C:\Users\BracklyMurunga\Desktop\AI SUNDAYS\Griot\griot\griot" machine-name="AMD64" user="" user-domain="" culture="en_US" uiculture="en_US" os-architecture="64bit" /><failure><message><![CDATA[]]></message><stack-trace><![CDATA[None]]></stack-trace></failure><reason><message><![CDATA[]]></message></reason><output><![CDATA[]]></output></test-case><test-case id="212" name="tests/core/test_validation.py::TestValidateData::test_validate_uniqueness" fullname="tests/core/test_validation.py::TestValidateData::test_validate_uniqueness" methodname="test_validate_uniqueness" classname="TestValidateData" runstate="Runnable" seed="1" result="Passed" label="Test uniqueness constraint validation." start-time="2026-01-10 10:53:09.189300" end-time="2026-01-10 10:53:09.190228" duration="0.000928" asserts="0"><properties><property name="python-version" value="3.13.5 (tags/v3.13.5:6cb20a2, Jun 11 2025, 16:15:46) [MSC v.1943 64 bit (AMD64)]" /><property name="fspath" value="tests/core/test_validation.py" /></properties><environment framework-version="3.6.2" clr-version="3.13.5 (tags/v3.13.5:6cb20a2, Jun 11 2025, 16:15:46) [MSC v.1943 64 bit (AMD64)]" os-version="11" platform="Windows" cwd="C:\Users\BracklyMurunga\Desktop\AI SUNDAYS\Griot\griot\griot" machine-name="AMD64" user="" user-domain="" culture="en_US" uiculture="en_US" os-architecture="64bit" /><failure><message><![CDATA[]]></message><stack-trace><![CDATA[None]]></stack-trace></failure><reason><message><![CDATA[]]></message></reason><output><![CDATA[]]></output></test-case><test-case id="213" name="tests/core/test_validation.py::TestValidateData::test_validate_field_stats" fullname="tests/core/test_validation.py::TestValidateData::test_validate_field_stats" methodname="test_validate_field_stats" classname="TestValidateData" runstate="Runnable" seed="1" result="Passed" label="Test that field stats are populated." start-time="2026-01-10 10:53:09.190773" end-time="2026-01-10 10:53:09.191634" duration="0.000861" asserts="0"><properties><property name="python-version" value="3.13.5 (tags/v3.13.5:6cb20a2, Jun 11 2025, 16:15:46) [MSC v.1943 64 bit (AMD64)]" /><property name="fspath" value="tests/core/test_validation.py" /></properties><environment framework-version="3.6.2" clr-version="3.13.5 (tags/v3.13.5:6cb20a2, Jun 11 2025, 16:15:46) [MSC v.1943 64 bit (AMD64)]" os-version="11" platform="Windows" cwd="C:\Users\BracklyMurunga\Desktop\AI SUNDAYS\Griot\griot\griot" machine-name="AMD64" user="" user-domain="" culture="en_US" uiculture="en_US" os-architecture="64bit" /><failure><message><![CDATA[]]></message><stack-trace><![CDATA[None]]></stack-trace></failure><reason><message><![CDATA[]]></message></reason><output><![CDATA[]]></output></test-case><test-case id="214" name="tests/core/test_validation.py::TestValidateData::test_validate_duration_tracked" fullname="tests/core/test_validation.py::TestValidateData::test_validate_duration_tracked" methodname="test_validate_duration_tracked" classname="TestValidateData" runstate="Runnable" seed="1" result="Passed" label="Test that validation duration is tracked." start-time="2026-01-10 10:53:09.192116" end-time="2026-01-10 10:53:09.192749" duration="0.000633" asserts="0"><properties><property name="python-version" value="3.13.5 (tags/v3.13.5:6cb20a2, Jun 11 2025, 16:15:46) [MSC v.1943 64 bit (AMD64)]" /><property name="fspath" value="tests/core/test_validation.py" /></properties><environment framework-version="3.6.2" clr-version="3.13.5 (tags/v3.13.5:6cb20a2, Jun 11 2025, 16:15:46) [MSC v.1943 64 bit (AMD64)]" os-version="11" platform="Windows" cwd="C:\Users\BracklyMurunga\Desktop\AI SUNDAYS\Griot\griot\griot" machine-name="AMD64" user="" user-domain="" culture="en_US" uiculture="en_US" os-architecture="64bit" /><failure><message><![CDATA[]]></message><stack-trace><![CDATA[None]]></stack-trace></failure><reason><message><![CDATA[]]></message></reason><output><![CDATA[]]></output></test-case><environment framework-version="3.6.2" clr-version="3.13.5 (tags/v3.13.5:6cb20a2, Jun 11 2025, 16:15:46) [MSC v.1943 64 bit (AMD64)]" os-version="11" platform="Windows" cwd="C:\Users\BracklyMurunga\Desktop\AI SUNDAYS\Griot\griot\griot" machine-name="AMD64" user="" user-domain="" culture="en_US" uiculture="en_US" os-architecture="64bit" /></test-suite><test-suite id="tests/core/test_exceptions.py::TestExceptionHierarchy" name="tests/core/test_exceptions.py::TestExceptionHierarchy" fullname="tests/core/test_exceptions.py::TestExceptionHierarchy" methodname="" classname="" runstate="Runnable" type="Assembly" testcasecount="2" result="Passed" label="Tests for exception hierarchy relationships." start-time="2026-01-10 10:53:09.081429" end-time="2026-01-10 10:53:09.082818" duration="0.001389" asserts="0" total="2" passed="2" failed="0" warnings="0" inconclusive="0" skipped="0"><properties><property name="python_version" value="3.13.5 (tags/v3.13.5:6cb20a2, Jun 11 2025, 16:15:46) [MSC v.1943 64 bit (AMD64)]" /></properties><test-case id="126" name="tests/core/test_exceptions.py::TestExceptionHierarchy::test_all_exceptions_inherit_from_griot_error" fullname="tests/core/test_exceptions.py::TestExceptionHierarchy::test_all_exceptions_inherit_from_griot_error" methodname="test_all_exceptions_inherit_from_griot_error" classname="TestExceptionHierarchy" runstate="Runnable" seed="1" result="Passed" label="Verify all custom exceptions inherit from GriotError." start-time="2026-01-10 10:53:09.081429" end-time="2026-01-10 10:53:09.081884" duration="0.000455" asserts="0"><properties><property name="python-version" value="3.13.5 (tags/v3.13.5:6cb20a2, Jun 11 2025, 16:15:46) [MSC v.1943 64 bit (AMD64)]" /><property name="fspath" value="tests/core/test_exceptions.py" /></properties><environment framework-version="3.6.2" clr-version="3.13.5 (tags/v3.13.5:6cb20a2, Jun 11 2025, 16:15:46) [MSC v.1943 64 bit (AMD64)]" os-version="11" platform="Windows" cwd="C:\Users\BracklyMurunga\Desktop\AI SUNDAYS\Griot\griot\griot" machine-name="AMD64" user="" user-domain="" culture="en_US" uiculture="en_US" os-architecture="64bit" /><failure><message><![CDATA[]]></message><stack-trace><![CDATA[None]]></stack-trace></failure><reason><message><![CDATA[]]></message></reason><output><![CDATA[]]></output></test-case><test-case id="127" name="tests/core/test_exceptions.py::TestExceptionHierarchy::test_exceptions_can_be_caught_by_base" fullname="tests/core/test_exceptions.py::TestExceptionHierarchy::test_exceptions_can_be_caught_by_base" methodname="test_exceptions_can_be_caught_by_base" classname="TestExceptionHierarchy" runstate="Runnable" seed="1" result="Passed" label="Test that all exceptions can be caught by GriotError." start-time="2026-01-10 10:53:09.082264" end-time="2026-01-10 10:53:09.082818" duration="0.000554" asserts="0"><properties><property name="python-version" value="3.13.5 (tags/v3.13.5:6cb20a2, Jun 11 2025, 16:15:46) [MSC v.1943 64 bit (AMD64)]" /><property name="fspath" value="tests/core/test_exceptions.py" /></properties><environment framework-version="3.6.2" clr-version="3.13.5 (tags/v3.13.5:6cb20a2, Jun 11 2025, 16:15:46) [MSC v.1943 64 bit (AMD64)]" os-version="11" platform="Windows" cwd="C:\Users\BracklyMurunga\Desktop\AI SUNDAYS\Griot\griot\griot" machine-name="AMD64" user="" user-domain="" culture="en_US" uiculture="en_US" os-architecture="64bit" /><failure><message><![CDATA[]]></message><stack-trace><![CDATA[None]]></stack-trace></failure><reason><message><![CDATA[]]></message></reason><output><![CDATA[]]></output></test-case><environment framework-version="3.6.2" clr-version="3.13.5 (tags/v3.13.5:6cb20a2, Jun 11 2025, 16:15:46) [MSC v.1943 64 bit (AMD64)]" os-version="11" platform="Windows" cwd="C:\Users\BracklyMurunga\Desktop\AI SUNDAYS\Griot\griot\griot" machine-name="AMD64" user="" user-domain="" culture="en_US" uiculture="en_US" os-architecture="64bit" /></test-suite></test-run>